<?xml version="1.0" encoding="UTF-8"?>
<robot generator="Robot 3.1.2 (Python 3.7.1 on linux)" generated="20200309 09:54:28.760" rpa="false">
<suite id="s1" name="Tests" source="/home/local/luoyumo/Desktop/microblog_backend/tests/robot_tests/Tests">
<suite id="s1-s1" name="Discover" source="/home/local/luoyumo/Desktop/microblog_backend/tests/robot_tests/Tests/Discover.robot">
<test id="s1-s1-t1" name="Can blogs of all users">
<kw name="Test Setup" type="setup">
<kw name="Begin Web Test" library="Common">
<kw name="Open Browser" library="SeleniumLibrary">
<doc>Opens a new browser instance to the optional ``url``.</doc>
<arguments>
<arg>about:blank</arg>
<arg>chrome</arg>
</arguments>
<msg timestamp="20200309 09:54:28.939" level="INFO">Opening browser 'chrome' to base url 'about:blank'.</msg>
<status status="PASS" starttime="20200309 09:54:28.938" endtime="20200309 09:54:30.859"></status>
</kw>
<kw name="Set Selenium Speed" library="SeleniumLibrary">
<doc>Sets the delay that is waited after each Selenium command.</doc>
<arguments>
<arg>0</arg>
</arguments>
<status status="PASS" starttime="20200309 09:54:30.860" endtime="20200309 09:54:30.860"></status>
</kw>
<kw name="Maximize Browser Window" library="SeleniumLibrary">
<doc>Maximizes current browser window.</doc>
<status status="PASS" starttime="20200309 09:54:30.860" endtime="20200309 09:54:30.979"></status>
</kw>
<status status="PASS" starttime="20200309 09:54:28.938" endtime="20200309 09:54:30.979"></status>
</kw>
<kw name="Register and login for other operations" library="App">
<arguments>
<arg>${USERNAME_1}</arg>
<arg>${PWD_1}</arg>
</arguments>
<kw name="Register a new user successfully" library="App">
<arguments>
<arg>${USERNAME}</arg>
<arg>${PWD}</arg>
</arguments>
<kw name="Go to register page" library="RegisterPage">
<kw name="Load" library="LandingPage">
<kw name="Go To" library="SeleniumLibrary">
<doc>Navigates the current browser window to the provided ``url``.</doc>
<arguments>
<arg>${START_URL}</arg>
</arguments>
<msg timestamp="20200309 09:54:30.994" level="INFO">Opening url 'http://localhost:3003'</msg>
<status status="PASS" starttime="20200309 09:54:30.994" endtime="20200309 09:54:31.372"></status>
</kw>
<status status="PASS" starttime="20200309 09:54:30.992" endtime="20200309 09:54:31.372"></status>
</kw>
<kw name="Verify Page Loaded" library="LandingPage">
<kw name="Wait Until Page Contains" library="SeleniumLibrary">
<doc>Waits until ``text`` appears on the current page.</doc>
<arguments>
<arg>Welcome to our Microblog Platform!</arg>
</arguments>
<status status="PASS" starttime="20200309 09:54:31.373" endtime="20200309 09:54:31.405"></status>
</kw>
<status status="PASS" starttime="20200309 09:54:31.373" endtime="20200309 09:54:31.405"></status>
</kw>
<kw name="Click Element" library="SeleniumLibrary">
<doc>Click the element identified by ``locator``.</doc>
<arguments>
<arg>${REGISTER_MENU}</arg>
</arguments>
<msg timestamp="20200309 09:54:31.405" level="INFO">Clicking element 'id=registerMenu'.</msg>
<status status="PASS" starttime="20200309 09:54:31.405" endtime="20200309 09:54:31.543"></status>
</kw>
<kw name="Wait Until Page Contains Element" library="SeleniumLibrary">
<doc>Waits until the element ``locator`` appears on the current page.</doc>
<arguments>
<arg>${SIGN_UP_HEADING}</arg>
</arguments>
<status status="PASS" starttime="20200309 09:54:31.543" endtime="20200309 09:54:31.581"></status>
</kw>
<status status="PASS" starttime="20200309 09:54:30.990" endtime="20200309 09:54:31.581"></status>
</kw>
<kw name="Start register" library="RegisterPage">
<arguments>
<arg>${USERNAME}</arg>
<arg>${PWD}</arg>
<arg>${PWD}</arg>
</arguments>
<kw name="Input Text" library="SeleniumLibrary">
<doc>Types the given ``text`` into the text field identified by ``locator``.</doc>
<arguments>
<arg>${REGISTER_USERNAME_FIELD}</arg>
<arg>${USERNAME}</arg>
</arguments>
<msg timestamp="20200309 09:54:31.582" level="INFO">Typing text 'testuser' into text field 'id=userName'.</msg>
<status status="PASS" starttime="20200309 09:54:31.582" endtime="20200309 09:54:31.794"></status>
</kw>
<kw name="Input Text" library="SeleniumLibrary">
<doc>Types the given ``text`` into the text field identified by ``locator``.</doc>
<arguments>
<arg>${REGISTER_PWD_FIELD}</arg>
<arg>${PWD}</arg>
</arguments>
<msg timestamp="20200309 09:54:31.796" level="INFO">Typing text 'testPwd' into text field 'id=pwd'.</msg>
<status status="PASS" starttime="20200309 09:54:31.795" endtime="20200309 09:54:32.004"></status>
</kw>
<kw name="Input Text" library="SeleniumLibrary">
<doc>Types the given ``text`` into the text field identified by ``locator``.</doc>
<arguments>
<arg>${PWD_CONFIRM_FIELD}</arg>
<arg>${PWD_CONFIRM}</arg>
</arguments>
<msg timestamp="20200309 09:54:32.006" level="INFO">Typing text 'testPwd' into text field 'id=pwdConfirm'.</msg>
<status status="PASS" starttime="20200309 09:54:32.005" endtime="20200309 09:54:32.274"></status>
</kw>
<status status="PASS" starttime="20200309 09:54:31.582" endtime="20200309 09:54:32.274"></status>
</kw>
<kw name="Register succeeded" library="RegisterPage">
<kw name="Click Button" library="SeleniumLibrary">
<doc>Clicks the button identified by ``locator``.</doc>
<arguments>
<arg>${SIGN_UP_BUTTON}</arg>
</arguments>
<msg timestamp="20200309 09:54:32.277" level="INFO">Clicking button 'id=register'.</msg>
<status status="PASS" starttime="20200309 09:54:32.277" endtime="20200309 09:54:32.448"></status>
</kw>
<kw name="Wait Until Page Contains" library="SeleniumLibrary">
<doc>Waits until ``text`` appears on the current page.</doc>
<arguments>
<arg>Register succeeded</arg>
</arguments>
<status status="PASS" starttime="20200309 09:54:32.448" endtime="20200309 09:54:32.722"></status>
</kw>
<kw name="Page Should Contain" library="SeleniumLibrary">
<doc>Verifies that current page contains ``text``.</doc>
<arguments>
<arg>Log in to your account</arg>
</arguments>
<msg timestamp="20200309 09:54:32.787" level="INFO">Current page contains text 'Log in to your account'.</msg>
<status status="PASS" starttime="20200309 09:54:32.723" endtime="20200309 09:54:32.788"></status>
</kw>
<status status="PASS" starttime="20200309 09:54:32.275" endtime="20200309 09:54:32.788"></status>
</kw>
<status status="PASS" starttime="20200309 09:54:30.981" endtime="20200309 09:54:32.788"></status>
</kw>
<kw name="Login successfully" library="App">
<arguments>
<arg>${USERNAME}</arg>
<arg>${PWD}</arg>
</arguments>
<kw name="Go to login page" library="LoginPage">
<kw name="Load" library="LandingPage">
<kw name="Go To" library="SeleniumLibrary">
<doc>Navigates the current browser window to the provided ``url``.</doc>
<arguments>
<arg>${START_URL}</arg>
</arguments>
<msg timestamp="20200309 09:54:32.791" level="INFO">Opening url 'http://localhost:3003'</msg>
<status status="PASS" starttime="20200309 09:54:32.790" endtime="20200309 09:54:32.937"></status>
</kw>
<status status="PASS" starttime="20200309 09:54:32.790" endtime="20200309 09:54:32.937"></status>
</kw>
<kw name="Verify Page Loaded" library="LandingPage">
<kw name="Wait Until Page Contains" library="SeleniumLibrary">
<doc>Waits until ``text`` appears on the current page.</doc>
<arguments>
<arg>Welcome to our Microblog Platform!</arg>
</arguments>
<status status="PASS" starttime="20200309 09:54:32.938" endtime="20200309 09:54:32.958"></status>
</kw>
<status status="PASS" starttime="20200309 09:54:32.937" endtime="20200309 09:54:32.959"></status>
</kw>
<kw name="Click Element" library="SeleniumLibrary">
<doc>Click the element identified by ``locator``.</doc>
<arguments>
<arg>${LOGINMENU}</arg>
</arguments>
<msg timestamp="20200309 09:54:32.960" level="INFO">Clicking element 'id=loginMenu'.</msg>
<status status="PASS" starttime="20200309 09:54:32.959" endtime="20200309 09:54:33.037"></status>
</kw>
<kw name="Wait Until Page Contains Element" library="SeleniumLibrary">
<doc>Waits until the element ``locator`` appears on the current page.</doc>
<arguments>
<arg>${LOGIN_HEADING}</arg>
</arguments>
<status status="PASS" starttime="20200309 09:54:33.038" endtime="20200309 09:54:33.066"></status>
</kw>
<status status="PASS" starttime="20200309 09:54:32.789" endtime="20200309 09:54:33.066"></status>
</kw>
<kw name="Start login" library="LoginPage">
<arguments>
<arg>${USERNAME}</arg>
<arg>${PWD}</arg>
</arguments>
<kw name="Input Text" library="SeleniumLibrary">
<doc>Types the given ``text`` into the text field identified by ``locator``.</doc>
<arguments>
<arg>${LOGIN_USERNAME_FIELD}</arg>
<arg>${USERNAME}</arg>
</arguments>
<msg timestamp="20200309 09:54:33.068" level="INFO">Typing text 'testuser' into text field 'id=userName'.</msg>
<status status="PASS" starttime="20200309 09:54:33.067" endtime="20200309 09:54:33.298"></status>
</kw>
<kw name="Input Text" library="SeleniumLibrary">
<doc>Types the given ``text`` into the text field identified by ``locator``.</doc>
<arguments>
<arg>${LOGIN_PWD_FIELD}</arg>
<arg>${PWD}</arg>
</arguments>
<msg timestamp="20200309 09:54:33.298" level="INFO">Typing text 'testPwd' into text field 'id=pwd'.</msg>
<status status="PASS" starttime="20200309 09:54:33.298" endtime="20200309 09:54:33.534"></status>
</kw>
<kw name="Click Button" library="SeleniumLibrary">
<doc>Clicks the button identified by ``locator``.</doc>
<arguments>
<arg>${LOGIN_BUTTON}</arg>
</arguments>
<msg timestamp="20200309 09:54:33.539" level="INFO">Clicking button 'id=loginButton'.</msg>
<status status="PASS" starttime="20200309 09:54:33.537" endtime="20200309 09:54:33.681"></status>
</kw>
<status status="PASS" starttime="20200309 09:54:33.067" endtime="20200309 09:54:33.682"></status>
</kw>
<kw name="Login succeeded" library="LoginPage">
<kw name="Wait Until Page Contains" library="SeleniumLibrary">
<doc>Waits until ``text`` appears on the current page.</doc>
<arguments>
<arg>You have logged in</arg>
</arguments>
<status status="PASS" starttime="20200309 09:54:33.683" endtime="20200309 09:54:33.790"></status>
</kw>
<kw name="Page Should Contain" library="SeleniumLibrary">
<doc>Verifies that current page contains ``text``.</doc>
<arguments>
<arg>Home</arg>
</arguments>
<msg timestamp="20200309 09:54:33.823" level="INFO">Current page contains text 'Home'.</msg>
<status status="PASS" starttime="20200309 09:54:33.792" endtime="20200309 09:54:33.823"></status>
</kw>
<status status="PASS" starttime="20200309 09:54:33.682" endtime="20200309 09:54:33.825"></status>
</kw>
<status status="PASS" starttime="20200309 09:54:32.788" endtime="20200309 09:54:33.826"></status>
</kw>
<status status="PASS" starttime="20200309 09:54:30.979" endtime="20200309 09:54:33.826"></status>
</kw>
<status status="PASS" starttime="20200309 09:54:28.938" endtime="20200309 09:54:33.826"></status>
</kw>
<kw name="Add a blog without images" library="App">
<arguments>
<arg>@{BLOGS}[0]</arg>
</arguments>
<kw name="Add a blog without image" library="HomePage">
<arguments>
<arg>${CONTENT}</arg>
</arguments>
<kw name="Input Text" library="SeleniumLibrary">
<doc>Types the given ``text`` into the text field identified by ``locator``.</doc>
<arguments>
<arg>${BLOG_TEXT_FIELD}</arg>
<arg>${BLOG_CONTNT}</arg>
</arguments>
<msg timestamp="20200309 09:54:33.828" level="INFO">Typing text 'blog1' into text field 'id=blogTextField'.</msg>
<status status="PASS" starttime="20200309 09:54:33.827" endtime="20200309 09:54:33.945"></status>
</kw>
<kw name="Click Button" library="SeleniumLibrary">
<doc>Clicks the button identified by ``locator``.</doc>
<arguments>
<arg>${PUBLISH_BLOG_BUTTON}</arg>
</arguments>
<msg timestamp="20200309 09:54:33.946" level="INFO">Clicking button 'id=publishBlogButton'.</msg>
<status status="PASS" starttime="20200309 09:54:33.945" endtime="20200309 09:54:34.072"></status>
</kw>
<status status="PASS" starttime="20200309 09:54:33.827" endtime="20200309 09:54:34.072"></status>
</kw>
<kw name="Blog has been published successfully" library="HomePage">
<kw name="Wait Until Page Contains" library="SeleniumLibrary">
<doc>Waits until ``text`` appears on the current page.</doc>
<arguments>
<arg>You created a blog</arg>
</arguments>
<status status="PASS" starttime="20200309 09:54:34.074" endtime="20200309 09:54:34.328"></status>
</kw>
<status status="PASS" starttime="20200309 09:54:34.072" endtime="20200309 09:54:34.329"></status>
</kw>
<status status="PASS" starttime="20200309 09:54:33.826" endtime="20200309 09:54:34.329"></status>
</kw>
<kw name="Logout" library="App">
<kw name="Logout" library="SettingPage">
<kw name="Go to setting page" library="SettingPage">
<kw name="Click Element" library="SeleniumLibrary">
<doc>Click the element identified by ``locator``.</doc>
<arguments>
<arg>${SETTING_DROPDOWN}</arg>
</arguments>
<msg timestamp="20200309 09:54:34.334" level="INFO">Clicking element 'id=settingDropdown'.</msg>
<status status="PASS" starttime="20200309 09:54:34.333" endtime="20200309 09:54:34.448"></status>
</kw>
<status status="PASS" starttime="20200309 09:54:34.332" endtime="20200309 09:54:34.448"></status>
</kw>
<kw name="Click Button" library="SeleniumLibrary">
<doc>Clicks the button identified by ``locator``.</doc>
<arguments>
<arg>${LOGOUT_BUTTON}</arg>
</arguments>
<msg timestamp="20200309 09:54:34.448" level="INFO">Clicking button 'id=logoutButton'.</msg>
<status status="PASS" starttime="20200309 09:54:34.448" endtime="20200309 09:54:34.611"></status>
</kw>
<kw name="Wait Until Page Contains" library="SeleniumLibrary">
<doc>Waits until ``text`` appears on the current page.</doc>
<arguments>
<arg>Log in to your account</arg>
</arguments>
<status status="PASS" starttime="20200309 09:54:34.611" endtime="20200309 09:54:34.627"></status>
</kw>
<status status="PASS" starttime="20200309 09:54:34.331" endtime="20200309 09:54:34.627"></status>
</kw>
<status status="PASS" starttime="20200309 09:54:34.330" endtime="20200309 09:54:34.627"></status>
</kw>
<kw name="Register and login for other operations" library="App">
<arguments>
<arg>${USERNAME_2}</arg>
<arg>${PWD_2}</arg>
</arguments>
<kw name="Register a new user successfully" library="App">
<arguments>
<arg>${USERNAME}</arg>
<arg>${PWD}</arg>
</arguments>
<kw name="Go to register page" library="RegisterPage">
<kw name="Load" library="LandingPage">
<kw name="Go To" library="SeleniumLibrary">
<doc>Navigates the current browser window to the provided ``url``.</doc>
<arguments>
<arg>${START_URL}</arg>
</arguments>
<msg timestamp="20200309 09:54:34.629" level="INFO">Opening url 'http://localhost:3003'</msg>
<status status="PASS" starttime="20200309 09:54:34.628" endtime="20200309 09:54:34.741"></status>
</kw>
<status status="PASS" starttime="20200309 09:54:34.628" endtime="20200309 09:54:34.741"></status>
</kw>
<kw name="Verify Page Loaded" library="LandingPage">
<kw name="Wait Until Page Contains" library="SeleniumLibrary">
<doc>Waits until ``text`` appears on the current page.</doc>
<arguments>
<arg>Welcome to our Microblog Platform!</arg>
</arguments>
<status status="PASS" starttime="20200309 09:54:34.742" endtime="20200309 09:54:34.762"></status>
</kw>
<status status="PASS" starttime="20200309 09:54:34.741" endtime="20200309 09:54:34.763"></status>
</kw>
<kw name="Click Element" library="SeleniumLibrary">
<doc>Click the element identified by ``locator``.</doc>
<arguments>
<arg>${REGISTER_MENU}</arg>
</arguments>
<msg timestamp="20200309 09:54:34.763" level="INFO">Clicking element 'id=registerMenu'.</msg>
<status status="PASS" starttime="20200309 09:54:34.763" endtime="20200309 09:54:34.851"></status>
</kw>
<kw name="Wait Until Page Contains Element" library="SeleniumLibrary">
<doc>Waits until the element ``locator`` appears on the current page.</doc>
<arguments>
<arg>${SIGN_UP_HEADING}</arg>
</arguments>
<status status="PASS" starttime="20200309 09:54:34.852" endtime="20200309 09:54:34.878"></status>
</kw>
<status status="PASS" starttime="20200309 09:54:34.628" endtime="20200309 09:54:34.878"></status>
</kw>
<kw name="Start register" library="RegisterPage">
<arguments>
<arg>${USERNAME}</arg>
<arg>${PWD}</arg>
<arg>${PWD}</arg>
</arguments>
<kw name="Input Text" library="SeleniumLibrary">
<doc>Types the given ``text`` into the text field identified by ``locator``.</doc>
<arguments>
<arg>${REGISTER_USERNAME_FIELD}</arg>
<arg>${USERNAME}</arg>
</arguments>
<msg timestamp="20200309 09:54:34.880" level="INFO">Typing text 'testUser2' into text field 'id=userName'.</msg>
<status status="PASS" starttime="20200309 09:54:34.879" endtime="20200309 09:54:35.105"></status>
</kw>
<kw name="Input Text" library="SeleniumLibrary">
<doc>Types the given ``text`` into the text field identified by ``locator``.</doc>
<arguments>
<arg>${REGISTER_PWD_FIELD}</arg>
<arg>${PWD}</arg>
</arguments>
<msg timestamp="20200309 09:54:35.110" level="INFO">Typing text 'testPwd2' into text field 'id=pwd'.</msg>
<status status="PASS" starttime="20200309 09:54:35.106" endtime="20200309 09:54:35.371"></status>
</kw>
<kw name="Input Text" library="SeleniumLibrary">
<doc>Types the given ``text`` into the text field identified by ``locator``.</doc>
<arguments>
<arg>${PWD_CONFIRM_FIELD}</arg>
<arg>${PWD_CONFIRM}</arg>
</arguments>
<msg timestamp="20200309 09:54:35.374" level="INFO">Typing text 'testPwd2' into text field 'id=pwdConfirm'.</msg>
<status status="PASS" starttime="20200309 09:54:35.372" endtime="20200309 09:54:35.601"></status>
</kw>
<status status="PASS" starttime="20200309 09:54:34.878" endtime="20200309 09:54:35.602"></status>
</kw>
<kw name="Register succeeded" library="RegisterPage">
<kw name="Click Button" library="SeleniumLibrary">
<doc>Clicks the button identified by ``locator``.</doc>
<arguments>
<arg>${SIGN_UP_BUTTON}</arg>
</arguments>
<msg timestamp="20200309 09:54:35.604" level="INFO">Clicking button 'id=register'.</msg>
<status status="PASS" starttime="20200309 09:54:35.604" endtime="20200309 09:54:35.774"></status>
</kw>
<kw name="Wait Until Page Contains" library="SeleniumLibrary">
<doc>Waits until ``text`` appears on the current page.</doc>
<arguments>
<arg>Register succeeded</arg>
</arguments>
<status status="PASS" starttime="20200309 09:54:35.774" endtime="20200309 09:54:36.000"></status>
</kw>
<kw name="Page Should Contain" library="SeleniumLibrary">
<doc>Verifies that current page contains ``text``.</doc>
<arguments>
<arg>Log in to your account</arg>
</arguments>
<msg timestamp="20200309 09:54:36.028" level="INFO">Current page contains text 'Log in to your account'.</msg>
<status status="PASS" starttime="20200309 09:54:36.000" endtime="20200309 09:54:36.029"></status>
</kw>
<status status="PASS" starttime="20200309 09:54:35.603" endtime="20200309 09:54:36.029"></status>
</kw>
<status status="PASS" starttime="20200309 09:54:34.628" endtime="20200309 09:54:36.029"></status>
</kw>
<kw name="Login successfully" library="App">
<arguments>
<arg>${USERNAME}</arg>
<arg>${PWD}</arg>
</arguments>
<kw name="Go to login page" library="LoginPage">
<kw name="Load" library="LandingPage">
<kw name="Go To" library="SeleniumLibrary">
<doc>Navigates the current browser window to the provided ``url``.</doc>
<arguments>
<arg>${START_URL}</arg>
</arguments>
<msg timestamp="20200309 09:54:36.039" level="INFO">Opening url 'http://localhost:3003'</msg>
<status status="PASS" starttime="20200309 09:54:36.037" endtime="20200309 09:54:36.231"></status>
</kw>
<status status="PASS" starttime="20200309 09:54:36.034" endtime="20200309 09:54:36.231"></status>
</kw>
<kw name="Verify Page Loaded" library="LandingPage">
<kw name="Wait Until Page Contains" library="SeleniumLibrary">
<doc>Waits until ``text`` appears on the current page.</doc>
<arguments>
<arg>Welcome to our Microblog Platform!</arg>
</arguments>
<status status="PASS" starttime="20200309 09:54:36.231" endtime="20200309 09:54:36.253"></status>
</kw>
<status status="PASS" starttime="20200309 09:54:36.231" endtime="20200309 09:54:36.253"></status>
</kw>
<kw name="Click Element" library="SeleniumLibrary">
<doc>Click the element identified by ``locator``.</doc>
<arguments>
<arg>${LOGINMENU}</arg>
</arguments>
<msg timestamp="20200309 09:54:36.253" level="INFO">Clicking element 'id=loginMenu'.</msg>
<status status="PASS" starttime="20200309 09:54:36.253" endtime="20200309 09:54:36.320"></status>
</kw>
<kw name="Wait Until Page Contains Element" library="SeleniumLibrary">
<doc>Waits until the element ``locator`` appears on the current page.</doc>
<arguments>
<arg>${LOGIN_HEADING}</arg>
</arguments>
<status status="PASS" starttime="20200309 09:54:36.320" endtime="20200309 09:54:36.348"></status>
</kw>
<status status="PASS" starttime="20200309 09:54:36.032" endtime="20200309 09:54:36.348"></status>
</kw>
<kw name="Start login" library="LoginPage">
<arguments>
<arg>${USERNAME}</arg>
<arg>${PWD}</arg>
</arguments>
<kw name="Input Text" library="SeleniumLibrary">
<doc>Types the given ``text`` into the text field identified by ``locator``.</doc>
<arguments>
<arg>${LOGIN_USERNAME_FIELD}</arg>
<arg>${USERNAME}</arg>
</arguments>
<msg timestamp="20200309 09:54:36.349" level="INFO">Typing text 'testUser2' into text field 'id=userName'.</msg>
<status status="PASS" starttime="20200309 09:54:36.349" endtime="20200309 09:54:36.561"></status>
</kw>
<kw name="Input Text" library="SeleniumLibrary">
<doc>Types the given ``text`` into the text field identified by ``locator``.</doc>
<arguments>
<arg>${LOGIN_PWD_FIELD}</arg>
<arg>${PWD}</arg>
</arguments>
<msg timestamp="20200309 09:54:36.561" level="INFO">Typing text 'testPwd2' into text field 'id=pwd'.</msg>
<status status="PASS" starttime="20200309 09:54:36.561" endtime="20200309 09:54:36.786"></status>
</kw>
<kw name="Click Button" library="SeleniumLibrary">
<doc>Clicks the button identified by ``locator``.</doc>
<arguments>
<arg>${LOGIN_BUTTON}</arg>
</arguments>
<msg timestamp="20200309 09:54:36.787" level="INFO">Clicking button 'id=loginButton'.</msg>
<status status="PASS" starttime="20200309 09:54:36.787" endtime="20200309 09:54:36.933"></status>
</kw>
<status status="PASS" starttime="20200309 09:54:36.348" endtime="20200309 09:54:36.934"></status>
</kw>
<kw name="Login succeeded" library="LoginPage">
<kw name="Wait Until Page Contains" library="SeleniumLibrary">
<doc>Waits until ``text`` appears on the current page.</doc>
<arguments>
<arg>You have logged in</arg>
</arguments>
<status status="PASS" starttime="20200309 09:54:36.935" endtime="20200309 09:54:36.998"></status>
</kw>
<kw name="Page Should Contain" library="SeleniumLibrary">
<doc>Verifies that current page contains ``text``.</doc>
<arguments>
<arg>Home</arg>
</arguments>
<msg timestamp="20200309 09:54:37.015" level="INFO">Current page contains text 'Home'.</msg>
<status status="PASS" starttime="20200309 09:54:36.998" endtime="20200309 09:54:37.015"></status>
</kw>
<status status="PASS" starttime="20200309 09:54:36.935" endtime="20200309 09:54:37.015"></status>
</kw>
<status status="PASS" starttime="20200309 09:54:36.030" endtime="20200309 09:54:37.015"></status>
</kw>
<status status="PASS" starttime="20200309 09:54:34.627" endtime="20200309 09:54:37.015"></status>
</kw>
<kw name="Add a blog without images" library="App">
<arguments>
<arg>@{BLOGS}[1]</arg>
</arguments>
<kw name="Add a blog without image" library="HomePage">
<arguments>
<arg>${CONTENT}</arg>
</arguments>
<kw name="Input Text" library="SeleniumLibrary">
<doc>Types the given ``text`` into the text field identified by ``locator``.</doc>
<arguments>
<arg>${BLOG_TEXT_FIELD}</arg>
<arg>${BLOG_CONTNT}</arg>
</arguments>
<msg timestamp="20200309 09:54:37.016" level="INFO">Typing text 'blog2' into text field 'id=blogTextField'.</msg>
<status status="PASS" starttime="20200309 09:54:37.016" endtime="20200309 09:54:37.132"></status>
</kw>
<kw name="Click Button" library="SeleniumLibrary">
<doc>Clicks the button identified by ``locator``.</doc>
<arguments>
<arg>${PUBLISH_BLOG_BUTTON}</arg>
</arguments>
<msg timestamp="20200309 09:54:37.135" level="INFO">Clicking button 'id=publishBlogButton'.</msg>
<status status="PASS" starttime="20200309 09:54:37.133" endtime="20200309 09:54:37.261"></status>
</kw>
<status status="PASS" starttime="20200309 09:54:37.016" endtime="20200309 09:54:37.261"></status>
</kw>
<kw name="Blog has been published successfully" library="HomePage">
<kw name="Wait Until Page Contains" library="SeleniumLibrary">
<doc>Waits until ``text`` appears on the current page.</doc>
<arguments>
<arg>You created a blog</arg>
</arguments>
<status status="PASS" starttime="20200309 09:54:37.262" endtime="20200309 09:54:37.508"></status>
</kw>
<status status="PASS" starttime="20200309 09:54:37.262" endtime="20200309 09:54:37.509"></status>
</kw>
<status status="PASS" starttime="20200309 09:54:37.015" endtime="20200309 09:54:37.509"></status>
</kw>
<kw name="Show blogs of all users in Discover page" library="App">
<arguments>
<arg>@{BLOGS}</arg>
</arguments>
<kw name="Go to discover page" library="DiscoverPage">
<kw name="Click Element" library="SeleniumLibrary">
<doc>Click the element identified by ``locator``.</doc>
<arguments>
<arg>${DISCOVER_MENU}</arg>
</arguments>
<msg timestamp="20200309 09:54:37.514" level="INFO">Clicking element 'id=discoverMenu'.</msg>
<status status="PASS" starttime="20200309 09:54:37.513" endtime="20200309 09:54:37.658"></status>
</kw>
<status status="PASS" starttime="20200309 09:54:37.512" endtime="20200309 09:54:37.658"></status>
</kw>
<kw name="Verify a blog loaded" library="DiscoverPage">
<arguments>
<arg>@{BLOGS}[-1]</arg>
</arguments>
<kw name="Wait Until Page Contains" library="SeleniumLibrary">
<doc>Waits until ``text`` appears on the current page.</doc>
<arguments>
<arg>${CONTENT}</arg>
</arguments>
<status status="PASS" starttime="20200309 09:54:37.659" endtime="20200309 09:54:37.921"></status>
</kw>
<status status="PASS" starttime="20200309 09:54:37.658" endtime="20200309 09:54:37.921"></status>
</kw>
<kw name="Verify a blog loaded" library="DiscoverPage">
<arguments>
<arg>@{BLOGS}[-2]</arg>
</arguments>
<kw name="Wait Until Page Contains" library="SeleniumLibrary">
<doc>Waits until ``text`` appears on the current page.</doc>
<arguments>
<arg>${CONTENT}</arg>
</arguments>
<status status="PASS" starttime="20200309 09:54:37.922" endtime="20200309 09:54:37.938"></status>
</kw>
<status status="PASS" starttime="20200309 09:54:37.921" endtime="20200309 09:54:37.938"></status>
</kw>
<status status="PASS" starttime="20200309 09:54:37.510" endtime="20200309 09:54:37.938"></status>
</kw>
<kw name="Test Teardown" type="teardown">
<kw name="Clean data" library="Database">
<kw name="Connect To Database Using Custom Params" library="DatabaseLibrary">
<doc>Loads the DB API 2.0 module given `dbapiModuleName` then uses it to
connect to the database using the map string `db_custom_param_string`.</doc>
<arguments>
<arg>pymysql</arg>
<arg>database='microblog_test', user='root', password='password', host='localhost', port=3306</arg>
</arguments>
<msg timestamp="20200309 09:54:37.986" level="INFO">Executing : Connect To Database Using Custom Params : pymysql.connect(db_api_2.connect(database='microblog_test', user='root', password='password', host='localhost', port=3306)) </msg>
<status status="PASS" starttime="20200309 09:54:37.939" endtime="20200309 09:54:37.988"></status>
</kw>
<kw name="Execute Sql Script" library="DatabaseLibrary">
<doc>Executes the content of the `sqlScriptFileName` as SQL commands. Useful for setting the database to a known
state before running your tests, or clearing out your test data after running each a test. Set optional input
`sansTran` to True to run command without an explicit transaction commit or rollback.</doc>
<arguments>
<arg>/home/local/luoyumo/Desktop/microblog_backend/tests/robot_tests/Resources${/}statement.sql</arg>
</arguments>
<msg timestamp="20200309 09:54:37.989" level="INFO">Executing : Execute SQL Script  |  /home/local/luoyumo/Desktop/microblog_backend/tests/robot_tests/Resources/statement.sql </msg>
<status status="PASS" starttime="20200309 09:54:37.988" endtime="20200309 09:54:37.999"></status>
</kw>
<status status="PASS" starttime="20200309 09:54:37.939" endtime="20200309 09:54:37.999"></status>
</kw>
<kw name="End Web Test" library="Common">
<kw name="Close Browser" library="SeleniumLibrary">
<doc>Closes the current browser.</doc>
<status status="PASS" starttime="20200309 09:54:38.000" endtime="20200309 09:54:38.059"></status>
</kw>
<status status="PASS" starttime="20200309 09:54:37.999" endtime="20200309 09:54:38.059"></status>
</kw>
<status status="PASS" starttime="20200309 09:54:37.938" endtime="20200309 09:54:38.059"></status>
</kw>
<status status="PASS" starttime="20200309 09:54:28.937" endtime="20200309 09:54:38.059" critical="yes"></status>
</test>
<status status="PASS" starttime="20200309 09:54:28.781" endtime="20200309 09:54:38.061"></status>
</suite>
<suite id="s1-s2" name="Home" source="/home/local/luoyumo/Desktop/microblog_backend/tests/robot_tests/Tests/Home.robot">
<test id="s1-s2-t1" name="Can add a new blog">
<kw name="Test Setup" type="setup">
<kw name="Begin Web Test" library="Common">
<kw name="Open Browser" library="SeleniumLibrary">
<doc>Opens a new browser instance to the optional ``url``.</doc>
<arguments>
<arg>about:blank</arg>
<arg>chrome</arg>
</arguments>
<msg timestamp="20200309 09:54:38.081" level="INFO">Opening browser 'chrome' to base url 'about:blank'.</msg>
<status status="PASS" starttime="20200309 09:54:38.080" endtime="20200309 09:54:39.663"></status>
</kw>
<kw name="Set Selenium Speed" library="SeleniumLibrary">
<doc>Sets the delay that is waited after each Selenium command.</doc>
<arguments>
<arg>0</arg>
</arguments>
<status status="PASS" starttime="20200309 09:54:39.667" endtime="20200309 09:54:39.671"></status>
</kw>
<kw name="Maximize Browser Window" library="SeleniumLibrary">
<doc>Maximizes current browser window.</doc>
<status status="PASS" starttime="20200309 09:54:39.671" endtime="20200309 09:54:39.804"></status>
</kw>
<status status="PASS" starttime="20200309 09:54:38.080" endtime="20200309 09:54:39.804"></status>
</kw>
<kw name="Register and login for other operations" library="App">
<arguments>
<arg>${USERNAME_1}</arg>
<arg>${PWD_1}</arg>
</arguments>
<kw name="Register a new user successfully" library="App">
<arguments>
<arg>${USERNAME}</arg>
<arg>${PWD}</arg>
</arguments>
<kw name="Go to register page" library="RegisterPage">
<kw name="Load" library="LandingPage">
<kw name="Go To" library="SeleniumLibrary">
<doc>Navigates the current browser window to the provided ``url``.</doc>
<arguments>
<arg>${START_URL}</arg>
</arguments>
<msg timestamp="20200309 09:54:39.816" level="INFO">Opening url 'http://localhost:3003'</msg>
<status status="PASS" starttime="20200309 09:54:39.815" endtime="20200309 09:54:40.125"></status>
</kw>
<status status="PASS" starttime="20200309 09:54:39.813" endtime="20200309 09:54:40.125"></status>
</kw>
<kw name="Verify Page Loaded" library="LandingPage">
<kw name="Wait Until Page Contains" library="SeleniumLibrary">
<doc>Waits until ``text`` appears on the current page.</doc>
<arguments>
<arg>Welcome to our Microblog Platform!</arg>
</arguments>
<status status="PASS" starttime="20200309 09:54:40.126" endtime="20200309 09:54:40.163"></status>
</kw>
<status status="PASS" starttime="20200309 09:54:40.126" endtime="20200309 09:54:40.163"></status>
</kw>
<kw name="Click Element" library="SeleniumLibrary">
<doc>Click the element identified by ``locator``.</doc>
<arguments>
<arg>${REGISTER_MENU}</arg>
</arguments>
<msg timestamp="20200309 09:54:40.166" level="INFO">Clicking element 'id=registerMenu'.</msg>
<status status="PASS" starttime="20200309 09:54:40.164" endtime="20200309 09:54:40.302"></status>
</kw>
<kw name="Wait Until Page Contains Element" library="SeleniumLibrary">
<doc>Waits until the element ``locator`` appears on the current page.</doc>
<arguments>
<arg>${SIGN_UP_HEADING}</arg>
</arguments>
<status status="PASS" starttime="20200309 09:54:40.303" endtime="20200309 09:54:40.336"></status>
</kw>
<status status="PASS" starttime="20200309 09:54:39.813" endtime="20200309 09:54:40.337"></status>
</kw>
<kw name="Start register" library="RegisterPage">
<arguments>
<arg>${USERNAME}</arg>
<arg>${PWD}</arg>
<arg>${PWD}</arg>
</arguments>
<kw name="Input Text" library="SeleniumLibrary">
<doc>Types the given ``text`` into the text field identified by ``locator``.</doc>
<arguments>
<arg>${REGISTER_USERNAME_FIELD}</arg>
<arg>${USERNAME}</arg>
</arguments>
<msg timestamp="20200309 09:54:40.341" level="INFO">Typing text 'testuser' into text field 'id=userName'.</msg>
<status status="PASS" starttime="20200309 09:54:40.341" endtime="20200309 09:54:40.558"></status>
</kw>
<kw name="Input Text" library="SeleniumLibrary">
<doc>Types the given ``text`` into the text field identified by ``locator``.</doc>
<arguments>
<arg>${REGISTER_PWD_FIELD}</arg>
<arg>${PWD}</arg>
</arguments>
<msg timestamp="20200309 09:54:40.559" level="INFO">Typing text 'testPwd' into text field 'id=pwd'.</msg>
<status status="PASS" starttime="20200309 09:54:40.558" endtime="20200309 09:54:40.760"></status>
</kw>
<kw name="Input Text" library="SeleniumLibrary">
<doc>Types the given ``text`` into the text field identified by ``locator``.</doc>
<arguments>
<arg>${PWD_CONFIRM_FIELD}</arg>
<arg>${PWD_CONFIRM}</arg>
</arguments>
<msg timestamp="20200309 09:54:40.760" level="INFO">Typing text 'testPwd' into text field 'id=pwdConfirm'.</msg>
<status status="PASS" starttime="20200309 09:54:40.760" endtime="20200309 09:54:40.968"></status>
</kw>
<status status="PASS" starttime="20200309 09:54:40.340" endtime="20200309 09:54:40.968"></status>
</kw>
<kw name="Register succeeded" library="RegisterPage">
<kw name="Click Button" library="SeleniumLibrary">
<doc>Clicks the button identified by ``locator``.</doc>
<arguments>
<arg>${SIGN_UP_BUTTON}</arg>
</arguments>
<msg timestamp="20200309 09:54:40.969" level="INFO">Clicking button 'id=register'.</msg>
<status status="PASS" starttime="20200309 09:54:40.969" endtime="20200309 09:54:41.130"></status>
</kw>
<kw name="Wait Until Page Contains" library="SeleniumLibrary">
<doc>Waits until ``text`` appears on the current page.</doc>
<arguments>
<arg>Register succeeded</arg>
</arguments>
<status status="PASS" starttime="20200309 09:54:41.130" endtime="20200309 09:54:41.463"></status>
</kw>
<kw name="Page Should Contain" library="SeleniumLibrary">
<doc>Verifies that current page contains ``text``.</doc>
<arguments>
<arg>Log in to your account</arg>
</arguments>
<msg timestamp="20200309 09:54:41.542" level="INFO">Current page contains text 'Log in to your account'.</msg>
<status status="PASS" starttime="20200309 09:54:41.464" endtime="20200309 09:54:41.543"></status>
</kw>
<status status="PASS" starttime="20200309 09:54:40.968" endtime="20200309 09:54:41.544"></status>
</kw>
<status status="PASS" starttime="20200309 09:54:39.811" endtime="20200309 09:54:41.544"></status>
</kw>
<kw name="Login successfully" library="App">
<arguments>
<arg>${USERNAME}</arg>
<arg>${PWD}</arg>
</arguments>
<kw name="Go to login page" library="LoginPage">
<kw name="Load" library="LandingPage">
<kw name="Go To" library="SeleniumLibrary">
<doc>Navigates the current browser window to the provided ``url``.</doc>
<arguments>
<arg>${START_URL}</arg>
</arguments>
<msg timestamp="20200309 09:54:41.552" level="INFO">Opening url 'http://localhost:3003'</msg>
<status status="PASS" starttime="20200309 09:54:41.551" endtime="20200309 09:54:41.703"></status>
</kw>
<status status="PASS" starttime="20200309 09:54:41.549" endtime="20200309 09:54:41.703"></status>
</kw>
<kw name="Verify Page Loaded" library="LandingPage">
<kw name="Wait Until Page Contains" library="SeleniumLibrary">
<doc>Waits until ``text`` appears on the current page.</doc>
<arguments>
<arg>Welcome to our Microblog Platform!</arg>
</arguments>
<status status="PASS" starttime="20200309 09:54:41.705" endtime="20200309 09:54:41.724"></status>
</kw>
<status status="PASS" starttime="20200309 09:54:41.704" endtime="20200309 09:54:41.724"></status>
</kw>
<kw name="Click Element" library="SeleniumLibrary">
<doc>Click the element identified by ``locator``.</doc>
<arguments>
<arg>${LOGINMENU}</arg>
</arguments>
<msg timestamp="20200309 09:54:41.725" level="INFO">Clicking element 'id=loginMenu'.</msg>
<status status="PASS" starttime="20200309 09:54:41.724" endtime="20200309 09:54:41.787"></status>
</kw>
<kw name="Wait Until Page Contains Element" library="SeleniumLibrary">
<doc>Waits until the element ``locator`` appears on the current page.</doc>
<arguments>
<arg>${LOGIN_HEADING}</arg>
</arguments>
<status status="PASS" starttime="20200309 09:54:41.787" endtime="20200309 09:54:41.826"></status>
</kw>
<status status="PASS" starttime="20200309 09:54:41.548" endtime="20200309 09:54:41.826"></status>
</kw>
<kw name="Start login" library="LoginPage">
<arguments>
<arg>${USERNAME}</arg>
<arg>${PWD}</arg>
</arguments>
<kw name="Input Text" library="SeleniumLibrary">
<doc>Types the given ``text`` into the text field identified by ``locator``.</doc>
<arguments>
<arg>${LOGIN_USERNAME_FIELD}</arg>
<arg>${USERNAME}</arg>
</arguments>
<msg timestamp="20200309 09:54:41.828" level="INFO">Typing text 'testuser' into text field 'id=userName'.</msg>
<status status="PASS" starttime="20200309 09:54:41.827" endtime="20200309 09:54:42.038"></status>
</kw>
<kw name="Input Text" library="SeleniumLibrary">
<doc>Types the given ``text`` into the text field identified by ``locator``.</doc>
<arguments>
<arg>${LOGIN_PWD_FIELD}</arg>
<arg>${PWD}</arg>
</arguments>
<msg timestamp="20200309 09:54:42.039" level="INFO">Typing text 'testPwd' into text field 'id=pwd'.</msg>
<status status="PASS" starttime="20200309 09:54:42.039" endtime="20200309 09:54:42.246"></status>
</kw>
<kw name="Click Button" library="SeleniumLibrary">
<doc>Clicks the button identified by ``locator``.</doc>
<arguments>
<arg>${LOGIN_BUTTON}</arg>
</arguments>
<msg timestamp="20200309 09:54:42.247" level="INFO">Clicking button 'id=loginButton'.</msg>
<status status="PASS" starttime="20200309 09:54:42.247" endtime="20200309 09:54:42.374"></status>
</kw>
<status status="PASS" starttime="20200309 09:54:41.827" endtime="20200309 09:54:42.374"></status>
</kw>
<kw name="Login succeeded" library="LoginPage">
<kw name="Wait Until Page Contains" library="SeleniumLibrary">
<doc>Waits until ``text`` appears on the current page.</doc>
<arguments>
<arg>You have logged in</arg>
</arguments>
<status status="PASS" starttime="20200309 09:54:42.375" endtime="20200309 09:54:42.457"></status>
</kw>
<kw name="Page Should Contain" library="SeleniumLibrary">
<doc>Verifies that current page contains ``text``.</doc>
<arguments>
<arg>Home</arg>
</arguments>
<msg timestamp="20200309 09:54:42.495" level="INFO">Current page contains text 'Home'.</msg>
<status status="PASS" starttime="20200309 09:54:42.457" endtime="20200309 09:54:42.496"></status>
</kw>
<status status="PASS" starttime="20200309 09:54:42.375" endtime="20200309 09:54:42.496"></status>
</kw>
<status status="PASS" starttime="20200309 09:54:41.545" endtime="20200309 09:54:42.496"></status>
</kw>
<status status="PASS" starttime="20200309 09:54:39.810" endtime="20200309 09:54:42.496"></status>
</kw>
<status status="PASS" starttime="20200309 09:54:38.079" endtime="20200309 09:54:42.496"></status>
</kw>
<kw name="Add a blog" library="App">
<arguments>
<arg>${BLOG_CONTENT}</arg>
<arg>/home/local/luoyumo/Desktop/microblog_backend/tests/robot_tests/Tests${/}testImage.png</arg>
</arguments>
<kw name="Add a blog" library="HomePage">
<arguments>
<arg>${BLOG_CONTENT}</arg>
<arg>${FILE_PATH}</arg>
</arguments>
<kw name="Input Text" library="SeleniumLibrary">
<doc>Types the given ``text`` into the text field identified by ``locator``.</doc>
<arguments>
<arg>${BLOG_TEXT_FIELD}</arg>
<arg>${BLOG_CONTNT}</arg>
</arguments>
<msg timestamp="20200309 09:54:42.498" level="INFO">Typing text 'This is a new blog' into text field 'id=blogTextField'.</msg>
<status status="PASS" starttime="20200309 09:54:42.498" endtime="20200309 09:54:42.759"></status>
</kw>
<kw name="Click Button" library="SeleniumLibrary">
<doc>Clicks the button identified by ``locator``.</doc>
<arguments>
<arg>${INSERT_IMAGE_BUTTON}</arg>
</arguments>
<msg timestamp="20200309 09:54:42.760" level="INFO">Clicking button 'id=insertImageButton'.</msg>
<status status="PASS" starttime="20200309 09:54:42.759" endtime="20200309 09:54:43.086"></status>
</kw>
<kw name="Choose File" library="SeleniumLibrary">
<doc>Inputs the ``file_path`` into the file input field ``locator``.</doc>
<arguments>
<arg>${FILE_INPUT}</arg>
<arg>${FILE_PATH}</arg>
</arguments>
<msg timestamp="20200309 09:54:43.086" level="INFO">Sending /home/local/luoyumo/Desktop/microblog_backend/tests/robot_tests/Tests/testImage.png to browser.</msg>
<status status="PASS" starttime="20200309 09:54:43.086" endtime="20200309 09:54:43.267"></status>
</kw>
<kw name="Wait Until Page Contains Element" library="SeleniumLibrary">
<doc>Waits until the element ``locator`` appears on the current page.</doc>
<arguments>
<arg>${IMAGE}</arg>
</arguments>
<status status="PASS" starttime="20200309 09:54:43.267" endtime="20200309 09:54:43.292"></status>
</kw>
<kw name="Click Button" library="SeleniumLibrary">
<doc>Clicks the button identified by ``locator``.</doc>
<arguments>
<arg>${PUBLISH_BLOG_BUTTON}</arg>
</arguments>
<msg timestamp="20200309 09:54:43.293" level="INFO">Clicking button 'id=publishBlogButton'.</msg>
<status status="PASS" starttime="20200309 09:54:43.292" endtime="20200309 09:54:43.430"></status>
</kw>
<status status="PASS" starttime="20200309 09:54:42.497" endtime="20200309 09:54:43.430"></status>
</kw>
<kw name="Blog has been published successfully" library="HomePage">
<kw name="Wait Until Page Contains" library="SeleniumLibrary">
<doc>Waits until ``text`` appears on the current page.</doc>
<arguments>
<arg>You created a blog</arg>
</arguments>
<status status="PASS" starttime="20200309 09:54:43.431" endtime="20200309 09:54:43.698"></status>
</kw>
<status status="PASS" starttime="20200309 09:54:43.431" endtime="20200309 09:54:43.698"></status>
</kw>
<status status="PASS" starttime="20200309 09:54:42.497" endtime="20200309 09:54:43.699"></status>
</kw>
<kw name="Test Teardown" type="teardown">
<kw name="Clean data" library="Database">
<kw name="Connect To Database Using Custom Params" library="DatabaseLibrary">
<doc>Loads the DB API 2.0 module given `dbapiModuleName` then uses it to
connect to the database using the map string `db_custom_param_string`.</doc>
<arguments>
<arg>pymysql</arg>
<arg>database='microblog_test', user='root', password='password', host='localhost', port=3306</arg>
</arguments>
<msg timestamp="20200309 09:54:43.705" level="INFO">Executing : Connect To Database Using Custom Params : pymysql.connect(db_api_2.connect(database='microblog_test', user='root', password='password', host='localhost', port=3306)) </msg>
<status status="PASS" starttime="20200309 09:54:43.704" endtime="20200309 09:54:43.711"></status>
</kw>
<kw name="Execute Sql Script" library="DatabaseLibrary">
<doc>Executes the content of the `sqlScriptFileName` as SQL commands. Useful for setting the database to a known
state before running your tests, or clearing out your test data after running each a test. Set optional input
`sansTran` to True to run command without an explicit transaction commit or rollback.</doc>
<arguments>
<arg>/home/local/luoyumo/Desktop/microblog_backend/tests/robot_tests/Resources${/}statement.sql</arg>
</arguments>
<msg timestamp="20200309 09:54:43.714" level="INFO">Executing : Execute SQL Script  |  /home/local/luoyumo/Desktop/microblog_backend/tests/robot_tests/Resources/statement.sql </msg>
<status status="PASS" starttime="20200309 09:54:43.713" endtime="20200309 09:54:43.733"></status>
</kw>
<status status="PASS" starttime="20200309 09:54:43.702" endtime="20200309 09:54:43.734"></status>
</kw>
<kw name="End Web Test" library="Common">
<kw name="Close Browser" library="SeleniumLibrary">
<doc>Closes the current browser.</doc>
<status status="PASS" starttime="20200309 09:54:43.737" endtime="20200309 09:54:43.851"></status>
</kw>
<status status="PASS" starttime="20200309 09:54:43.735" endtime="20200309 09:54:43.851"></status>
</kw>
<status status="PASS" starttime="20200309 09:54:43.700" endtime="20200309 09:54:43.851"></status>
</kw>
<status status="PASS" starttime="20200309 09:54:38.079" endtime="20200309 09:54:43.851" critical="yes"></status>
</test>
<doc>Test register</doc>
<status status="PASS" starttime="20200309 09:54:38.062" endtime="20200309 09:54:43.852"></status>
</suite>
<suite id="s1-s3" name="Login" source="/home/local/luoyumo/Desktop/microblog_backend/tests/robot_tests/Tests/Login.robot">
<test id="s1-s3-t1" name="User should be able to login with correct credentials">
<kw name="Test Setup" type="setup">
<kw name="Begin Web Test" library="Common">
<kw name="Open Browser" library="SeleniumLibrary">
<doc>Opens a new browser instance to the optional ``url``.</doc>
<arguments>
<arg>about:blank</arg>
<arg>chrome</arg>
</arguments>
<msg timestamp="20200309 09:54:43.869" level="INFO">Opening browser 'chrome' to base url 'about:blank'.</msg>
<status status="PASS" starttime="20200309 09:54:43.869" endtime="20200309 09:54:45.476"></status>
</kw>
<kw name="Set Selenium Speed" library="SeleniumLibrary">
<doc>Sets the delay that is waited after each Selenium command.</doc>
<arguments>
<arg>0</arg>
</arguments>
<status status="PASS" starttime="20200309 09:54:45.476" endtime="20200309 09:54:45.477"></status>
</kw>
<kw name="Maximize Browser Window" library="SeleniumLibrary">
<doc>Maximizes current browser window.</doc>
<status status="PASS" starttime="20200309 09:54:45.477" endtime="20200309 09:54:45.626"></status>
</kw>
<status status="PASS" starttime="20200309 09:54:43.868" endtime="20200309 09:54:45.627"></status>
</kw>
<kw name="Register a new user successfully" library="App">
<arguments>
<arg>${USERNAME_1}</arg>
<arg>${PWD_1}</arg>
</arguments>
<kw name="Go to register page" library="RegisterPage">
<kw name="Load" library="LandingPage">
<kw name="Go To" library="SeleniumLibrary">
<doc>Navigates the current browser window to the provided ``url``.</doc>
<arguments>
<arg>${START_URL}</arg>
</arguments>
<msg timestamp="20200309 09:54:45.646" level="INFO">Opening url 'http://localhost:3003'</msg>
<status status="PASS" starttime="20200309 09:54:45.645" endtime="20200309 09:54:45.950"></status>
</kw>
<status status="PASS" starttime="20200309 09:54:45.645" endtime="20200309 09:54:45.952"></status>
</kw>
<kw name="Verify Page Loaded" library="LandingPage">
<kw name="Wait Until Page Contains" library="SeleniumLibrary">
<doc>Waits until ``text`` appears on the current page.</doc>
<arguments>
<arg>Welcome to our Microblog Platform!</arg>
</arguments>
<status status="PASS" starttime="20200309 09:54:45.954" endtime="20200309 09:54:45.979"></status>
</kw>
<status status="PASS" starttime="20200309 09:54:45.953" endtime="20200309 09:54:45.979"></status>
</kw>
<kw name="Click Element" library="SeleniumLibrary">
<doc>Click the element identified by ``locator``.</doc>
<arguments>
<arg>${REGISTER_MENU}</arg>
</arguments>
<msg timestamp="20200309 09:54:45.979" level="INFO">Clicking element 'id=registerMenu'.</msg>
<status status="PASS" starttime="20200309 09:54:45.979" endtime="20200309 09:54:46.123"></status>
</kw>
<kw name="Wait Until Page Contains Element" library="SeleniumLibrary">
<doc>Waits until the element ``locator`` appears on the current page.</doc>
<arguments>
<arg>${SIGN_UP_HEADING}</arg>
</arguments>
<status status="PASS" starttime="20200309 09:54:46.124" endtime="20200309 09:54:46.161"></status>
</kw>
<status status="PASS" starttime="20200309 09:54:45.644" endtime="20200309 09:54:46.161"></status>
</kw>
<kw name="Start register" library="RegisterPage">
<arguments>
<arg>${USERNAME}</arg>
<arg>${PWD}</arg>
<arg>${PWD}</arg>
</arguments>
<kw name="Input Text" library="SeleniumLibrary">
<doc>Types the given ``text`` into the text field identified by ``locator``.</doc>
<arguments>
<arg>${REGISTER_USERNAME_FIELD}</arg>
<arg>${USERNAME}</arg>
</arguments>
<msg timestamp="20200309 09:54:46.162" level="INFO">Typing text 'testuser' into text field 'id=userName'.</msg>
<status status="PASS" starttime="20200309 09:54:46.162" endtime="20200309 09:54:46.383"></status>
</kw>
<kw name="Input Text" library="SeleniumLibrary">
<doc>Types the given ``text`` into the text field identified by ``locator``.</doc>
<arguments>
<arg>${REGISTER_PWD_FIELD}</arg>
<arg>${PWD}</arg>
</arguments>
<msg timestamp="20200309 09:54:46.384" level="INFO">Typing text 'testPwd' into text field 'id=pwd'.</msg>
<status status="PASS" starttime="20200309 09:54:46.384" endtime="20200309 09:54:46.600"></status>
</kw>
<kw name="Input Text" library="SeleniumLibrary">
<doc>Types the given ``text`` into the text field identified by ``locator``.</doc>
<arguments>
<arg>${PWD_CONFIRM_FIELD}</arg>
<arg>${PWD_CONFIRM}</arg>
</arguments>
<msg timestamp="20200309 09:54:46.601" level="INFO">Typing text 'testPwd' into text field 'id=pwdConfirm'.</msg>
<status status="PASS" starttime="20200309 09:54:46.600" endtime="20200309 09:54:46.822"></status>
</kw>
<status status="PASS" starttime="20200309 09:54:46.161" endtime="20200309 09:54:46.822"></status>
</kw>
<kw name="Register succeeded" library="RegisterPage">
<kw name="Click Button" library="SeleniumLibrary">
<doc>Clicks the button identified by ``locator``.</doc>
<arguments>
<arg>${SIGN_UP_BUTTON}</arg>
</arguments>
<msg timestamp="20200309 09:54:46.823" level="INFO">Clicking button 'id=register'.</msg>
<status status="PASS" starttime="20200309 09:54:46.823" endtime="20200309 09:54:46.965"></status>
</kw>
<kw name="Wait Until Page Contains" library="SeleniumLibrary">
<doc>Waits until ``text`` appears on the current page.</doc>
<arguments>
<arg>Register succeeded</arg>
</arguments>
<status status="PASS" starttime="20200309 09:54:46.965" endtime="20200309 09:54:47.223"></status>
</kw>
<kw name="Page Should Contain" library="SeleniumLibrary">
<doc>Verifies that current page contains ``text``.</doc>
<arguments>
<arg>Log in to your account</arg>
</arguments>
<msg timestamp="20200309 09:54:47.249" level="INFO">Current page contains text 'Log in to your account'.</msg>
<status status="PASS" starttime="20200309 09:54:47.223" endtime="20200309 09:54:47.250"></status>
</kw>
<status status="PASS" starttime="20200309 09:54:46.823" endtime="20200309 09:54:47.250"></status>
</kw>
<status status="PASS" starttime="20200309 09:54:45.627" endtime="20200309 09:54:47.250"></status>
</kw>
<status status="PASS" starttime="20200309 09:54:43.868" endtime="20200309 09:54:47.250"></status>
</kw>
<kw name="Login successfully" library="App">
<arguments>
<arg>${USERNAME_1}</arg>
<arg>${PWD_1}</arg>
</arguments>
<kw name="Go to login page" library="LoginPage">
<kw name="Load" library="LandingPage">
<kw name="Go To" library="SeleniumLibrary">
<doc>Navigates the current browser window to the provided ``url``.</doc>
<arguments>
<arg>${START_URL}</arg>
</arguments>
<msg timestamp="20200309 09:54:47.251" level="INFO">Opening url 'http://localhost:3003'</msg>
<status status="PASS" starttime="20200309 09:54:47.251" endtime="20200309 09:54:47.380"></status>
</kw>
<status status="PASS" starttime="20200309 09:54:47.251" endtime="20200309 09:54:47.380"></status>
</kw>
<kw name="Verify Page Loaded" library="LandingPage">
<kw name="Wait Until Page Contains" library="SeleniumLibrary">
<doc>Waits until ``text`` appears on the current page.</doc>
<arguments>
<arg>Welcome to our Microblog Platform!</arg>
</arguments>
<status status="PASS" starttime="20200309 09:54:47.381" endtime="20200309 09:54:47.411"></status>
</kw>
<status status="PASS" starttime="20200309 09:54:47.380" endtime="20200309 09:54:47.411"></status>
</kw>
<kw name="Click Element" library="SeleniumLibrary">
<doc>Click the element identified by ``locator``.</doc>
<arguments>
<arg>${LOGINMENU}</arg>
</arguments>
<msg timestamp="20200309 09:54:47.412" level="INFO">Clicking element 'id=loginMenu'.</msg>
<status status="PASS" starttime="20200309 09:54:47.411" endtime="20200309 09:54:47.502"></status>
</kw>
<kw name="Wait Until Page Contains Element" library="SeleniumLibrary">
<doc>Waits until the element ``locator`` appears on the current page.</doc>
<arguments>
<arg>${LOGIN_HEADING}</arg>
</arguments>
<status status="PASS" starttime="20200309 09:54:47.503" endtime="20200309 09:54:47.534"></status>
</kw>
<status status="PASS" starttime="20200309 09:54:47.251" endtime="20200309 09:54:47.534"></status>
</kw>
<kw name="Start login" library="LoginPage">
<arguments>
<arg>${USERNAME}</arg>
<arg>${PWD}</arg>
</arguments>
<kw name="Input Text" library="SeleniumLibrary">
<doc>Types the given ``text`` into the text field identified by ``locator``.</doc>
<arguments>
<arg>${LOGIN_USERNAME_FIELD}</arg>
<arg>${USERNAME}</arg>
</arguments>
<msg timestamp="20200309 09:54:47.535" level="INFO">Typing text 'testuser' into text field 'id=userName'.</msg>
<status status="PASS" starttime="20200309 09:54:47.535" endtime="20200309 09:54:47.749"></status>
</kw>
<kw name="Input Text" library="SeleniumLibrary">
<doc>Types the given ``text`` into the text field identified by ``locator``.</doc>
<arguments>
<arg>${LOGIN_PWD_FIELD}</arg>
<arg>${PWD}</arg>
</arguments>
<msg timestamp="20200309 09:54:47.749" level="INFO">Typing text 'testPwd' into text field 'id=pwd'.</msg>
<status status="PASS" starttime="20200309 09:54:47.749" endtime="20200309 09:54:47.935"></status>
</kw>
<kw name="Click Button" library="SeleniumLibrary">
<doc>Clicks the button identified by ``locator``.</doc>
<arguments>
<arg>${LOGIN_BUTTON}</arg>
</arguments>
<msg timestamp="20200309 09:54:47.939" level="INFO">Clicking button 'id=loginButton'.</msg>
<status status="PASS" starttime="20200309 09:54:47.938" endtime="20200309 09:54:48.077"></status>
</kw>
<status status="PASS" starttime="20200309 09:54:47.534" endtime="20200309 09:54:48.077"></status>
</kw>
<kw name="Login succeeded" library="LoginPage">
<kw name="Wait Until Page Contains" library="SeleniumLibrary">
<doc>Waits until ``text`` appears on the current page.</doc>
<arguments>
<arg>You have logged in</arg>
</arguments>
<status status="PASS" starttime="20200309 09:54:48.077" endtime="20200309 09:54:48.165"></status>
</kw>
<kw name="Page Should Contain" library="SeleniumLibrary">
<doc>Verifies that current page contains ``text``.</doc>
<arguments>
<arg>Home</arg>
</arguments>
<msg timestamp="20200309 09:54:48.196" level="INFO">Current page contains text 'Home'.</msg>
<status status="PASS" starttime="20200309 09:54:48.165" endtime="20200309 09:54:48.196"></status>
</kw>
<status status="PASS" starttime="20200309 09:54:48.077" endtime="20200309 09:54:48.197"></status>
</kw>
<status status="PASS" starttime="20200309 09:54:47.250" endtime="20200309 09:54:48.197"></status>
</kw>
<kw name="Test Teardown" type="teardown">
<kw name="Clean data" library="Database">
<kw name="Connect To Database Using Custom Params" library="DatabaseLibrary">
<doc>Loads the DB API 2.0 module given `dbapiModuleName` then uses it to
connect to the database using the map string `db_custom_param_string`.</doc>
<arguments>
<arg>pymysql</arg>
<arg>database='microblog_test', user='root', password='password', host='localhost', port=3306</arg>
</arguments>
<msg timestamp="20200309 09:54:48.199" level="INFO">Executing : Connect To Database Using Custom Params : pymysql.connect(db_api_2.connect(database='microblog_test', user='root', password='password', host='localhost', port=3306)) </msg>
<status status="PASS" starttime="20200309 09:54:48.199" endtime="20200309 09:54:48.201"></status>
</kw>
<kw name="Execute Sql Script" library="DatabaseLibrary">
<doc>Executes the content of the `sqlScriptFileName` as SQL commands. Useful for setting the database to a known
state before running your tests, or clearing out your test data after running each a test. Set optional input
`sansTran` to True to run command without an explicit transaction commit or rollback.</doc>
<arguments>
<arg>/home/local/luoyumo/Desktop/microblog_backend/tests/robot_tests/Resources${/}statement.sql</arg>
</arguments>
<msg timestamp="20200309 09:54:48.201" level="INFO">Executing : Execute SQL Script  |  /home/local/luoyumo/Desktop/microblog_backend/tests/robot_tests/Resources/statement.sql </msg>
<status status="PASS" starttime="20200309 09:54:48.201" endtime="20200309 09:54:48.210"></status>
</kw>
<status status="PASS" starttime="20200309 09:54:48.199" endtime="20200309 09:54:48.210"></status>
</kw>
<kw name="End Web Test" library="Common">
<kw name="Close Browser" library="SeleniumLibrary">
<doc>Closes the current browser.</doc>
<status status="PASS" starttime="20200309 09:54:48.211" endtime="20200309 09:54:48.267"></status>
</kw>
<status status="PASS" starttime="20200309 09:54:48.210" endtime="20200309 09:54:48.267"></status>
</kw>
<status status="PASS" starttime="20200309 09:54:48.198" endtime="20200309 09:54:48.267"></status>
</kw>
<tags>
<tag>Login</tag>
</tags>
<status status="PASS" starttime="20200309 09:54:43.867" endtime="20200309 09:54:48.267" critical="yes"></status>
</test>
<test id="s1-s3-t2" name="User should not be able to login with wrong credentials">
<kw name="Test Setup" type="setup">
<kw name="Begin Web Test" library="Common">
<kw name="Open Browser" library="SeleniumLibrary">
<doc>Opens a new browser instance to the optional ``url``.</doc>
<arguments>
<arg>about:blank</arg>
<arg>chrome</arg>
</arguments>
<msg timestamp="20200309 09:54:48.269" level="INFO">Opening browser 'chrome' to base url 'about:blank'.</msg>
<status status="PASS" starttime="20200309 09:54:48.269" endtime="20200309 09:54:49.839"></status>
</kw>
<kw name="Set Selenium Speed" library="SeleniumLibrary">
<doc>Sets the delay that is waited after each Selenium command.</doc>
<arguments>
<arg>0</arg>
</arguments>
<status status="PASS" starttime="20200309 09:54:49.840" endtime="20200309 09:54:49.841"></status>
</kw>
<kw name="Maximize Browser Window" library="SeleniumLibrary">
<doc>Maximizes current browser window.</doc>
<status status="PASS" starttime="20200309 09:54:49.841" endtime="20200309 09:54:49.946"></status>
</kw>
<status status="PASS" starttime="20200309 09:54:48.269" endtime="20200309 09:54:49.946"></status>
</kw>
<kw name="Register a new user successfully" library="App">
<arguments>
<arg>${USERNAME_1}</arg>
<arg>${PWD_1}</arg>
</arguments>
<kw name="Go to register page" library="RegisterPage">
<kw name="Load" library="LandingPage">
<kw name="Go To" library="SeleniumLibrary">
<doc>Navigates the current browser window to the provided ``url``.</doc>
<arguments>
<arg>${START_URL}</arg>
</arguments>
<msg timestamp="20200309 09:54:49.947" level="INFO">Opening url 'http://localhost:3003'</msg>
<status status="PASS" starttime="20200309 09:54:49.947" endtime="20200309 09:54:50.241"></status>
</kw>
<status status="PASS" starttime="20200309 09:54:49.947" endtime="20200309 09:54:50.241"></status>
</kw>
<kw name="Verify Page Loaded" library="LandingPage">
<kw name="Wait Until Page Contains" library="SeleniumLibrary">
<doc>Waits until ``text`` appears on the current page.</doc>
<arguments>
<arg>Welcome to our Microblog Platform!</arg>
</arguments>
<status status="PASS" starttime="20200309 09:54:50.242" endtime="20200309 09:54:50.269"></status>
</kw>
<status status="PASS" starttime="20200309 09:54:50.242" endtime="20200309 09:54:50.269"></status>
</kw>
<kw name="Click Element" library="SeleniumLibrary">
<doc>Click the element identified by ``locator``.</doc>
<arguments>
<arg>${REGISTER_MENU}</arg>
</arguments>
<msg timestamp="20200309 09:54:50.270" level="INFO">Clicking element 'id=registerMenu'.</msg>
<status status="PASS" starttime="20200309 09:54:50.269" endtime="20200309 09:54:50.410"></status>
</kw>
<kw name="Wait Until Page Contains Element" library="SeleniumLibrary">
<doc>Waits until the element ``locator`` appears on the current page.</doc>
<arguments>
<arg>${SIGN_UP_HEADING}</arg>
</arguments>
<status status="PASS" starttime="20200309 09:54:50.411" endtime="20200309 09:54:50.444"></status>
</kw>
<status status="PASS" starttime="20200309 09:54:49.946" endtime="20200309 09:54:50.445"></status>
</kw>
<kw name="Start register" library="RegisterPage">
<arguments>
<arg>${USERNAME}</arg>
<arg>${PWD}</arg>
<arg>${PWD}</arg>
</arguments>
<kw name="Input Text" library="SeleniumLibrary">
<doc>Types the given ``text`` into the text field identified by ``locator``.</doc>
<arguments>
<arg>${REGISTER_USERNAME_FIELD}</arg>
<arg>${USERNAME}</arg>
</arguments>
<msg timestamp="20200309 09:54:50.448" level="INFO">Typing text 'testuser' into text field 'id=userName'.</msg>
<status status="PASS" starttime="20200309 09:54:50.448" endtime="20200309 09:54:50.646"></status>
</kw>
<kw name="Input Text" library="SeleniumLibrary">
<doc>Types the given ``text`` into the text field identified by ``locator``.</doc>
<arguments>
<arg>${REGISTER_PWD_FIELD}</arg>
<arg>${PWD}</arg>
</arguments>
<msg timestamp="20200309 09:54:50.647" level="INFO">Typing text 'testPwd' into text field 'id=pwd'.</msg>
<status status="PASS" starttime="20200309 09:54:50.647" endtime="20200309 09:54:50.873"></status>
</kw>
<kw name="Input Text" library="SeleniumLibrary">
<doc>Types the given ``text`` into the text field identified by ``locator``.</doc>
<arguments>
<arg>${PWD_CONFIRM_FIELD}</arg>
<arg>${PWD_CONFIRM}</arg>
</arguments>
<msg timestamp="20200309 09:54:50.874" level="INFO">Typing text 'testPwd' into text field 'id=pwdConfirm'.</msg>
<status status="PASS" starttime="20200309 09:54:50.874" endtime="20200309 09:54:51.089"></status>
</kw>
<status status="PASS" starttime="20200309 09:54:50.447" endtime="20200309 09:54:51.089"></status>
</kw>
<kw name="Register succeeded" library="RegisterPage">
<kw name="Click Button" library="SeleniumLibrary">
<doc>Clicks the button identified by ``locator``.</doc>
<arguments>
<arg>${SIGN_UP_BUTTON}</arg>
</arguments>
<msg timestamp="20200309 09:54:51.093" level="INFO">Clicking button 'id=register'.</msg>
<status status="PASS" starttime="20200309 09:54:51.091" endtime="20200309 09:54:51.246"></status>
</kw>
<kw name="Wait Until Page Contains" library="SeleniumLibrary">
<doc>Waits until ``text`` appears on the current page.</doc>
<arguments>
<arg>Register succeeded</arg>
</arguments>
<status status="PASS" starttime="20200309 09:54:51.246" endtime="20200309 09:54:51.516"></status>
</kw>
<kw name="Page Should Contain" library="SeleniumLibrary">
<doc>Verifies that current page contains ``text``.</doc>
<arguments>
<arg>Log in to your account</arg>
</arguments>
<msg timestamp="20200309 09:54:51.586" level="INFO">Current page contains text 'Log in to your account'.</msg>
<status status="PASS" starttime="20200309 09:54:51.516" endtime="20200309 09:54:51.586"></status>
</kw>
<status status="PASS" starttime="20200309 09:54:51.089" endtime="20200309 09:54:51.586"></status>
</kw>
<status status="PASS" starttime="20200309 09:54:49.946" endtime="20200309 09:54:51.586"></status>
</kw>
<status status="PASS" starttime="20200309 09:54:48.268" endtime="20200309 09:54:51.587"></status>
</kw>
<kw name="Go to login page" library="LoginPage">
<kw name="Load" library="LandingPage">
<kw name="Go To" library="SeleniumLibrary">
<doc>Navigates the current browser window to the provided ``url``.</doc>
<arguments>
<arg>${START_URL}</arg>
</arguments>
<msg timestamp="20200309 09:54:51.588" level="INFO">Opening url 'http://localhost:3003'</msg>
<status status="PASS" starttime="20200309 09:54:51.588" endtime="20200309 09:54:51.715"></status>
</kw>
<status status="PASS" starttime="20200309 09:54:51.588" endtime="20200309 09:54:51.716"></status>
</kw>
<kw name="Verify Page Loaded" library="LandingPage">
<kw name="Wait Until Page Contains" library="SeleniumLibrary">
<doc>Waits until ``text`` appears on the current page.</doc>
<arguments>
<arg>Welcome to our Microblog Platform!</arg>
</arguments>
<status status="PASS" starttime="20200309 09:54:51.716" endtime="20200309 09:54:51.738"></status>
</kw>
<status status="PASS" starttime="20200309 09:54:51.716" endtime="20200309 09:54:51.738"></status>
</kw>
<kw name="Click Element" library="SeleniumLibrary">
<doc>Click the element identified by ``locator``.</doc>
<arguments>
<arg>${LOGINMENU}</arg>
</arguments>
<msg timestamp="20200309 09:54:51.739" level="INFO">Clicking element 'id=loginMenu'.</msg>
<status status="PASS" starttime="20200309 09:54:51.739" endtime="20200309 09:54:51.824"></status>
</kw>
<kw name="Wait Until Page Contains Element" library="SeleniumLibrary">
<doc>Waits until the element ``locator`` appears on the current page.</doc>
<arguments>
<arg>${LOGIN_HEADING}</arg>
</arguments>
<status status="PASS" starttime="20200309 09:54:51.825" endtime="20200309 09:54:51.865"></status>
</kw>
<status status="PASS" starttime="20200309 09:54:51.587" endtime="20200309 09:54:51.866"></status>
</kw>
<kw name="Start login" library="LoginPage">
<arguments>
<arg>${USERNAME_1}</arg>
<arg>wrongPwd</arg>
</arguments>
<kw name="Input Text" library="SeleniumLibrary">
<doc>Types the given ``text`` into the text field identified by ``locator``.</doc>
<arguments>
<arg>${LOGIN_USERNAME_FIELD}</arg>
<arg>${USERNAME}</arg>
</arguments>
<msg timestamp="20200309 09:54:51.874" level="INFO">Typing text 'testuser' into text field 'id=userName'.</msg>
<status status="PASS" starttime="20200309 09:54:51.868" endtime="20200309 09:54:52.086"></status>
</kw>
<kw name="Input Text" library="SeleniumLibrary">
<doc>Types the given ``text`` into the text field identified by ``locator``.</doc>
<arguments>
<arg>${LOGIN_PWD_FIELD}</arg>
<arg>${PWD}</arg>
</arguments>
<msg timestamp="20200309 09:54:52.090" level="INFO">Typing text 'wrongPwd' into text field 'id=pwd'.</msg>
<status status="PASS" starttime="20200309 09:54:52.088" endtime="20200309 09:54:52.282"></status>
</kw>
<kw name="Click Button" library="SeleniumLibrary">
<doc>Clicks the button identified by ``locator``.</doc>
<arguments>
<arg>${LOGIN_BUTTON}</arg>
</arguments>
<msg timestamp="20200309 09:54:52.283" level="INFO">Clicking button 'id=loginButton'.</msg>
<status status="PASS" starttime="20200309 09:54:52.283" endtime="20200309 09:54:52.423"></status>
</kw>
<status status="PASS" starttime="20200309 09:54:51.866" endtime="20200309 09:54:52.423"></status>
</kw>
<kw name="Display error" library="App">
<arguments>
<arg>Login failed, wrong username or password</arg>
</arguments>
<kw name="Wait Until Page Contains" library="SeleniumLibrary">
<doc>Waits until ``text`` appears on the current page.</doc>
<arguments>
<arg>${ERROR}</arg>
</arguments>
<status status="PASS" starttime="20200309 09:54:52.424" endtime="20200309 09:54:52.456"></status>
</kw>
<status status="PASS" starttime="20200309 09:54:52.424" endtime="20200309 09:54:52.456"></status>
</kw>
<kw name="Test Teardown" type="teardown">
<kw name="Clean data" library="Database">
<kw name="Connect To Database Using Custom Params" library="DatabaseLibrary">
<doc>Loads the DB API 2.0 module given `dbapiModuleName` then uses it to
connect to the database using the map string `db_custom_param_string`.</doc>
<arguments>
<arg>pymysql</arg>
<arg>database='microblog_test', user='root', password='password', host='localhost', port=3306</arg>
</arguments>
<msg timestamp="20200309 09:54:52.457" level="INFO">Executing : Connect To Database Using Custom Params : pymysql.connect(db_api_2.connect(database='microblog_test', user='root', password='password', host='localhost', port=3306)) </msg>
<status status="PASS" starttime="20200309 09:54:52.457" endtime="20200309 09:54:52.459"></status>
</kw>
<kw name="Execute Sql Script" library="DatabaseLibrary">
<doc>Executes the content of the `sqlScriptFileName` as SQL commands. Useful for setting the database to a known
state before running your tests, or clearing out your test data after running each a test. Set optional input
`sansTran` to True to run command without an explicit transaction commit or rollback.</doc>
<arguments>
<arg>/home/local/luoyumo/Desktop/microblog_backend/tests/robot_tests/Resources${/}statement.sql</arg>
</arguments>
<msg timestamp="20200309 09:54:52.462" level="INFO">Executing : Execute SQL Script  |  /home/local/luoyumo/Desktop/microblog_backend/tests/robot_tests/Resources/statement.sql </msg>
<status status="PASS" starttime="20200309 09:54:52.459" endtime="20200309 09:54:52.478"></status>
</kw>
<status status="PASS" starttime="20200309 09:54:52.457" endtime="20200309 09:54:52.478"></status>
</kw>
<kw name="End Web Test" library="Common">
<kw name="Close Browser" library="SeleniumLibrary">
<doc>Closes the current browser.</doc>
<status status="PASS" starttime="20200309 09:54:52.479" endtime="20200309 09:54:52.537"></status>
</kw>
<status status="PASS" starttime="20200309 09:54:52.478" endtime="20200309 09:54:52.537"></status>
</kw>
<status status="PASS" starttime="20200309 09:54:52.456" endtime="20200309 09:54:52.537"></status>
</kw>
<tags>
<tag>Login</tag>
</tags>
<status status="PASS" starttime="20200309 09:54:48.268" endtime="20200309 09:54:52.538" critical="yes"></status>
</test>
<doc>Test register</doc>
<status status="PASS" starttime="20200309 09:54:43.854" endtime="20200309 09:54:52.539"></status>
</suite>
<suite id="s1-s4" name="Profile" source="/home/local/luoyumo/Desktop/microblog_backend/tests/robot_tests/Tests/Profile.robot">
<test id="s1-s4-t1" name="Can load more blogs">
<kw name="Test Setup" type="setup">
<kw name="Begin Web Test" library="Common">
<kw name="Open Browser" library="SeleniumLibrary">
<doc>Opens a new browser instance to the optional ``url``.</doc>
<arguments>
<arg>about:blank</arg>
<arg>chrome</arg>
</arguments>
<msg timestamp="20200309 09:54:52.561" level="INFO">Opening browser 'chrome' to base url 'about:blank'.</msg>
<status status="PASS" starttime="20200309 09:54:52.561" endtime="20200309 09:54:54.151"></status>
</kw>
<kw name="Set Selenium Speed" library="SeleniumLibrary">
<doc>Sets the delay that is waited after each Selenium command.</doc>
<arguments>
<arg>0</arg>
</arguments>
<status status="PASS" starttime="20200309 09:54:54.153" endtime="20200309 09:54:54.154"></status>
</kw>
<kw name="Maximize Browser Window" library="SeleniumLibrary">
<doc>Maximizes current browser window.</doc>
<status status="PASS" starttime="20200309 09:54:54.154" endtime="20200309 09:54:54.258"></status>
</kw>
<status status="PASS" starttime="20200309 09:54:52.560" endtime="20200309 09:54:54.258"></status>
</kw>
<kw name="Register and login for other operations" library="App">
<arguments>
<arg>${USERNAME_1}</arg>
<arg>${PWD_1}</arg>
</arguments>
<kw name="Register a new user successfully" library="App">
<arguments>
<arg>${USERNAME}</arg>
<arg>${PWD}</arg>
</arguments>
<kw name="Go to register page" library="RegisterPage">
<kw name="Load" library="LandingPage">
<kw name="Go To" library="SeleniumLibrary">
<doc>Navigates the current browser window to the provided ``url``.</doc>
<arguments>
<arg>${START_URL}</arg>
</arguments>
<msg timestamp="20200309 09:54:54.260" level="INFO">Opening url 'http://localhost:3003'</msg>
<status status="PASS" starttime="20200309 09:54:54.260" endtime="20200309 09:54:54.591"></status>
</kw>
<status status="PASS" starttime="20200309 09:54:54.260" endtime="20200309 09:54:54.591"></status>
</kw>
<kw name="Verify Page Loaded" library="LandingPage">
<kw name="Wait Until Page Contains" library="SeleniumLibrary">
<doc>Waits until ``text`` appears on the current page.</doc>
<arguments>
<arg>Welcome to our Microblog Platform!</arg>
</arguments>
<status status="PASS" starttime="20200309 09:54:54.592" endtime="20200309 09:54:54.638"></status>
</kw>
<status status="PASS" starttime="20200309 09:54:54.592" endtime="20200309 09:54:54.639"></status>
</kw>
<kw name="Click Element" library="SeleniumLibrary">
<doc>Click the element identified by ``locator``.</doc>
<arguments>
<arg>${REGISTER_MENU}</arg>
</arguments>
<msg timestamp="20200309 09:54:54.640" level="INFO">Clicking element 'id=registerMenu'.</msg>
<status status="PASS" starttime="20200309 09:54:54.639" endtime="20200309 09:54:54.769"></status>
</kw>
<kw name="Wait Until Page Contains Element" library="SeleniumLibrary">
<doc>Waits until the element ``locator`` appears on the current page.</doc>
<arguments>
<arg>${SIGN_UP_HEADING}</arg>
</arguments>
<status status="PASS" starttime="20200309 09:54:54.769" endtime="20200309 09:54:54.794"></status>
</kw>
<status status="PASS" starttime="20200309 09:54:54.260" endtime="20200309 09:54:54.794"></status>
</kw>
<kw name="Start register" library="RegisterPage">
<arguments>
<arg>${USERNAME}</arg>
<arg>${PWD}</arg>
<arg>${PWD}</arg>
</arguments>
<kw name="Input Text" library="SeleniumLibrary">
<doc>Types the given ``text`` into the text field identified by ``locator``.</doc>
<arguments>
<arg>${REGISTER_USERNAME_FIELD}</arg>
<arg>${USERNAME}</arg>
</arguments>
<msg timestamp="20200309 09:54:54.795" level="INFO">Typing text 'testuser' into text field 'id=userName'.</msg>
<status status="PASS" starttime="20200309 09:54:54.795" endtime="20200309 09:54:55.004"></status>
</kw>
<kw name="Input Text" library="SeleniumLibrary">
<doc>Types the given ``text`` into the text field identified by ``locator``.</doc>
<arguments>
<arg>${REGISTER_PWD_FIELD}</arg>
<arg>${PWD}</arg>
</arguments>
<msg timestamp="20200309 09:54:55.004" level="INFO">Typing text 'testPwd' into text field 'id=pwd'.</msg>
<status status="PASS" starttime="20200309 09:54:55.004" endtime="20200309 09:54:55.233"></status>
</kw>
<kw name="Input Text" library="SeleniumLibrary">
<doc>Types the given ``text`` into the text field identified by ``locator``.</doc>
<arguments>
<arg>${PWD_CONFIRM_FIELD}</arg>
<arg>${PWD_CONFIRM}</arg>
</arguments>
<msg timestamp="20200309 09:54:55.234" level="INFO">Typing text 'testPwd' into text field 'id=pwdConfirm'.</msg>
<status status="PASS" starttime="20200309 09:54:55.233" endtime="20200309 09:54:55.437"></status>
</kw>
<status status="PASS" starttime="20200309 09:54:54.794" endtime="20200309 09:54:55.437"></status>
</kw>
<kw name="Register succeeded" library="RegisterPage">
<kw name="Click Button" library="SeleniumLibrary">
<doc>Clicks the button identified by ``locator``.</doc>
<arguments>
<arg>${SIGN_UP_BUTTON}</arg>
</arguments>
<msg timestamp="20200309 09:54:55.440" level="INFO">Clicking button 'id=register'.</msg>
<status status="PASS" starttime="20200309 09:54:55.439" endtime="20200309 09:54:55.582"></status>
</kw>
<kw name="Wait Until Page Contains" library="SeleniumLibrary">
<doc>Waits until ``text`` appears on the current page.</doc>
<arguments>
<arg>Register succeeded</arg>
</arguments>
<status status="PASS" starttime="20200309 09:54:55.582" endtime="20200309 09:54:55.896"></status>
</kw>
<kw name="Page Should Contain" library="SeleniumLibrary">
<doc>Verifies that current page contains ``text``.</doc>
<arguments>
<arg>Log in to your account</arg>
</arguments>
<msg timestamp="20200309 09:54:55.963" level="INFO">Current page contains text 'Log in to your account'.</msg>
<status status="PASS" starttime="20200309 09:54:55.897" endtime="20200309 09:54:55.963"></status>
</kw>
<status status="PASS" starttime="20200309 09:54:55.437" endtime="20200309 09:54:55.965"></status>
</kw>
<status status="PASS" starttime="20200309 09:54:54.259" endtime="20200309 09:54:55.965"></status>
</kw>
<kw name="Login successfully" library="App">
<arguments>
<arg>${USERNAME}</arg>
<arg>${PWD}</arg>
</arguments>
<kw name="Go to login page" library="LoginPage">
<kw name="Load" library="LandingPage">
<kw name="Go To" library="SeleniumLibrary">
<doc>Navigates the current browser window to the provided ``url``.</doc>
<arguments>
<arg>${START_URL}</arg>
</arguments>
<msg timestamp="20200309 09:54:55.969" level="INFO">Opening url 'http://localhost:3003'</msg>
<status status="PASS" starttime="20200309 09:54:55.968" endtime="20200309 09:54:56.129"></status>
</kw>
<status status="PASS" starttime="20200309 09:54:55.968" endtime="20200309 09:54:56.129"></status>
</kw>
<kw name="Verify Page Loaded" library="LandingPage">
<kw name="Wait Until Page Contains" library="SeleniumLibrary">
<doc>Waits until ``text`` appears on the current page.</doc>
<arguments>
<arg>Welcome to our Microblog Platform!</arg>
</arguments>
<status status="PASS" starttime="20200309 09:54:56.130" endtime="20200309 09:54:56.156"></status>
</kw>
<status status="PASS" starttime="20200309 09:54:56.130" endtime="20200309 09:54:56.156"></status>
</kw>
<kw name="Click Element" library="SeleniumLibrary">
<doc>Click the element identified by ``locator``.</doc>
<arguments>
<arg>${LOGINMENU}</arg>
</arguments>
<msg timestamp="20200309 09:54:56.159" level="INFO">Clicking element 'id=loginMenu'.</msg>
<status status="PASS" starttime="20200309 09:54:56.157" endtime="20200309 09:54:56.249"></status>
</kw>
<kw name="Wait Until Page Contains Element" library="SeleniumLibrary">
<doc>Waits until the element ``locator`` appears on the current page.</doc>
<arguments>
<arg>${LOGIN_HEADING}</arg>
</arguments>
<status status="PASS" starttime="20200309 09:54:56.249" endtime="20200309 09:54:56.279"></status>
</kw>
<status status="PASS" starttime="20200309 09:54:55.967" endtime="20200309 09:54:56.279"></status>
</kw>
<kw name="Start login" library="LoginPage">
<arguments>
<arg>${USERNAME}</arg>
<arg>${PWD}</arg>
</arguments>
<kw name="Input Text" library="SeleniumLibrary">
<doc>Types the given ``text`` into the text field identified by ``locator``.</doc>
<arguments>
<arg>${LOGIN_USERNAME_FIELD}</arg>
<arg>${USERNAME}</arg>
</arguments>
<msg timestamp="20200309 09:54:56.282" level="INFO">Typing text 'testuser' into text field 'id=userName'.</msg>
<status status="PASS" starttime="20200309 09:54:56.281" endtime="20200309 09:54:56.494"></status>
</kw>
<kw name="Input Text" library="SeleniumLibrary">
<doc>Types the given ``text`` into the text field identified by ``locator``.</doc>
<arguments>
<arg>${LOGIN_PWD_FIELD}</arg>
<arg>${PWD}</arg>
</arguments>
<msg timestamp="20200309 09:54:56.496" level="INFO">Typing text 'testPwd' into text field 'id=pwd'.</msg>
<status status="PASS" starttime="20200309 09:54:56.495" endtime="20200309 09:54:56.679"></status>
</kw>
<kw name="Click Button" library="SeleniumLibrary">
<doc>Clicks the button identified by ``locator``.</doc>
<arguments>
<arg>${LOGIN_BUTTON}</arg>
</arguments>
<msg timestamp="20200309 09:54:56.680" level="INFO">Clicking button 'id=loginButton'.</msg>
<status status="PASS" starttime="20200309 09:54:56.679" endtime="20200309 09:54:56.817"></status>
</kw>
<status status="PASS" starttime="20200309 09:54:56.279" endtime="20200309 09:54:56.817"></status>
</kw>
<kw name="Login succeeded" library="LoginPage">
<kw name="Wait Until Page Contains" library="SeleniumLibrary">
<doc>Waits until ``text`` appears on the current page.</doc>
<arguments>
<arg>You have logged in</arg>
</arguments>
<status status="PASS" starttime="20200309 09:54:56.818" endtime="20200309 09:54:56.905"></status>
</kw>
<kw name="Page Should Contain" library="SeleniumLibrary">
<doc>Verifies that current page contains ``text``.</doc>
<arguments>
<arg>Home</arg>
</arguments>
<msg timestamp="20200309 09:54:56.938" level="INFO">Current page contains text 'Home'.</msg>
<status status="PASS" starttime="20200309 09:54:56.908" endtime="20200309 09:54:56.938"></status>
</kw>
<status status="PASS" starttime="20200309 09:54:56.817" endtime="20200309 09:54:56.938"></status>
</kw>
<status status="PASS" starttime="20200309 09:54:55.965" endtime="20200309 09:54:56.938"></status>
</kw>
<status status="PASS" starttime="20200309 09:54:54.259" endtime="20200309 09:54:56.938"></status>
</kw>
<status status="PASS" starttime="20200309 09:54:52.560" endtime="20200309 09:54:56.938"></status>
</kw>
<kw name="${blog} IN [ @{BLOGS} ]" type="for">
<kw name="${blog} = blog1" type="foritem">
<kw name="Add a blog without images" library="App">
<arguments>
<arg>${blog}</arg>
</arguments>
<kw name="Add a blog without image" library="HomePage">
<arguments>
<arg>${CONTENT}</arg>
</arguments>
<kw name="Input Text" library="SeleniumLibrary">
[...]
<status status="PASS" starttime="20200309 09:55:47.184" endtime="20200309 09:55:47.293"></status>
</kw>
<status status="PASS" starttime="20200309 09:55:46.460" endtime="20200309 09:55:47.293"></status>
</kw>
<kw name="Password change succeeded" library="SettingPage">
<kw name="Wait Until Page Contains" library="SeleniumLibrary">
<doc>Waits until ``text`` appears on the current page.</doc>
<arguments>
<arg>You have changed your password</arg>
</arguments>
<status status="PASS" starttime="20200309 09:55:47.294" endtime="20200309 09:55:47.574"></status>
</kw>
<status status="PASS" starttime="20200309 09:55:47.294" endtime="20200309 09:55:47.574"></status>
</kw>
<status status="PASS" starttime="20200309 09:55:46.459" endtime="20200309 09:55:47.574"></status>
</kw>
<kw name="Test Teardown" type="teardown">
<kw name="Clean data" library="Database">
<kw name="Connect To Database Using Custom Params" library="DatabaseLibrary">
<doc>Loads the DB API 2.0 module given `dbapiModuleName` then uses it to
connect to the database using the map string `db_custom_param_string`.</doc>
<arguments>
<arg>pymysql</arg>
<arg>database='microblog_test', user='root', password='password', host='localhost', port=3306</arg>
</arguments>
<msg timestamp="20200309 09:55:47.579" level="INFO">Executing : Connect To Database Using Custom Params : pymysql.connect(db_api_2.connect(database='microblog_test', user='root', password='password', host='localhost', port=3306)) </msg>
<status status="PASS" starttime="20200309 09:55:47.578" endtime="20200309 09:55:47.586"></status>
</kw>
<kw name="Execute Sql Script" library="DatabaseLibrary">
<doc>Executes the content of the `sqlScriptFileName` as SQL commands. Useful for setting the database to a known
state before running your tests, or clearing out your test data after running each a test. Set optional input
`sansTran` to True to run command without an explicit transaction commit or rollback.</doc>
<arguments>
<arg>/home/local/luoyumo/Desktop/microblog_backend/tests/robot_tests/Resources${/}statement.sql</arg>
</arguments>
<msg timestamp="20200309 09:55:47.588" level="INFO">Executing : Execute SQL Script  |  /home/local/luoyumo/Desktop/microblog_backend/tests/robot_tests/Resources/statement.sql </msg>
<status status="PASS" starttime="20200309 09:55:47.587" endtime="20200309 09:55:47.603"></status>
</kw>
<status status="PASS" starttime="20200309 09:55:47.577" endtime="20200309 09:55:47.604"></status>
</kw>
<kw name="End Web Test" library="Common">
<kw name="Close Browser" library="SeleniumLibrary">
<doc>Closes the current browser.</doc>
<status status="PASS" starttime="20200309 09:55:47.607" endtime="20200309 09:55:47.692"></status>
</kw>
<status status="PASS" starttime="20200309 09:55:47.605" endtime="20200309 09:55:47.693"></status>
</kw>
<status status="PASS" starttime="20200309 09:55:47.575" endtime="20200309 09:55:47.693"></status>
</kw>
<status status="PASS" starttime="20200309 09:55:39.645" endtime="20200309 09:55:47.693" critical="yes"></status>
</test>
<test id="s1-s6-t5" name="Show error message when old password is wrong">
<kw name="Test Setup" type="setup">
<kw name="Begin Web Test" library="Common">
<kw name="Open Browser" library="SeleniumLibrary">
<doc>Opens a new browser instance to the optional ``url``.</doc>
<arguments>
<arg>about:blank</arg>
<arg>chrome</arg>
</arguments>
<msg timestamp="20200309 09:55:47.701" level="INFO">Opening browser 'chrome' to base url 'about:blank'.</msg>
<status status="PASS" starttime="20200309 09:55:47.700" endtime="20200309 09:55:49.292"></status>
</kw>
<kw name="Set Selenium Speed" library="SeleniumLibrary">
<doc>Sets the delay that is waited after each Selenium command.</doc>
<arguments>
<arg>0</arg>
</arguments>
<status status="PASS" starttime="20200309 09:55:49.293" endtime="20200309 09:55:49.295"></status>
</kw>
<kw name="Maximize Browser Window" library="SeleniumLibrary">
<doc>Maximizes current browser window.</doc>
<status status="PASS" starttime="20200309 09:55:49.295" endtime="20200309 09:55:49.403"></status>
</kw>
<status status="PASS" starttime="20200309 09:55:47.699" endtime="20200309 09:55:49.404"></status>
</kw>
<kw name="Register and login for other operations" library="App">
<arguments>
<arg>${USERNAME_1}</arg>
<arg>${PWD_1}</arg>
</arguments>
<kw name="Register a new user successfully" library="App">
<arguments>
<arg>${USERNAME}</arg>
<arg>${PWD}</arg>
</arguments>
<kw name="Go to register page" library="RegisterPage">
<kw name="Load" library="LandingPage">
<kw name="Go To" library="SeleniumLibrary">
<doc>Navigates the current browser window to the provided ``url``.</doc>
<arguments>
<arg>${START_URL}</arg>
</arguments>
<msg timestamp="20200309 09:55:49.417" level="INFO">Opening url 'http://localhost:3003'</msg>
<status status="PASS" starttime="20200309 09:55:49.417" endtime="20200309 09:55:49.710"></status>
</kw>
<status status="PASS" starttime="20200309 09:55:49.408" endtime="20200309 09:55:49.710"></status>
</kw>
<kw name="Verify Page Loaded" library="LandingPage">
<kw name="Wait Until Page Contains" library="SeleniumLibrary">
<doc>Waits until ``text`` appears on the current page.</doc>
<arguments>
<arg>Welcome to our Microblog Platform!</arg>
</arguments>
<status status="PASS" starttime="20200309 09:55:49.711" endtime="20200309 09:55:49.749"></status>
</kw>
<status status="PASS" starttime="20200309 09:55:49.710" endtime="20200309 09:55:49.749"></status>
</kw>
<kw name="Click Element" library="SeleniumLibrary">
<doc>Click the element identified by ``locator``.</doc>
<arguments>
<arg>${REGISTER_MENU}</arg>
</arguments>
<msg timestamp="20200309 09:55:49.750" level="INFO">Clicking element 'id=registerMenu'.</msg>
<status status="PASS" starttime="20200309 09:55:49.749" endtime="20200309 09:55:49.892"></status>
</kw>
<kw name="Wait Until Page Contains Element" library="SeleniumLibrary">
<doc>Waits until the element ``locator`` appears on the current page.</doc>
<arguments>
<arg>${SIGN_UP_HEADING}</arg>
</arguments>
<status status="PASS" starttime="20200309 09:55:49.893" endtime="20200309 09:55:49.930"></status>
</kw>
<status status="PASS" starttime="20200309 09:55:49.408" endtime="20200309 09:55:49.932"></status>
</kw>
<kw name="Start register" library="RegisterPage">
<arguments>
<arg>${USERNAME}</arg>
<arg>${PWD}</arg>
<arg>${PWD}</arg>
</arguments>
<kw name="Input Text" library="SeleniumLibrary">
<doc>Types the given ``text`` into the text field identified by ``locator``.</doc>
<arguments>
<arg>${REGISTER_USERNAME_FIELD}</arg>
<arg>${USERNAME}</arg>
</arguments>
<msg timestamp="20200309 09:55:49.936" level="INFO">Typing text 'testuser' into text field 'id=userName'.</msg>
<status status="PASS" starttime="20200309 09:55:49.936" endtime="20200309 09:55:50.133"></status>
</kw>
<kw name="Input Text" library="SeleniumLibrary">
<doc>Types the given ``text`` into the text field identified by ``locator``.</doc>
<arguments>
<arg>${REGISTER_PWD_FIELD}</arg>
<arg>${PWD}</arg>
</arguments>
<msg timestamp="20200309 09:55:50.133" level="INFO">Typing text 'testPwd' into text field 'id=pwd'.</msg>
<status status="PASS" starttime="20200309 09:55:50.133" endtime="20200309 09:55:50.339"></status>
</kw>
<kw name="Input Text" library="SeleniumLibrary">
<doc>Types the given ``text`` into the text field identified by ``locator``.</doc>
<arguments>
<arg>${PWD_CONFIRM_FIELD}</arg>
<arg>${PWD_CONFIRM}</arg>
</arguments>
<msg timestamp="20200309 09:55:50.340" level="INFO">Typing text 'testPwd' into text field 'id=pwdConfirm'.</msg>
<status status="PASS" starttime="20200309 09:55:50.339" endtime="20200309 09:55:50.551"></status>
</kw>
<status status="PASS" starttime="20200309 09:55:49.933" endtime="20200309 09:55:50.551"></status>
</kw>
<kw name="Register succeeded" library="RegisterPage">
<kw name="Click Button" library="SeleniumLibrary">
<doc>Clicks the button identified by ``locator``.</doc>
<arguments>
<arg>${SIGN_UP_BUTTON}</arg>
</arguments>
<msg timestamp="20200309 09:55:50.553" level="INFO">Clicking button 'id=register'.</msg>
<status status="PASS" starttime="20200309 09:55:50.552" endtime="20200309 09:55:50.697"></status>
</kw>
<kw name="Wait Until Page Contains" library="SeleniumLibrary">
<doc>Waits until ``text`` appears on the current page.</doc>
<arguments>
<arg>Register succeeded</arg>
</arguments>
<status status="PASS" starttime="20200309 09:55:50.697" endtime="20200309 09:55:51.012"></status>
</kw>
<kw name="Page Should Contain" library="SeleniumLibrary">
<doc>Verifies that current page contains ``text``.</doc>
<arguments>
<arg>Log in to your account</arg>
</arguments>
<msg timestamp="20200309 09:55:51.080" level="INFO">Current page contains text 'Log in to your account'.</msg>
<status status="PASS" starttime="20200309 09:55:51.013" endtime="20200309 09:55:51.082"></status>
</kw>
<status status="PASS" starttime="20200309 09:55:50.552" endtime="20200309 09:55:51.084"></status>
</kw>
<status status="PASS" starttime="20200309 09:55:49.407" endtime="20200309 09:55:51.087"></status>
</kw>
<kw name="Login successfully" library="App">
<arguments>
<arg>${USERNAME}</arg>
<arg>${PWD}</arg>
</arguments>
<kw name="Go to login page" library="LoginPage">
<kw name="Load" library="LandingPage">
<kw name="Go To" library="SeleniumLibrary">
<doc>Navigates the current browser window to the provided ``url``.</doc>
<arguments>
<arg>${START_URL}</arg>
</arguments>
<msg timestamp="20200309 09:55:51.094" level="INFO">Opening url 'http://localhost:3003'</msg>
<status status="PASS" starttime="20200309 09:55:51.093" endtime="20200309 09:55:51.298"></status>
</kw>
<status status="PASS" starttime="20200309 09:55:51.092" endtime="20200309 09:55:51.298"></status>
</kw>
<kw name="Verify Page Loaded" library="LandingPage">
<kw name="Wait Until Page Contains" library="SeleniumLibrary">
<doc>Waits until ``text`` appears on the current page.</doc>
<arguments>
<arg>Welcome to our Microblog Platform!</arg>
</arguments>
<status status="PASS" starttime="20200309 09:55:51.299" endtime="20200309 09:55:51.324"></status>
</kw>
<status status="PASS" starttime="20200309 09:55:51.299" endtime="20200309 09:55:51.324"></status>
</kw>
<kw name="Click Element" library="SeleniumLibrary">
<doc>Click the element identified by ``locator``.</doc>
<arguments>
<arg>${LOGINMENU}</arg>
</arguments>
<msg timestamp="20200309 09:55:51.324" level="INFO">Clicking element 'id=loginMenu'.</msg>
<status status="PASS" starttime="20200309 09:55:51.324" endtime="20200309 09:55:51.402"></status>
</kw>
<kw name="Wait Until Page Contains Element" library="SeleniumLibrary">
<doc>Waits until the element ``locator`` appears on the current page.</doc>
<arguments>
<arg>${LOGIN_HEADING}</arg>
</arguments>
<status status="PASS" starttime="20200309 09:55:51.402" endtime="20200309 09:55:51.416"></status>
</kw>
<status status="PASS" starttime="20200309 09:55:51.090" endtime="20200309 09:55:51.416"></status>
</kw>
<kw name="Start login" library="LoginPage">
<arguments>
<arg>${USERNAME}</arg>
<arg>${PWD}</arg>
</arguments>
<kw name="Input Text" library="SeleniumLibrary">
<doc>Types the given ``text`` into the text field identified by ``locator``.</doc>
<arguments>
<arg>${LOGIN_USERNAME_FIELD}</arg>
<arg>${USERNAME}</arg>
</arguments>
<msg timestamp="20200309 09:55:51.420" level="INFO">Typing text 'testuser' into text field 'id=userName'.</msg>
<status status="PASS" starttime="20200309 09:55:51.419" endtime="20200309 09:55:51.623"></status>
</kw>
<kw name="Input Text" library="SeleniumLibrary">
<doc>Types the given ``text`` into the text field identified by ``locator``.</doc>
<arguments>
<arg>${LOGIN_PWD_FIELD}</arg>
<arg>${PWD}</arg>
</arguments>
<msg timestamp="20200309 09:55:51.624" level="INFO">Typing text 'testPwd' into text field 'id=pwd'.</msg>
<status status="PASS" starttime="20200309 09:55:51.624" endtime="20200309 09:55:51.833"></status>
</kw>
<kw name="Click Button" library="SeleniumLibrary">
<doc>Clicks the button identified by ``locator``.</doc>
<arguments>
<arg>${LOGIN_BUTTON}</arg>
</arguments>
<msg timestamp="20200309 09:55:51.836" level="INFO">Clicking button 'id=loginButton'.</msg>
<status status="PASS" starttime="20200309 09:55:51.834" endtime="20200309 09:55:51.962"></status>
</kw>
<status status="PASS" starttime="20200309 09:55:51.417" endtime="20200309 09:55:51.962"></status>
</kw>
<kw name="Login succeeded" library="LoginPage">
<kw name="Wait Until Page Contains" library="SeleniumLibrary">
<doc>Waits until ``text`` appears on the current page.</doc>
<arguments>
<arg>You have logged in</arg>
</arguments>
<status status="PASS" starttime="20200309 09:55:51.963" endtime="20200309 09:55:52.059"></status>
</kw>
<kw name="Page Should Contain" library="SeleniumLibrary">
<doc>Verifies that current page contains ``text``.</doc>
<arguments>
<arg>Home</arg>
</arguments>
<msg timestamp="20200309 09:55:52.082" level="INFO">Current page contains text 'Home'.</msg>
<status status="PASS" starttime="20200309 09:55:52.059" endtime="20200309 09:55:52.083"></status>
</kw>
<status status="PASS" starttime="20200309 09:55:51.962" endtime="20200309 09:55:52.085"></status>
</kw>
<status status="PASS" starttime="20200309 09:55:51.088" endtime="20200309 09:55:52.085"></status>
</kw>
<status status="PASS" starttime="20200309 09:55:49.404" endtime="20200309 09:55:52.085"></status>
</kw>
<status status="PASS" starttime="20200309 09:55:47.698" endtime="20200309 09:55:52.086"></status>
</kw>
<kw name="Change password" library="SettingPage">
<arguments>
<arg>wrongPwd</arg>
<arg>newPwd</arg>
<arg>newPwd</arg>
</arguments>
<kw name="Go to setting page" library="SettingPage">
<kw name="Click Element" library="SeleniumLibrary">
<doc>Click the element identified by ``locator``.</doc>
<arguments>
<arg>${SETTING_DROPDOWN}</arg>
</arguments>
<msg timestamp="20200309 09:55:52.087" level="INFO">Clicking element 'id=settingDropdown'.</msg>
<status status="PASS" starttime="20200309 09:55:52.087" endtime="20200309 09:55:52.149"></status>
</kw>
<status status="PASS" starttime="20200309 09:55:52.086" endtime="20200309 09:55:52.149"></status>
</kw>
<kw name="Click Element" library="SeleniumLibrary">
<doc>Click the element identified by ``locator``.</doc>
<arguments>
<arg>${ACCOUNT_SETTING_ITEM}</arg>
</arguments>
<msg timestamp="20200309 09:55:52.150" level="INFO">Clicking element 'id=accountSettingItem'.</msg>
<status status="PASS" starttime="20200309 09:55:52.150" endtime="20200309 09:55:52.281"></status>
</kw>
<kw name="Input Text" library="SeleniumLibrary">
<doc>Types the given ``text`` into the text field identified by ``locator``.</doc>
<arguments>
<arg>${OLD_PWD_FIELD}</arg>
<arg>${OLD_PWD}</arg>
</arguments>
<msg timestamp="20200309 09:55:52.290" level="INFO">Typing text 'wrongPwd' into text field 'id=oldPwdField'.</msg>
<status status="PASS" starttime="20200309 09:55:52.289" endtime="20200309 09:55:52.453"></status>
</kw>
<kw name="Input Text" library="SeleniumLibrary">
<doc>Types the given ``text`` into the text field identified by ``locator``.</doc>
<arguments>
<arg>${NEW_PWD_FIELD}</arg>
<arg>${NEW_PWD}</arg>
</arguments>
<msg timestamp="20200309 09:55:52.454" level="INFO">Typing text 'newPwd' into text field 'id=newPwdField'.</msg>
<status status="PASS" starttime="20200309 09:55:52.454" endtime="20200309 09:55:52.626"></status>
</kw>
<kw name="Input Text" library="SeleniumLibrary">
<doc>Types the given ``text`` into the text field identified by ``locator``.</doc>
<arguments>
<arg>${NEW_PWD_CONFIRM_FIELD}</arg>
<arg>${PWD_CONFIRM}</arg>
</arguments>
<msg timestamp="20200309 09:55:52.627" level="INFO">Typing text 'newPwd' into text field 'id=pwdConfirmField'.</msg>
<status status="PASS" starttime="20200309 09:55:52.626" endtime="20200309 09:55:52.817"></status>
</kw>
<kw name="Click Button" library="SeleniumLibrary">
<doc>Clicks the button identified by ``locator``.</doc>
<arguments>
<arg>${PWD_SAVE_BUTTON}</arg>
</arguments>
<msg timestamp="20200309 09:55:52.818" level="INFO">Clicking button 'id=pwdSaveButton'.</msg>
<status status="PASS" starttime="20200309 09:55:52.817" endtime="20200309 09:55:52.933"></status>
</kw>
<status status="PASS" starttime="20200309 09:55:52.086" endtime="20200309 09:55:52.933"></status>
</kw>
<kw name="Display error" library="App">
<arguments>
<arg>Fail to change password, please make sure that your old password is correct</arg>
</arguments>
<kw name="Wait Until Page Contains" library="SeleniumLibrary">
<doc>Waits until ``text`` appears on the current page.</doc>
<arguments>
<arg>${ERROR}</arg>
</arguments>
<status status="PASS" starttime="20200309 09:55:52.935" endtime="20200309 09:55:52.983"></status>
</kw>
<status status="PASS" starttime="20200309 09:55:52.934" endtime="20200309 09:55:52.984"></status>
</kw>
<kw name="Test Teardown" type="teardown">
<kw name="Clean data" library="Database">
<kw name="Connect To Database Using Custom Params" library="DatabaseLibrary">
<doc>Loads the DB API 2.0 module given `dbapiModuleName` then uses it to
connect to the database using the map string `db_custom_param_string`.</doc>
<arguments>
<arg>pymysql</arg>
<arg>database='microblog_test', user='root', password='password', host='localhost', port=3306</arg>
</arguments>
<msg timestamp="20200309 09:55:52.987" level="INFO">Executing : Connect To Database Using Custom Params : pymysql.connect(db_api_2.connect(database='microblog_test', user='root', password='password', host='localhost', port=3306)) </msg>
<status status="PASS" starttime="20200309 09:55:52.986" endtime="20200309 09:55:52.991"></status>
</kw>
<kw name="Execute Sql Script" library="DatabaseLibrary">
<doc>Executes the content of the `sqlScriptFileName` as SQL commands. Useful for setting the database to a known
state before running your tests, or clearing out your test data after running each a test. Set optional input
`sansTran` to True to run command without an explicit transaction commit or rollback.</doc>
<arguments>
<arg>/home/local/luoyumo/Desktop/microblog_backend/tests/robot_tests/Resources${/}statement.sql</arg>
</arguments>
<msg timestamp="20200309 09:55:52.992" level="INFO">Executing : Execute SQL Script  |  /home/local/luoyumo/Desktop/microblog_backend/tests/robot_tests/Resources/statement.sql </msg>
<status status="PASS" starttime="20200309 09:55:52.991" endtime="20200309 09:55:53.015"></status>
</kw>
<status status="PASS" starttime="20200309 09:55:52.985" endtime="20200309 09:55:53.016"></status>
</kw>
<kw name="End Web Test" library="Common">
<kw name="Close Browser" library="SeleniumLibrary">
<doc>Closes the current browser.</doc>
<status status="PASS" starttime="20200309 09:55:53.018" endtime="20200309 09:55:53.075"></status>
</kw>
<status status="PASS" starttime="20200309 09:55:53.018" endtime="20200309 09:55:53.075"></status>
</kw>
<status status="PASS" starttime="20200309 09:55:52.985" endtime="20200309 09:55:53.075"></status>
</kw>
<status status="PASS" starttime="20200309 09:55:47.696" endtime="20200309 09:55:53.075" critical="yes"></status>
</test>
<doc>Test register</doc>
<status status="PASS" starttime="20200309 09:55:22.061" endtime="20200309 09:55:53.076"></status>
</suite>
<status status="PASS" starttime="20200309 09:54:28.761" endtime="20200309 09:55:53.083"></status>
</suite>
<statistics>
<total>
<stat pass="15" fail="0">Critical Tests</stat>
<stat pass="15" fail="0">All Tests</stat>
</total>
<tag>
<stat pass="2" fail="0">Login</stat>
<stat pass="5" fail="0">Register</stat>
</tag>
<suite>
<stat pass="15" fail="0" id="s1" name="Tests">Tests</stat>
<stat pass="1" fail="0" id="s1-s1" name="Discover">Tests.Discover</stat>
<stat pass="1" fail="0" id="s1-s2" name="Home">Tests.Home</stat>
<stat pass="2" fail="0" id="s1-s3" name="Login">Tests.Login</stat>
<stat pass="1" fail="0" id="s1-s4" name="Profile">Tests.Profile</stat>
<stat pass="5" fail="0" id="s1-s5" name="Register">Tests.Register</stat>
<stat pass="5" fail="0" id="s1-s6" name="Setting">Tests.Setting</stat>
</suite>
</statistics>
<errors>
</errors>
</robot>
