<?xml version="1.0" encoding="UTF-8"?>
<robot generator="Robot 3.1.2 (Python 3.7.1 on linux)" generated="20200224 14:50:30.860" rpa="false">
<suite id="s1" name="Tests" source="/home/local/luoyumo/Desktop/microblog_backend/tests/robot_tests/Tests">
<suite id="s1-s1" name="01 Register" source="/home/local/luoyumo/Desktop/microblog_backend/tests/robot_tests/Tests/01_Register.robot">
<test id="s1-s1-t1" name="New user should be able to register with valid data">
<kw name="Begin Web Test" library="Common" type="setup">
<kw name="Open Browser" library="SeleniumLibrary">
<doc>Opens a new browser instance to the optional ``url``.</doc>
<arguments>
<arg>about:blank</arg>
<arg>chrome</arg>
</arguments>
<msg timestamp="20200224 14:50:30.969" level="INFO">Opening browser 'chrome' to base url 'about:blank'.</msg>
<status status="PASS" starttime="20200224 14:50:30.969" endtime="20200224 14:50:31.596"></status>
</kw>
<status status="PASS" starttime="20200224 14:50:30.969" endtime="20200224 14:50:31.600"></status>
</kw>
<kw name="Register new user successfully" library="RegisterPage">
<arguments>
<arg>${USERNAME_1}</arg>
<arg>${PWD_1}</arg>
</arguments>
<kw name="Go to register page" library="RegisterPage">
<kw name="Load" library="LandingPage">
<kw name="Go To" library="SeleniumLibrary">
<doc>Navigates the current browser window to the provided ``url``.</doc>
<arguments>
<arg>${START_URL}</arg>
</arguments>
<msg timestamp="20200224 14:50:31.604" level="INFO">Opening url 'http://localhost:3003'</msg>
<status status="PASS" starttime="20200224 14:50:31.604" endtime="20200224 14:50:32.109"></status>
</kw>
<status status="PASS" starttime="20200224 14:50:31.602" endtime="20200224 14:50:32.110"></status>
</kw>
<kw name="Verify Page Loaded" library="LandingPage">
<kw name="Wait Until Page Contains" library="SeleniumLibrary">
<doc>Waits until ``text`` appears on the current page.</doc>
<arguments>
<arg>Welcome to our Microblog Platform!</arg>
</arguments>
<status status="PASS" starttime="20200224 14:50:32.110" endtime="20200224 14:50:32.138"></status>
</kw>
<status status="PASS" starttime="20200224 14:50:32.110" endtime="20200224 14:50:32.139"></status>
</kw>
<kw name="Click Element" library="SeleniumLibrary">
<doc>Click the element identified by ``locator``.</doc>
<arguments>
<arg>${REGISTER_MENU}</arg>
</arguments>
<msg timestamp="20200224 14:50:32.139" level="INFO">Clicking element 'id=registerMenu'.</msg>
<status status="PASS" starttime="20200224 14:50:32.139" endtime="20200224 14:50:32.296"></status>
</kw>
<kw name="Wait Until Page Contains Element" library="SeleniumLibrary">
<doc>Waits until the element ``locator`` appears on the current page.</doc>
<arguments>
<arg>${SIGN_UP_HEADING}</arg>
</arguments>
<status status="PASS" starttime="20200224 14:50:32.297" endtime="20200224 14:50:32.329"></status>
</kw>
<status status="PASS" starttime="20200224 14:50:31.601" endtime="20200224 14:50:32.329"></status>
</kw>
<kw name="Start register" library="RegisterPage">
<arguments>
<arg>${USERNAME}</arg>
<arg>${PWD}</arg>
<arg>${PWD}</arg>
</arguments>
<kw name="Input Text" library="SeleniumLibrary">
<doc>Types the given ``text`` into the text field identified by ``locator``.</doc>
<arguments>
<arg>${REGISTER_USERNAME_FIELD}</arg>
<arg>${USERNAME}</arg>
</arguments>
<msg timestamp="20200224 14:50:32.331" level="INFO">Typing text 'testuser' into text field 'id=userName'.</msg>
<status status="PASS" starttime="20200224 14:50:32.330" endtime="20200224 14:50:32.523"></status>
</kw>
<kw name="Input Text" library="SeleniumLibrary">
<doc>Types the given ``text`` into the text field identified by ``locator``.</doc>
<arguments>
<arg>${REGISTER_PWD_FIELD}</arg>
<arg>${PWD}</arg>
</arguments>
<msg timestamp="20200224 14:50:32.524" level="INFO">Typing text 'testPwd' into text field 'id=pwd'.</msg>
<status status="PASS" starttime="20200224 14:50:32.523" endtime="20200224 14:50:32.766"></status>
</kw>
<kw name="Input Text" library="SeleniumLibrary">
<doc>Types the given ``text`` into the text field identified by ``locator``.</doc>
<arguments>
<arg>${PWD_CONFIRM_FIELD}</arg>
<arg>${PWD_CONFIRM}</arg>
</arguments>
<msg timestamp="20200224 14:50:32.768" level="INFO">Typing text 'testPwd' into text field 'id=pwdConfirm'.</msg>
<status status="PASS" starttime="20200224 14:50:32.767" endtime="20200224 14:50:32.947"></status>
</kw>
<status status="PASS" starttime="20200224 14:50:32.330" endtime="20200224 14:50:32.948"></status>
</kw>
<kw name="Register succeeded" library="RegisterPage">
<kw name="Click Button" library="SeleniumLibrary">
<doc>Clicks the button identified by ``locator``.</doc>
<arguments>
<arg>${SIGN_UP_BUTTON}</arg>
</arguments>
<msg timestamp="20200224 14:50:32.948" level="INFO">Clicking button 'id=register'.</msg>
<status status="PASS" starttime="20200224 14:50:32.948" endtime="20200224 14:50:33.073"></status>
</kw>
<kw name="Wait Until Page Contains" library="SeleniumLibrary">
<doc>Waits until ``text`` appears on the current page.</doc>
<arguments>
<arg>Register succeeded</arg>
</arguments>
<status status="PASS" starttime="20200224 14:50:33.075" endtime="20200224 14:50:33.330"></status>
</kw>
<kw name="Page Should Contain" library="SeleniumLibrary">
<doc>Verifies that current page contains ``text``.</doc>
<arguments>
<arg>Log in to your account</arg>
</arguments>
<msg timestamp="20200224 14:50:33.350" level="INFO">Current page contains text 'Log in to your account'.</msg>
<status status="PASS" starttime="20200224 14:50:33.331" endtime="20200224 14:50:33.351"></status>
</kw>
<status status="PASS" starttime="20200224 14:50:32.948" endtime="20200224 14:50:33.351"></status>
</kw>
<status status="PASS" starttime="20200224 14:50:31.601" endtime="20200224 14:50:33.352"></status>
</kw>
<kw name="Register new user successfully" library="RegisterPage">
<arguments>
<arg>${USERNAME_2}</arg>
<arg>${PWD_2}</arg>
</arguments>
<kw name="Go to register page" library="RegisterPage">
<kw name="Load" library="LandingPage">
<kw name="Go To" library="SeleniumLibrary">
<doc>Navigates the current browser window to the provided ``url``.</doc>
<arguments>
<arg>${START_URL}</arg>
</arguments>
<msg timestamp="20200224 14:50:33.354" level="INFO">Opening url 'http://localhost:3003'</msg>
<status status="PASS" starttime="20200224 14:50:33.354" endtime="20200224 14:50:33.498"></status>
</kw>
<status status="PASS" starttime="20200224 14:50:33.353" endtime="20200224 14:50:33.498"></status>
</kw>
<kw name="Verify Page Loaded" library="LandingPage">
<kw name="Wait Until Page Contains" library="SeleniumLibrary">
<doc>Waits until ``text`` appears on the current page.</doc>
<arguments>
<arg>Welcome to our Microblog Platform!</arg>
</arguments>
<status status="PASS" starttime="20200224 14:50:33.499" endtime="20200224 14:50:33.511"></status>
</kw>
<status status="PASS" starttime="20200224 14:50:33.499" endtime="20200224 14:50:33.511"></status>
</kw>
<kw name="Click Element" library="SeleniumLibrary">
<doc>Click the element identified by ``locator``.</doc>
<arguments>
<arg>${REGISTER_MENU}</arg>
</arguments>
<msg timestamp="20200224 14:50:33.512" level="INFO">Clicking element 'id=registerMenu'.</msg>
<status status="PASS" starttime="20200224 14:50:33.512" endtime="20200224 14:50:33.582"></status>
</kw>
<kw name="Wait Until Page Contains Element" library="SeleniumLibrary">
<doc>Waits until the element ``locator`` appears on the current page.</doc>
<arguments>
<arg>${SIGN_UP_HEADING}</arg>
</arguments>
<status status="PASS" starttime="20200224 14:50:33.582" endtime="20200224 14:50:33.594"></status>
</kw>
<status status="PASS" starttime="20200224 14:50:33.353" endtime="20200224 14:50:33.594"></status>
</kw>
<kw name="Start register" library="RegisterPage">
<arguments>
<arg>${USERNAME}</arg>
<arg>${PWD}</arg>
<arg>${PWD}</arg>
</arguments>
<kw name="Input Text" library="SeleniumLibrary">
<doc>Types the given ``text`` into the text field identified by ``locator``.</doc>
<arguments>
<arg>${REGISTER_USERNAME_FIELD}</arg>
<arg>${USERNAME}</arg>
</arguments>
<msg timestamp="20200224 14:50:33.597" level="INFO">Typing text 'testUser2' into text field 'id=userName'.</msg>
<status status="PASS" starttime="20200224 14:50:33.596" endtime="20200224 14:50:33.777"></status>
</kw>
<kw name="Input Text" library="SeleniumLibrary">
<doc>Types the given ``text`` into the text field identified by ``locator``.</doc>
<arguments>
<arg>${REGISTER_PWD_FIELD}</arg>
<arg>${PWD}</arg>
</arguments>
<msg timestamp="20200224 14:50:33.779" level="INFO">Typing text 'testPwd2' into text field 'id=pwd'.</msg>
<status status="PASS" starttime="20200224 14:50:33.778" endtime="20200224 14:50:33.954"></status>
</kw>
<kw name="Input Text" library="SeleniumLibrary">
<doc>Types the given ``text`` into the text field identified by ``locator``.</doc>
<arguments>
<arg>${PWD_CONFIRM_FIELD}</arg>
<arg>${PWD_CONFIRM}</arg>
</arguments>
<msg timestamp="20200224 14:50:33.955" level="INFO">Typing text 'testPwd2' into text field 'id=pwdConfirm'.</msg>
<status status="PASS" starttime="20200224 14:50:33.955" endtime="20200224 14:50:34.112"></status>
</kw>
<status status="PASS" starttime="20200224 14:50:33.595" endtime="20200224 14:50:34.112"></status>
</kw>
<kw name="Register succeeded" library="RegisterPage">
<kw name="Click Button" library="SeleniumLibrary">
<doc>Clicks the button identified by ``locator``.</doc>
<arguments>
<arg>${SIGN_UP_BUTTON}</arg>
</arguments>
<msg timestamp="20200224 14:50:34.113" level="INFO">Clicking button 'id=register'.</msg>
<status status="PASS" starttime="20200224 14:50:34.112" endtime="20200224 14:50:34.247"></status>
</kw>
<kw name="Wait Until Page Contains" library="SeleniumLibrary">
<doc>Waits until ``text`` appears on the current page.</doc>
<arguments>
<arg>Register succeeded</arg>
</arguments>
<status status="PASS" starttime="20200224 14:50:34.248" endtime="20200224 14:50:34.509"></status>
</kw>
<kw name="Page Should Contain" library="SeleniumLibrary">
<doc>Verifies that current page contains ``text``.</doc>
<arguments>
<arg>Log in to your account</arg>
</arguments>
<msg timestamp="20200224 14:50:34.534" level="INFO">Current page contains text 'Log in to your account'.</msg>
<status status="PASS" starttime="20200224 14:50:34.509" endtime="20200224 14:50:34.535"></status>
</kw>
<status status="PASS" starttime="20200224 14:50:34.112" endtime="20200224 14:50:34.535"></status>
</kw>
<status status="PASS" starttime="20200224 14:50:33.352" endtime="20200224 14:50:34.535"></status>
</kw>
<kw name="End Web Test" library="Common" type="teardown">
<kw name="Close Browser" library="SeleniumLibrary">
<doc>Closes the current browser.</doc>
<status status="PASS" starttime="20200224 14:50:34.536" endtime="20200224 14:50:34.605"></status>
</kw>
<status status="PASS" starttime="20200224 14:50:34.536" endtime="20200224 14:50:34.606"></status>
</kw>
<tags>
<tag>Register</tag>
</tags>
<status status="PASS" starttime="20200224 14:50:30.969" endtime="20200224 14:50:34.606" critical="yes"></status>
</test>
<test id="s1-s1-t2" name="Error should exist when register with existing username">
<kw name="Begin Web Test" library="Common" type="setup">
<kw name="Open Browser" library="SeleniumLibrary">
<doc>Opens a new browser instance to the optional ``url``.</doc>
<arguments>
<arg>about:blank</arg>
<arg>chrome</arg>
</arguments>
<msg timestamp="20200224 14:50:34.610" level="INFO">Opening browser 'chrome' to base url 'about:blank'.</msg>
<status status="PASS" starttime="20200224 14:50:34.609" endtime="20200224 14:50:36.159"></status>
</kw>
<status status="PASS" starttime="20200224 14:50:34.609" endtime="20200224 14:50:36.159"></status>
</kw>
<kw name="Go to register page" library="RegisterPage">
<kw name="Load" library="LandingPage">
<kw name="Go To" library="SeleniumLibrary">
<doc>Navigates the current browser window to the provided ``url``.</doc>
<arguments>
<arg>${START_URL}</arg>
</arguments>
<msg timestamp="20200224 14:50:36.160" level="INFO">Opening url 'http://localhost:3003'</msg>
<status status="PASS" starttime="20200224 14:50:36.160" endtime="20200224 14:50:36.547"></status>
</kw>
<status status="PASS" starttime="20200224 14:50:36.160" endtime="20200224 14:50:36.547"></status>
</kw>
<kw name="Verify Page Loaded" library="LandingPage">
<kw name="Wait Until Page Contains" library="SeleniumLibrary">
<doc>Waits until ``text`` appears on the current page.</doc>
<arguments>
<arg>Welcome to our Microblog Platform!</arg>
</arguments>
<status status="PASS" starttime="20200224 14:50:36.548" endtime="20200224 14:50:36.572"></status>
</kw>
<status status="PASS" starttime="20200224 14:50:36.547" endtime="20200224 14:50:36.572"></status>
</kw>
<kw name="Click Element" library="SeleniumLibrary">
<doc>Click the element identified by ``locator``.</doc>
<arguments>
<arg>${REGISTER_MENU}</arg>
</arguments>
<msg timestamp="20200224 14:50:36.572" level="INFO">Clicking element 'id=registerMenu'.</msg>
<status status="PASS" starttime="20200224 14:50:36.572" endtime="20200224 14:50:36.723"></status>
</kw>
<kw name="Wait Until Page Contains Element" library="SeleniumLibrary">
<doc>Waits until the element ``locator`` appears on the current page.</doc>
<arguments>
<arg>${SIGN_UP_HEADING}</arg>
</arguments>
<status status="PASS" starttime="20200224 14:50:36.723" endtime="20200224 14:50:36.748"></status>
</kw>
<status status="PASS" starttime="20200224 14:50:36.160" endtime="20200224 14:50:36.748"></status>
</kw>
<kw name="Start register" library="RegisterPage">
<arguments>
<arg>${USERNAME_1}</arg>
<arg>pwd</arg>
<arg>pwd</arg>
</arguments>
<kw name="Input Text" library="SeleniumLibrary">
<doc>Types the given ``text`` into the text field identified by ``locator``.</doc>
<arguments>
<arg>${REGISTER_USERNAME_FIELD}</arg>
<arg>${USERNAME}</arg>
</arguments>
<msg timestamp="20200224 14:50:36.749" level="INFO">Typing text 'testuser' into text field 'id=userName'.</msg>
<status status="PASS" starttime="20200224 14:50:36.749" endtime="20200224 14:50:36.934"></status>
</kw>
<kw name="Input Text" library="SeleniumLibrary">
<doc>Types the given ``text`` into the text field identified by ``locator``.</doc>
<arguments>
<arg>${REGISTER_PWD_FIELD}</arg>
<arg>${PWD}</arg>
</arguments>
<msg timestamp="20200224 14:50:36.935" level="INFO">Typing text 'pwd' into text field 'id=pwd'.</msg>
<status status="PASS" starttime="20200224 14:50:36.934" endtime="20200224 14:50:37.058"></status>
</kw>
<kw name="Input Text" library="SeleniumLibrary">
<doc>Types the given ``text`` into the text field identified by ``locator``.</doc>
<arguments>
<arg>${PWD_CONFIRM_FIELD}</arg>
<arg>${PWD_CONFIRM}</arg>
</arguments>
<msg timestamp="20200224 14:50:37.058" level="INFO">Typing text 'pwd' into text field 'id=pwdConfirm'.</msg>
<status status="PASS" starttime="20200224 14:50:37.058" endtime="20200224 14:50:37.176"></status>
</kw>
<status status="PASS" starttime="20200224 14:50:36.748" endtime="20200224 14:50:37.177"></status>
</kw>
<kw name="Display errors" library="RegisterPage">
<arguments>
<arg>User name is already existed</arg>
</arguments>
<kw name="Wait Until Page Contains" library="SeleniumLibrary">
<doc>Waits until ``text`` appears on the current page.</doc>
<arguments>
<arg>${ERROR}</arg>
</arguments>
<status status="PASS" starttime="20200224 14:50:37.177" endtime="20200224 14:50:37.692"></status>
</kw>
<status status="PASS" starttime="20200224 14:50:37.177" endtime="20200224 14:50:37.692"></status>
</kw>
<kw name="End Web Test" library="Common" type="teardown">
<kw name="Close Browser" library="SeleniumLibrary">
<doc>Closes the current browser.</doc>
<status status="PASS" starttime="20200224 14:50:37.695" endtime="20200224 14:50:38.775"></status>
</kw>
<status status="PASS" starttime="20200224 14:50:37.693" endtime="20200224 14:50:38.776"></status>
</kw>
<tags>
<tag>Register</tag>
</tags>
<status status="PASS" starttime="20200224 14:50:34.607" endtime="20200224 14:50:38.776" critical="yes"></status>
</test>
<test id="s1-s1-t3" name="Error should exist when register with invalid username">
<kw name="Begin Web Test" library="Common" type="setup">
<kw name="Open Browser" library="SeleniumLibrary">
<doc>Opens a new browser instance to the optional ``url``.</doc>
<arguments>
<arg>about:blank</arg>
<arg>chrome</arg>
</arguments>
<msg timestamp="20200224 14:50:38.783" level="INFO">Opening browser 'chrome' to base url 'about:blank'.</msg>
<status status="PASS" starttime="20200224 14:50:38.781" endtime="20200224 14:50:40.368"></status>
</kw>
<status status="PASS" starttime="20200224 14:50:38.780" endtime="20200224 14:50:40.369"></status>
</kw>
<kw name="Go to register page" library="RegisterPage">
<kw name="Load" library="LandingPage">
<kw name="Go To" library="SeleniumLibrary">
<doc>Navigates the current browser window to the provided ``url``.</doc>
<arguments>
<arg>${START_URL}</arg>
</arguments>
<msg timestamp="20200224 14:50:40.371" level="INFO">Opening url 'http://localhost:3003'</msg>
<status status="PASS" starttime="20200224 14:50:40.371" endtime="20200224 14:50:40.730"></status>
</kw>
<status status="PASS" starttime="20200224 14:50:40.371" endtime="20200224 14:50:40.730"></status>
</kw>
<kw name="Verify Page Loaded" library="LandingPage">
<kw name="Wait Until Page Contains" library="SeleniumLibrary">
<doc>Waits until ``text`` appears on the current page.</doc>
<arguments>
<arg>Welcome to our Microblog Platform!</arg>
</arguments>
<status status="PASS" starttime="20200224 14:50:40.731" endtime="20200224 14:50:40.754"></status>
</kw>
<status status="PASS" starttime="20200224 14:50:40.730" endtime="20200224 14:50:40.754"></status>
</kw>
<kw name="Click Element" library="SeleniumLibrary">
<doc>Click the element identified by ``locator``.</doc>
<arguments>
<arg>${REGISTER_MENU}</arg>
</arguments>
<msg timestamp="20200224 14:50:40.754" level="INFO">Clicking element 'id=registerMenu'.</msg>
<status status="PASS" starttime="20200224 14:50:40.754" endtime="20200224 14:50:40.897"></status>
</kw>
<kw name="Wait Until Page Contains Element" library="SeleniumLibrary">
<doc>Waits until the element ``locator`` appears on the current page.</doc>
<arguments>
<arg>${SIGN_UP_HEADING}</arg>
</arguments>
<status status="PASS" starttime="20200224 14:50:40.897" endtime="20200224 14:50:40.929"></status>
</kw>
<status status="PASS" starttime="20200224 14:50:40.370" endtime="20200224 14:50:40.930"></status>
</kw>
<kw name="Start register" library="RegisterPage">
<arguments>
<arg>a</arg>
<arg>pwd</arg>
<arg>pwd</arg>
</arguments>
<kw name="Input Text" library="SeleniumLibrary">
<doc>Types the given ``text`` into the text field identified by ``locator``.</doc>
<arguments>
<arg>${REGISTER_USERNAME_FIELD}</arg>
<arg>${USERNAME}</arg>
</arguments>
<msg timestamp="20200224 14:50:40.933" level="INFO">Typing text 'a' into text field 'id=userName'.</msg>
<status status="PASS" starttime="20200224 14:50:40.933" endtime="20200224 14:50:41.028"></status>
</kw>
<kw name="Input Text" library="SeleniumLibrary">
<doc>Types the given ``text`` into the text field identified by ``locator``.</doc>
<arguments>
<arg>${REGISTER_PWD_FIELD}</arg>
<arg>${PWD}</arg>
</arguments>
<msg timestamp="20200224 14:50:41.028" level="INFO">Typing text 'pwd' into text field 'id=pwd'.</msg>
<status status="PASS" starttime="20200224 14:50:41.028" endtime="20200224 14:50:41.148"></status>
</kw>
<kw name="Input Text" library="SeleniumLibrary">
<doc>Types the given ``text`` into the text field identified by ``locator``.</doc>
<arguments>
<arg>${PWD_CONFIRM_FIELD}</arg>
<arg>${PWD_CONFIRM}</arg>
</arguments>
<msg timestamp="20200224 14:50:41.148" level="INFO">Typing text 'pwd' into text field 'id=pwdConfirm'.</msg>
<status status="PASS" starttime="20200224 14:50:41.148" endtime="20200224 14:50:41.265"></status>
</kw>
<status status="PASS" starttime="20200224 14:50:40.931" endtime="20200224 14:50:41.265"></status>
</kw>
<kw name="Display errors" library="RegisterPage">
<arguments>
<arg>Username should be between 3 and 255 characters</arg>
</arguments>
<kw name="Wait Until Page Contains" library="SeleniumLibrary">
<doc>Waits until ``text`` appears on the current page.</doc>
<arguments>
<arg>${ERROR}</arg>
</arguments>
<status status="PASS" starttime="20200224 14:50:41.266" endtime="20200224 14:50:41.280"></status>
</kw>
<status status="PASS" starttime="20200224 14:50:41.266" endtime="20200224 14:50:41.281"></status>
</kw>
<kw name="End Web Test" library="Common" type="teardown">
<kw name="Close Browser" library="SeleniumLibrary">
<doc>Closes the current browser.</doc>
<status status="PASS" starttime="20200224 14:50:41.281" endtime="20200224 14:50:41.335"></status>
</kw>
<status status="PASS" starttime="20200224 14:50:41.281" endtime="20200224 14:50:41.336"></status>
</kw>
<tags>
<tag>Register</tag>
</tags>
<status status="PASS" starttime="20200224 14:50:38.778" endtime="20200224 14:50:41.336" critical="yes"></status>
</test>
<test id="s1-s1-t4" name="Error should exist when register with invalid password">
<kw name="Begin Web Test" library="Common" type="setup">
<kw name="Open Browser" library="SeleniumLibrary">
<doc>Opens a new browser instance to the optional ``url``.</doc>
<arguments>
<arg>about:blank</arg>
<arg>chrome</arg>
</arguments>
<msg timestamp="20200224 14:50:41.337" level="INFO">Opening browser 'chrome' to base url 'about:blank'.</msg>
<status status="PASS" starttime="20200224 14:50:41.337" endtime="20200224 14:50:42.948"></status>
</kw>
<status status="PASS" starttime="20200224 14:50:41.337" endtime="20200224 14:50:42.948"></status>
</kw>
<kw name="Go to register page" library="RegisterPage">
<kw name="Load" library="LandingPage">
<kw name="Go To" library="SeleniumLibrary">
<doc>Navigates the current browser window to the provided ``url``.</doc>
<arguments>
<arg>${START_URL}</arg>
</arguments>
<msg timestamp="20200224 14:50:42.950" level="INFO">Opening url 'http://localhost:3003'</msg>
<status status="PASS" starttime="20200224 14:50:42.950" endtime="20200224 14:50:43.373"></status>
</kw>
<status status="PASS" starttime="20200224 14:50:42.949" endtime="20200224 14:50:43.373"></status>
</kw>
<kw name="Verify Page Loaded" library="LandingPage">
<kw name="Wait Until Page Contains" library="SeleniumLibrary">
<doc>Waits until ``text`` appears on the current page.</doc>
<arguments>
<arg>Welcome to our Microblog Platform!</arg>
</arguments>
<status status="PASS" starttime="20200224 14:50:43.374" endtime="20200224 14:50:43.394"></status>
</kw>
<status status="PASS" starttime="20200224 14:50:43.373" endtime="20200224 14:50:43.394"></status>
</kw>
<kw name="Click Element" library="SeleniumLibrary">
<doc>Click the element identified by ``locator``.</doc>
<arguments>
<arg>${REGISTER_MENU}</arg>
</arguments>
<msg timestamp="20200224 14:50:43.394" level="INFO">Clicking element 'id=registerMenu'.</msg>
<status status="PASS" starttime="20200224 14:50:43.394" endtime="20200224 14:50:43.527"></status>
</kw>
<kw name="Wait Until Page Contains Element" library="SeleniumLibrary">
<doc>Waits until the element ``locator`` appears on the current page.</doc>
<arguments>
<arg>${SIGN_UP_HEADING}</arg>
</arguments>
<status status="PASS" starttime="20200224 14:50:43.527" endtime="20200224 14:50:43.554"></status>
</kw>
<status status="PASS" starttime="20200224 14:50:42.949" endtime="20200224 14:50:43.554"></status>
</kw>
<kw name="Start register" library="RegisterPage">
<arguments>
<arg>newUser</arg>
<arg>p</arg>
<arg>p</arg>
</arguments>
<kw name="Input Text" library="SeleniumLibrary">
<doc>Types the given ``text`` into the text field identified by ``locator``.</doc>
<arguments>
<arg>${REGISTER_USERNAME_FIELD}</arg>
<arg>${USERNAME}</arg>
</arguments>
<msg timestamp="20200224 14:50:43.555" level="INFO">Typing text 'newUser' into text field 'id=userName'.</msg>
<status status="PASS" starttime="20200224 14:50:43.555" endtime="20200224 14:50:43.708"></status>
</kw>
<kw name="Input Text" library="SeleniumLibrary">
<doc>Types the given ``text`` into the text field identified by ``locator``.</doc>
<arguments>
<arg>${REGISTER_PWD_FIELD}</arg>
<arg>${PWD}</arg>
</arguments>
<msg timestamp="20200224 14:50:43.709" level="INFO">Typing text 'p' into text field 'id=pwd'.</msg>
<status status="PASS" starttime="20200224 14:50:43.708" endtime="20200224 14:50:43.809"></status>
</kw>
<kw name="Input Text" library="SeleniumLibrary">
<doc>Types the given ``text`` into the text field identified by ``locator``.</doc>
<arguments>
<arg>${PWD_CONFIRM_FIELD}</arg>
<arg>${PWD_CONFIRM}</arg>
</arguments>
<msg timestamp="20200224 14:50:43.809" level="INFO">Typing text 'p' into text field 'id=pwdConfirm'.</msg>
<status status="PASS" starttime="20200224 14:50:43.809" endtime="20200224 14:50:43.919"></status>
</kw>
<status status="PASS" starttime="20200224 14:50:43.554" endtime="20200224 14:50:43.920"></status>
</kw>
<kw name="Display errors" library="RegisterPage">
<arguments>
<arg>Password should be between 3 and 255 characters</arg>
</arguments>
<kw name="Wait Until Page Contains" library="SeleniumLibrary">
<doc>Waits until ``text`` appears on the current page.</doc>
<arguments>
<arg>${ERROR}</arg>
</arguments>
<status status="PASS" starttime="20200224 14:50:43.920" endtime="20200224 14:50:43.937"></status>
</kw>
<status status="PASS" starttime="20200224 14:50:43.920" endtime="20200224 14:50:43.937"></status>
</kw>
<kw name="End Web Test" library="Common" type="teardown">
<kw name="Close Browser" library="SeleniumLibrary">
<doc>Closes the current browser.</doc>
<status status="PASS" starttime="20200224 14:50:43.939" endtime="20200224 14:50:43.996"></status>
</kw>
<status status="PASS" starttime="20200224 14:50:43.939" endtime="20200224 14:50:43.996"></status>
</kw>
<tags>
<tag>Register</tag>
</tags>
<status status="PASS" starttime="20200224 14:50:41.336" endtime="20200224 14:50:43.996" critical="yes"></status>
</test>
<test id="s1-s1-t5" name="Error should exist when password and its confirmation are different">
<kw name="Begin Web Test" library="Common" type="setup">
<kw name="Open Browser" library="SeleniumLibrary">
<doc>Opens a new browser instance to the optional ``url``.</doc>
<arguments>
<arg>about:blank</arg>
<arg>chrome</arg>
</arguments>
<msg timestamp="20200224 14:50:43.998" level="INFO">Opening browser 'chrome' to base url 'about:blank'.</msg>
<status status="PASS" starttime="20200224 14:50:43.998" endtime="20200224 14:50:45.560"></status>
</kw>
<status status="PASS" starttime="20200224 14:50:43.998" endtime="20200224 14:50:45.561"></status>
</kw>
<kw name="Go to register page" library="RegisterPage">
<kw name="Load" library="LandingPage">
<kw name="Go To" library="SeleniumLibrary">
<doc>Navigates the current browser window to the provided ``url``.</doc>
<arguments>
<arg>${START_URL}</arg>
</arguments>
<msg timestamp="20200224 14:50:45.563" level="INFO">Opening url 'http://localhost:3003'</msg>
<status status="PASS" starttime="20200224 14:50:45.563" endtime="20200224 14:50:46.025"></status>
</kw>
<status status="PASS" starttime="20200224 14:50:45.562" endtime="20200224 14:50:46.025"></status>
</kw>
<kw name="Verify Page Loaded" library="LandingPage">
<kw name="Wait Until Page Contains" library="SeleniumLibrary">
<doc>Waits until ``text`` appears on the current page.</doc>
<arguments>
<arg>Welcome to our Microblog Platform!</arg>
</arguments>
<status status="PASS" starttime="20200224 14:50:46.025" endtime="20200224 14:50:46.053"></status>
</kw>
<status status="PASS" starttime="20200224 14:50:46.025" endtime="20200224 14:50:46.054"></status>
</kw>
<kw name="Click Element" library="SeleniumLibrary">
<doc>Click the element identified by ``locator``.</doc>
<arguments>
<arg>${REGISTER_MENU}</arg>
</arguments>
<msg timestamp="20200224 14:50:46.054" level="INFO">Clicking element 'id=registerMenu'.</msg>
<status status="PASS" starttime="20200224 14:50:46.054" endtime="20200224 14:50:46.178"></status>
</kw>
<kw name="Wait Until Page Contains Element" library="SeleniumLibrary">
<doc>Waits until the element ``locator`` appears on the current page.</doc>
<arguments>
<arg>${SIGN_UP_HEADING}</arg>
</arguments>
<status status="PASS" starttime="20200224 14:50:46.179" endtime="20200224 14:50:46.206"></status>
</kw>
<status status="PASS" starttime="20200224 14:50:45.561" endtime="20200224 14:50:46.206"></status>
</kw>
<kw name="Start register" library="RegisterPage">
<arguments>
<arg>newUser</arg>
<arg>pwd</arg>
<arg>diffPwd</arg>
</arguments>
<kw name="Input Text" library="SeleniumLibrary">
<doc>Types the given ``text`` into the text field identified by ``locator``.</doc>
<arguments>
<arg>${REGISTER_USERNAME_FIELD}</arg>
<arg>${USERNAME}</arg>
</arguments>
<msg timestamp="20200224 14:50:46.207" level="INFO">Typing text 'newUser' into text field 'id=userName'.</msg>
<status status="PASS" starttime="20200224 14:50:46.206" endtime="20200224 14:50:46.359"></status>
</kw>
<kw name="Input Text" library="SeleniumLibrary">
<doc>Types the given ``text`` into the text field identified by ``locator``.</doc>
<arguments>
<arg>${REGISTER_PWD_FIELD}</arg>
<arg>${PWD}</arg>
</arguments>
<msg timestamp="20200224 14:50:46.360" level="INFO">Typing text 'pwd' into text field 'id=pwd'.</msg>
<status status="PASS" starttime="20200224 14:50:46.359" endtime="20200224 14:50:46.478"></status>
</kw>
<kw name="Input Text" library="SeleniumLibrary">
<doc>Types the given ``text`` into the text field identified by ``locator``.</doc>
<arguments>
<arg>${PWD_CONFIRM_FIELD}</arg>
<arg>${PWD_CONFIRM}</arg>
</arguments>
<msg timestamp="20200224 14:50:46.479" level="INFO">Typing text 'diffPwd' into text field 'id=pwdConfirm'.</msg>
<status status="PASS" starttime="20200224 14:50:46.479" endtime="20200224 14:50:46.641"></status>
</kw>
<status status="PASS" starttime="20200224 14:50:46.206" endtime="20200224 14:50:46.641"></status>
</kw>
<kw name="Display errors" library="RegisterPage">
<arguments>
<arg>Confirmation does not match the password</arg>
</arguments>
<kw name="Wait Until Page Contains" library="SeleniumLibrary">
<doc>Waits until ``text`` appears on the current page.</doc>
<arguments>
<arg>${ERROR}</arg>
</arguments>
<status status="PASS" starttime="20200224 14:50:46.641" endtime="20200224 14:50:46.660"></status>
</kw>
<status status="PASS" starttime="20200224 14:50:46.641" endtime="20200224 14:50:46.660"></status>
</kw>
<kw name="End Web Test" library="Common" type="teardown">
<kw name="Close Browser" library="SeleniumLibrary">
<doc>Closes the current browser.</doc>
<status status="PASS" starttime="20200224 14:50:46.661" endtime="20200224 14:50:46.719"></status>
</kw>
<status status="PASS" starttime="20200224 14:50:46.661" endtime="20200224 14:50:46.719"></status>
</kw>
<tags>
<tag>Register</tag>
</tags>
<status status="PASS" starttime="20200224 14:50:43.997" endtime="20200224 14:50:46.719" critical="yes"></status>
</test>
<doc>Test register</doc>
<status status="PASS" starttime="20200224 14:50:30.880" endtime="20200224 14:50:46.720"></status>
</suite>
<suite id="s1-s2" name="02 Login" source="/home/local/luoyumo/Desktop/microblog_backend/tests/robot_tests/Tests/02_Login.robot">
<test id="s1-s2-t1" name="User should be able to login with correct credentials">
<kw name="Begin Web Test" library="Common" type="setup">
<kw name="Open Browser" library="SeleniumLibrary">
<doc>Opens a new browser instance to the optional ``url``.</doc>
<arguments>
<arg>about:blank</arg>
<arg>chrome</arg>
</arguments>
<msg timestamp="20200224 14:50:46.741" level="INFO">Opening browser 'chrome' to base url 'about:blank'.</msg>
<status status="PASS" starttime="20200224 14:50:46.741" endtime="20200224 14:50:48.292"></status>
</kw>
<status status="PASS" starttime="20200224 14:50:46.741" endtime="20200224 14:50:48.294"></status>
</kw>
<kw name="Login for other operations" library="LoginPage">
<arguments>
<arg>${USERNAME_1}</arg>
<arg>${PWD_1}</arg>
</arguments>
<kw name="Go to login page" library="LoginPage">
<kw name="Load" library="LandingPage">
<kw name="Go To" library="SeleniumLibrary">
<doc>Navigates the current browser window to the provided ``url``.</doc>
<arguments>
<arg>${START_URL}</arg>
</arguments>
<msg timestamp="20200224 14:50:48.296" level="INFO">Opening url 'http://localhost:3003'</msg>
<status status="PASS" starttime="20200224 14:50:48.296" endtime="20200224 14:50:48.671"></status>
</kw>
<status status="PASS" starttime="20200224 14:50:48.296" endtime="20200224 14:50:48.672"></status>
</kw>
<kw name="Verify Page Loaded" library="LandingPage">
<kw name="Wait Until Page Contains" library="SeleniumLibrary">
<doc>Waits until ``text`` appears on the current page.</doc>
<arguments>
<arg>Welcome to our Microblog Platform!</arg>
</arguments>
<status status="PASS" starttime="20200224 14:50:48.674" endtime="20200224 14:50:48.696"></status>
</kw>
<status status="PASS" starttime="20200224 14:50:48.673" endtime="20200224 14:50:48.696"></status>
</kw>
<kw name="Click Element" library="SeleniumLibrary">
<doc>Click the element identified by ``locator``.</doc>
<arguments>
<arg>${LOGINMENU}</arg>
</arguments>
<msg timestamp="20200224 14:50:48.696" level="INFO">Clicking element 'id=loginMenu'.</msg>
<status status="PASS" starttime="20200224 14:50:48.696" endtime="20200224 14:50:48.819"></status>
</kw>
<kw name="Wait Until Page Contains Element" library="SeleniumLibrary">
<doc>Waits until the element ``locator`` appears on the current page.</doc>
<arguments>
<arg>${LOGIN_HEADING}</arg>
</arguments>
<status status="PASS" starttime="20200224 14:50:48.819" endtime="20200224 14:50:48.844"></status>
</kw>
<status status="PASS" starttime="20200224 14:50:48.296" endtime="20200224 14:50:48.845"></status>
</kw>
<kw name="Start login" library="LoginPage">
<arguments>
<arg>${USERNAME}</arg>
<arg>${PWD}</arg>
</arguments>
<kw name="Input Text" library="SeleniumLibrary">
<doc>Types the given ``text`` into the text field identified by ``locator``.</doc>
<arguments>
<arg>${LOGIN_USERNAME_FIELD}</arg>
<arg>${USERNAME}</arg>
</arguments>
<msg timestamp="20200224 14:50:48.846" level="INFO">Typing text 'testuser' into text field 'id=userName'.</msg>
<status status="PASS" starttime="20200224 14:50:48.845" endtime="20200224 14:50:49.003"></status>
</kw>
<kw name="Input Text" library="SeleniumLibrary">
<doc>Types the given ``text`` into the text field identified by ``locator``.</doc>
<arguments>
<arg>${LOGIN_PWD_FIELD}</arg>
<arg>${PWD}</arg>
</arguments>
<msg timestamp="20200224 14:50:49.004" level="INFO">Typing text 'testPwd' into text field 'id=pwd'.</msg>
<status status="PASS" starttime="20200224 14:50:49.004" endtime="20200224 14:50:49.161"></status>
</kw>
<kw name="Click Button" library="SeleniumLibrary">
<doc>Clicks the button identified by ``locator``.</doc>
<arguments>
<arg>${LOGIN_BUTTON}</arg>
</arguments>
<msg timestamp="20200224 14:50:49.162" level="INFO">Clicking button 'id=loginButton'.</msg>
<status status="PASS" starttime="20200224 14:50:49.161" endtime="20200224 14:50:49.261"></status>
</kw>
<status status="PASS" starttime="20200224 14:50:48.845" endtime="20200224 14:50:49.261"></status>
</kw>
<kw name="Login succeeded" library="LoginPage">
<kw name="Wait Until Page Contains" library="SeleniumLibrary">
<doc>Waits until ``text`` appears on the current page.</doc>
<arguments>
<arg>You have logged in</arg>
</arguments>
<status status="PASS" starttime="20200224 14:50:49.262" endtime="20200224 14:50:49.586"></status>
</kw>
<kw name="Page Should Contain" library="SeleniumLibrary">
<doc>Verifies that current page contains ``text``.</doc>
<arguments>
<arg>Home</arg>
</arguments>
<msg timestamp="20200224 14:50:49.651" level="INFO">Current page contains text 'Home'.</msg>
<status status="PASS" starttime="20200224 14:50:49.587" endtime="20200224 14:50:49.652"></status>
</kw>
<status status="PASS" starttime="20200224 14:50:49.262" endtime="20200224 14:50:49.653"></status>
</kw>
<status status="PASS" starttime="20200224 14:50:48.295" endtime="20200224 14:50:49.653"></status>
</kw>
<kw name="End Web Test" library="Common" type="teardown">
<kw name="Close Browser" library="SeleniumLibrary">
<doc>Closes the current browser.</doc>
<status status="PASS" starttime="20200224 14:50:49.657" endtime="20200224 14:50:49.730"></status>
</kw>
<status status="PASS" starttime="20200224 14:50:49.655" endtime="20200224 14:50:49.730"></status>
</kw>
<tags>
<tag>Login</tag>
</tags>
<status status="PASS" starttime="20200224 14:50:46.740" endtime="20200224 14:50:49.730" critical="yes"></status>
</test>
<test id="s1-s2-t2" name="User should not be able to login with wrong credentials">
<kw name="Begin Web Test" library="Common" type="setup">
<kw name="Open Browser" library="SeleniumLibrary">
<doc>Opens a new browser instance to the optional ``url``.</doc>
<arguments>
<arg>about:blank</arg>
<arg>chrome</arg>
</arguments>
<msg timestamp="20200224 14:50:49.733" level="INFO">Opening browser 'chrome' to base url 'about:blank'.</msg>
<status status="PASS" starttime="20200224 14:50:49.733" endtime="20200224 14:50:51.302"></status>
</kw>
<status status="PASS" starttime="20200224 14:50:49.732" endtime="20200224 14:50:51.303"></status>
</kw>
<kw name="Go to login page" library="LoginPage">
<kw name="Load" library="LandingPage">
<kw name="Go To" library="SeleniumLibrary">
<doc>Navigates the current browser window to the provided ``url``.</doc>
<arguments>
<arg>${START_URL}</arg>
</arguments>
<msg timestamp="20200224 14:50:51.305" level="INFO">Opening url 'http://localhost:3003'</msg>
<status status="PASS" starttime="20200224 14:50:51.304" endtime="20200224 14:50:51.711"></status>
</kw>
<status status="PASS" starttime="20200224 14:50:51.304" endtime="20200224 14:50:51.712"></status>
</kw>
<kw name="Verify Page Loaded" library="LandingPage">
<kw name="Wait Until Page Contains" library="SeleniumLibrary">
<doc>Waits until ``text`` appears on the current page.</doc>
<arguments>
<arg>Welcome to our Microblog Platform!</arg>
</arguments>
<status status="PASS" starttime="20200224 14:50:51.712" endtime="20200224 14:50:51.741"></status>
</kw>
<status status="PASS" starttime="20200224 14:50:51.712" endtime="20200224 14:50:51.741"></status>
</kw>
<kw name="Click Element" library="SeleniumLibrary">
<doc>Click the element identified by ``locator``.</doc>
<arguments>
<arg>${LOGINMENU}</arg>
</arguments>
<msg timestamp="20200224 14:50:51.741" level="INFO">Clicking element 'id=loginMenu'.</msg>
<status status="PASS" starttime="20200224 14:50:51.741" endtime="20200224 14:50:51.869"></status>
</kw>
<kw name="Wait Until Page Contains Element" library="SeleniumLibrary">
<doc>Waits until the element ``locator`` appears on the current page.</doc>
<arguments>
<arg>${LOGIN_HEADING}</arg>
</arguments>
<status status="PASS" starttime="20200224 14:50:51.869" endtime="20200224 14:50:51.897"></status>
</kw>
<status status="PASS" starttime="20200224 14:50:51.303" endtime="20200224 14:50:51.897"></status>
</kw>
<kw name="Start login" library="LoginPage">
<arguments>
<arg>${USERNAME_1}</arg>
<arg>wrongPwd</arg>
</arguments>
<kw name="Input Text" library="SeleniumLibrary">
<doc>Types the given ``text`` into the text field identified by ``locator``.</doc>
<arguments>
<arg>${LOGIN_USERNAME_FIELD}</arg>
<arg>${USERNAME}</arg>
</arguments>
<msg timestamp="20200224 14:50:51.899" level="INFO">Typing text 'testuser' into text field 'id=userName'.</msg>
<status status="PASS" starttime="20200224 14:50:51.898" endtime="20200224 14:50:52.058"></status>
</kw>
<kw name="Input Text" library="SeleniumLibrary">
<doc>Types the given ``text`` into the text field identified by ``locator``.</doc>
<arguments>
<arg>${LOGIN_PWD_FIELD}</arg>
<arg>${PWD}</arg>
</arguments>
<msg timestamp="20200224 14:50:52.059" level="INFO">Typing text 'wrongPwd' into text field 'id=pwd'.</msg>
<status status="PASS" starttime="20200224 14:50:52.058" endtime="20200224 14:50:52.206"></status>
</kw>
<kw name="Click Button" library="SeleniumLibrary">
<doc>Clicks the button identified by ``locator``.</doc>
<arguments>
<arg>${LOGIN_BUTTON}</arg>
</arguments>
<msg timestamp="20200224 14:50:52.207" level="INFO">Clicking button 'id=loginButton'.</msg>
<status status="PASS" starttime="20200224 14:50:52.206" endtime="20200224 14:50:52.293"></status>
</kw>
<status status="PASS" starttime="20200224 14:50:51.898" endtime="20200224 14:50:52.293"></status>
</kw>
<kw name="Display errors" library="LoginPage">
<kw name="Wait Until Page Contains" library="SeleniumLibrary">
<doc>Waits until ``text`` appears on the current page.</doc>
<arguments>
<arg>Login failed, wrong username or password</arg>
</arguments>
<status status="PASS" starttime="20200224 14:50:52.294" endtime="20200224 14:50:52.311"></status>
</kw>
<status status="PASS" starttime="20200224 14:50:52.294" endtime="20200224 14:50:52.312"></status>
</kw>
<kw name="End Web Test" library="Common" type="teardown">
<kw name="Close Browser" library="SeleniumLibrary">
<doc>Closes the current browser.</doc>
<status status="PASS" starttime="20200224 14:50:52.313" endtime="20200224 14:50:52.371"></status>
</kw>
<status status="PASS" starttime="20200224 14:50:52.312" endtime="20200224 14:50:52.371"></status>
</kw>
<tags>
<tag>Login</tag>
</tags>
<status status="PASS" starttime="20200224 14:50:49.731" endtime="20200224 14:50:52.371" critical="yes"></status>
</test>
<doc>Test register</doc>
<status status="PASS" starttime="20200224 14:50:46.723" endtime="20200224 14:50:52.372"></status>
</suite>
<suite id="s1-s3" name="03 Setting" source="/home/local/luoyumo/Desktop/microblog_backend/tests/robot_tests/Tests/03_Setting.robot">
<test id="s1-s3-t1" name="Can logout">
<kw name="Begin Web Test" library="Common" type="setup">
<kw name="Open Browser" library="SeleniumLibrary">
<doc>Opens a new browser instance to the optional ``url``.</doc>
<arguments>
<arg>about:blank</arg>
<arg>chrome</arg>
</arguments>
<msg timestamp="20200224 14:50:52.395" level="INFO">Opening browser 'chrome' to base url 'about:blank'.</msg>
<status status="PASS" starttime="20200224 14:50:52.395" endtime="20200224 14:50:53.927"></status>
</kw>
<status status="PASS" starttime="20200224 14:50:52.394" endtime="20200224 14:50:53.927"></status>
</kw>
<kw name="Login for other operations" library="LoginPage">
<arguments>
<arg>${USERNAME_1}</arg>
<arg>${PWD_1}</arg>
</arguments>
<kw name="Go to login page" library="LoginPage">
<kw name="Load" library="LandingPage">
<kw name="Go To" library="SeleniumLibrary">
<doc>Navigates the current browser window to the provided ``url``.</doc>
<arguments>
<arg>${START_URL}</arg>
</arguments>
<msg timestamp="20200224 14:50:53.939" level="INFO">Opening url 'http://localhost:3003'</msg>
<status status="PASS" starttime="20200224 14:50:53.936" endtime="20200224 14:50:54.427"></status>
</kw>
<status status="PASS" starttime="20200224 14:50:53.933" endtime="20200224 14:50:54.427"></status>
</kw>
<kw name="Verify Page Loaded" library="LandingPage">
<kw name="Wait Until Page Contains" library="SeleniumLibrary">
<doc>Waits until ``text`` appears on the current page.</doc>
<arguments>
<arg>Welcome to our Microblog Platform!</arg>
</arguments>
<status status="PASS" starttime="20200224 14:50:54.428" endtime="20200224 14:50:54.451"></status>
</kw>
<status status="PASS" starttime="20200224 14:50:54.427" endtime="20200224 14:50:54.452"></status>
</kw>
<kw name="Click Element" library="SeleniumLibrary">
<doc>Click the element identified by ``locator``.</doc>
<arguments>
<arg>${LOGINMENU}</arg>
</arguments>
<msg timestamp="20200224 14:50:54.452" level="INFO">Clicking element 'id=loginMenu'.</msg>
<status status="PASS" starttime="20200224 14:50:54.452" endtime="20200224 14:50:54.573"></status>
</kw>
<kw name="Wait Until Page Contains Element" library="SeleniumLibrary">
<doc>Waits until the element ``locator`` appears on the current page.</doc>
<arguments>
<arg>${LOGIN_HEADING}</arg>
</arguments>
<status status="PASS" starttime="20200224 14:50:54.574" endtime="20200224 14:50:54.601"></status>
</kw>
<status status="PASS" starttime="20200224 14:50:53.930" endtime="20200224 14:50:54.601"></status>
</kw>
<kw name="Start login" library="LoginPage">
<arguments>
<arg>${USERNAME}</arg>
<arg>${PWD}</arg>
</arguments>
<kw name="Input Text" library="SeleniumLibrary">
<doc>Types the given ``text`` into the text field identified by ``locator``.</doc>
<arguments>
<arg>${LOGIN_USERNAME_FIELD}</arg>
<arg>${USERNAME}</arg>
</arguments>
<msg timestamp="20200224 14:50:54.602" level="INFO">Typing text 'testuser' into text field 'id=userName'.</msg>
<status status="PASS" starttime="20200224 14:50:54.601" endtime="20200224 14:50:54.751"></status>
</kw>
<kw name="Input Text" library="SeleniumLibrary">
<doc>Types the given ``text`` into the text field identified by ``locator``.</doc>
<arguments>
<arg>${LOGIN_PWD_FIELD}</arg>
<arg>${PWD}</arg>
</arguments>
<msg timestamp="20200224 14:50:54.752" level="INFO">Typing text 'testPwd' into text field 'id=pwd'.</msg>
<status status="PASS" starttime="20200224 14:50:54.752" endtime="20200224 14:50:54.908"></status>
</kw>
<kw name="Click Button" library="SeleniumLibrary">
<doc>Clicks the button identified by ``locator``.</doc>
<arguments>
<arg>${LOGIN_BUTTON}</arg>
</arguments>
<msg timestamp="20200224 14:50:54.910" level="INFO">Clicking button 'id=loginButton'.</msg>
<status status="PASS" starttime="20200224 14:50:54.909" endtime="20200224 14:50:55.018"></status>
</kw>
<status status="PASS" starttime="20200224 14:50:54.601" endtime="20200224 14:50:55.018"></status>
</kw>
<kw name="Login succeeded" library="LoginPage">
<kw name="Wait Until Page Contains" library="SeleniumLibrary">
<doc>Waits until ``text`` appears on the current page.</doc>
<arguments>
<arg>You have logged in</arg>
</arguments>
<status status="PASS" starttime="20200224 14:50:55.019" endtime="20200224 14:50:55.097"></status>
</kw>
<kw name="Page Should Contain" library="SeleniumLibrary">
<doc>Verifies that current page contains ``text``.</doc>
<arguments>
<arg>Home</arg>
</arguments>
<msg timestamp="20200224 14:50:55.121" level="INFO">Current page contains text 'Home'.</msg>
<status status="PASS" starttime="20200224 14:50:55.097" endtime="20200224 14:50:55.122"></status>
</kw>
<status status="PASS" starttime="20200224 14:50:55.018" endtime="20200224 14:50:55.122"></status>
</kw>
<status status="PASS" starttime="20200224 14:50:53.928" endtime="20200224 14:50:55.122"></status>
</kw>
<kw name="Logout" library="SettingPage">
<kw name="Go to setting page" library="SettingPage">
<kw name="Click Element" library="SeleniumLibrary">
<doc>Click the element identified by ``locator``.</doc>
<arguments>
<arg>${SETTING_DROPDOWN}</arg>
</arguments>
<msg timestamp="20200224 14:50:55.123" level="INFO">Clicking element 'id=settingDropdown'.</msg>
<status status="PASS" starttime="20200224 14:50:55.123" endtime="20200224 14:50:55.178"></status>
</kw>
<status status="PASS" starttime="20200224 14:50:55.122" endtime="20200224 14:50:55.178"></status>
</kw>
<kw name="Click Button" library="SeleniumLibrary">
<doc>Clicks the button identified by ``locator``.</doc>
<arguments>
<arg>${LOGOUT_BUTTON}</arg>
</arguments>
<msg timestamp="20200224 14:50:55.179" level="INFO">Clicking button 'id=logoutButton'.</msg>
<status status="PASS" starttime="20200224 14:50:55.178" endtime="20200224 14:50:55.281"></status>
</kw>
<kw name="Wait Until Page Contains" library="SeleniumLibrary">
<doc>Waits until ``text`` appears on the current page.</doc>
<arguments>
<arg>Log in to your account</arg>
</arguments>
<status status="PASS" starttime="20200224 14:50:55.281" endtime="20200224 14:50:55.298"></status>
</kw>
<status status="PASS" starttime="20200224 14:50:55.122" endtime="20200224 14:50:55.298"></status>
</kw>
<kw name="End Web Test" library="Common" type="teardown">
<kw name="Close Browser" library="SeleniumLibrary">
<doc>Closes the current browser.</doc>
<status status="PASS" starttime="20200224 14:50:55.299" endtime="20200224 14:50:55.356"></status>
</kw>
<status status="PASS" starttime="20200224 14:50:55.299" endtime="20200224 14:50:55.357"></status>
</kw>
<status status="PASS" starttime="20200224 14:50:52.394" endtime="20200224 14:50:55.357" critical="yes"></status>
</test>
<test id="s1-s3-t2" name="Can change username">
<kw name="Begin Web Test" library="Common" type="setup">
<kw name="Open Browser" library="SeleniumLibrary">
<doc>Opens a new browser instance to the optional ``url``.</doc>
<arguments>
<arg>about:blank</arg>
<arg>chrome</arg>
</arguments>
<msg timestamp="20200224 14:50:55.358" level="INFO">Opening browser 'chrome' to base url 'about:blank'.</msg>
<status status="PASS" starttime="20200224 14:50:55.358" endtime="20200224 14:50:56.928"></status>
</kw>
<status status="PASS" starttime="20200224 14:50:55.358" endtime="20200224 14:50:56.929"></status>
</kw>
<kw name="Login for other operations" library="LoginPage">
<arguments>
<arg>${USERNAME_1}</arg>
<arg>${PWD_1}</arg>
</arguments>
<kw name="Go to login page" library="LoginPage">
<kw name="Load" library="LandingPage">
<kw name="Go To" library="SeleniumLibrary">
<doc>Navigates the current browser window to the provided ``url``.</doc>
<arguments>
<arg>${START_URL}</arg>
</arguments>
<msg timestamp="20200224 14:50:56.932" level="INFO">Opening url 'http://localhost:3003'</msg>
<status status="PASS" starttime="20200224 14:50:56.932" endtime="20200224 14:50:57.335"></status>
</kw>
<status status="PASS" starttime="20200224 14:50:56.932" endtime="20200224 14:50:57.335"></status>
</kw>
<kw name="Verify Page Loaded" library="LandingPage">
<kw name="Wait Until Page Contains" library="SeleniumLibrary">
<doc>Waits until ``text`` appears on the current page.</doc>
<arguments>
<arg>Welcome to our Microblog Platform!</arg>
</arguments>
<status status="PASS" starttime="20200224 14:50:57.336" endtime="20200224 14:50:57.360"></status>
</kw>
<status status="PASS" starttime="20200224 14:50:57.336" endtime="20200224 14:50:57.361"></status>
</kw>
<kw name="Click Element" library="SeleniumLibrary">
<doc>Click the element identified by ``locator``.</doc>
<arguments>
<arg>${LOGINMENU}</arg>
</arguments>
<msg timestamp="20200224 14:50:57.361" level="INFO">Clicking element 'id=loginMenu'.</msg>
<status status="PASS" starttime="20200224 14:50:57.361" endtime="20200224 14:50:57.493"></status>
</kw>
<kw name="Wait Until Page Contains Element" library="SeleniumLibrary">
<doc>Waits until the element ``locator`` appears on the current page.</doc>
<arguments>
<arg>${LOGIN_HEADING}</arg>
</arguments>
<status status="PASS" starttime="20200224 14:50:57.494" endtime="20200224 14:50:57.523"></status>
</kw>
<status status="PASS" starttime="20200224 14:50:56.931" endtime="20200224 14:50:57.523"></status>
</kw>
<kw name="Start login" library="LoginPage">
<arguments>
<arg>${USERNAME}</arg>
<arg>${PWD}</arg>
</arguments>
<kw name="Input Text" library="SeleniumLibrary">
<doc>Types the given ``text`` into the text field identified by ``locator``.</doc>
<arguments>
<arg>${LOGIN_USERNAME_FIELD}</arg>
<arg>${USERNAME}</arg>
</arguments>
<msg timestamp="20200224 14:50:57.524" level="INFO">Typing text 'testuser' into text field 'id=userName'.</msg>
<status status="PASS" starttime="20200224 14:50:57.523" endtime="20200224 14:50:57.664"></status>
</kw>
<kw name="Input Text" library="SeleniumLibrary">
<doc>Types the given ``text`` into the text field identified by ``locator``.</doc>
<arguments>
<arg>${LOGIN_PWD_FIELD}</arg>
<arg>${PWD}</arg>
</arguments>
<msg timestamp="20200224 14:50:57.665" level="INFO">Typing text 'testPwd' into text field 'id=pwd'.</msg>
<status status="PASS" starttime="20200224 14:50:57.665" endtime="20200224 14:50:57.803"></status>
</kw>
<kw name="Click Button" library="SeleniumLibrary">
<doc>Clicks the button identified by ``locator``.</doc>
<arguments>
<arg>${LOGIN_BUTTON}</arg>
</arguments>
<msg timestamp="20200224 14:50:57.804" level="INFO">Clicking button 'id=loginButton'.</msg>
<status status="PASS" starttime="20200224 14:50:57.803" endtime="20200224 14:50:57.919"></status>
</kw>
<status status="PASS" starttime="20200224 14:50:57.523" endtime="20200224 14:50:57.919"></status>
</kw>
<kw name="Login succeeded" library="LoginPage">
<kw name="Wait Until Page Contains" library="SeleniumLibrary">
<doc>Waits until ``text`` appears on the current page.</doc>
<arguments>
<arg>You have logged in</arg>
</arguments>
<status status="PASS" starttime="20200224 14:50:57.920" endtime="20200224 14:50:57.995"></status>
</kw>
<kw name="Page Should Contain" library="SeleniumLibrary">
<doc>Verifies that current page contains ``text``.</doc>
<arguments>
<arg>Home</arg>
</arguments>
<msg timestamp="20200224 14:50:58.017" level="INFO">Current page contains text 'Home'.</msg>
<status status="PASS" starttime="20200224 14:50:57.995" endtime="20200224 14:50:58.017"></status>
</kw>
<status status="PASS" starttime="20200224 14:50:57.919" endtime="20200224 14:50:58.018"></status>
</kw>
<status status="PASS" starttime="20200224 14:50:56.930" endtime="20200224 14:50:58.018"></status>
</kw>
<kw name="Change username" library="SettingPage">
<arguments>
<arg>newUsername</arg>
</arguments>
<kw name="Go to setting page" library="SettingPage">
<kw name="Click Element" library="SeleniumLibrary">
<doc>Click the element identified by ``locator``.</doc>
<arguments>
<arg>${SETTING_DROPDOWN}</arg>
</arguments>
<msg timestamp="20200224 14:50:58.019" level="INFO">Clicking element 'id=settingDropdown'.</msg>
<status status="PASS" starttime="20200224 14:50:58.018" endtime="20200224 14:50:58.077"></status>
</kw>
<status status="PASS" starttime="20200224 14:50:58.018" endtime="20200224 14:50:58.077"></status>
</kw>
<kw name="Click Element" library="SeleniumLibrary">
<doc>Click the element identified by ``locator``.</doc>
<arguments>
<arg>${ACCOUNT_SETTING_ITEM}</arg>
</arguments>
<msg timestamp="20200224 14:50:58.078" level="INFO">Clicking element 'id=accountSettingItem'.</msg>
<status status="PASS" starttime="20200224 14:50:58.078" endtime="20200224 14:50:58.184"></status>
</kw>
<kw name="Input Text" library="SeleniumLibrary">
<doc>Types the given ``text`` into the text field identified by ``locator``.</doc>
<arguments>
<arg>${NEW_USERNAME_FIELD}</arg>
<arg>${NEW_USERNAME}</arg>
</arguments>
<msg timestamp="20200224 14:50:58.185" level="INFO">Typing text 'newUsername' into text field 'id=newUserNameField'.</msg>
<status status="PASS" starttime="20200224 14:50:58.184" endtime="20200224 14:50:58.427"></status>
</kw>
<status status="PASS" starttime="20200224 14:50:58.018" endtime="20200224 14:50:58.427"></status>
</kw>
<kw name="Username change succeeded" library="SettingPage">
<kw name="Click Button" library="SeleniumLibrary">
<doc>Clicks the button identified by ``locator``.</doc>
<arguments>
<arg>${SAVE_BI_CHANGE_BUTTON}</arg>
</arguments>
<msg timestamp="20200224 14:50:58.429" level="INFO">Clicking button 'id=saveBIChangeButton'.</msg>
<status status="PASS" starttime="20200224 14:50:58.428" endtime="20200224 14:50:59.002"></status>
</kw>
<kw name="Wait Until Page Contains" library="SeleniumLibrary">
<doc>Waits until ``text`` appears on the current page.</doc>
<arguments>
<arg>You have changed your basic information</arg>
</arguments>
<status status="PASS" starttime="20200224 14:50:59.002" endtime="20200224 14:50:59.266"></status>
</kw>
<status status="PASS" starttime="20200224 14:50:58.428" endtime="20200224 14:50:59.266"></status>
</kw>
<kw name="Logout" library="SettingPage">
<kw name="Go to setting page" library="SettingPage">
<kw name="Click Element" library="SeleniumLibrary">
<doc>Click the element identified by ``locator``.</doc>
<arguments>
<arg>${SETTING_DROPDOWN}</arg>
</arguments>
<msg timestamp="20200224 14:50:59.270" level="INFO">Clicking element 'id=settingDropdown'.</msg>
<status status="PASS" starttime="20200224 14:50:59.269" endtime="20200224 14:50:59.376"></status>
</kw>
<status status="PASS" starttime="20200224 14:50:59.268" endtime="20200224 14:50:59.376"></status>
</kw>
<kw name="Click Button" library="SeleniumLibrary">
<doc>Clicks the button identified by ``locator``.</doc>
<arguments>
<arg>${LOGOUT_BUTTON}</arg>
</arguments>
<msg timestamp="20200224 14:50:59.376" level="INFO">Clicking button 'id=logoutButton'.</msg>
<status status="PASS" starttime="20200224 14:50:59.376" endtime="20200224 14:50:59.479"></status>
</kw>
<kw name="Wait Until Page Contains" library="SeleniumLibrary">
<doc>Waits until ``text`` appears on the current page.</doc>
<arguments>
<arg>Log in to your account</arg>
</arguments>
<status status="PASS" starttime="20200224 14:50:59.479" endtime="20200224 14:50:59.495"></status>
</kw>
<status status="PASS" starttime="20200224 14:50:59.267" endtime="20200224 14:50:59.495"></status>
</kw>
<kw name="Login for other operations" library="LoginPage">
<arguments>
<arg>newUsername</arg>
<arg>${PWD_1}</arg>
</arguments>
<kw name="Go to login page" library="LoginPage">
<kw name="Load" library="LandingPage">
<kw name="Go To" library="SeleniumLibrary">
<doc>Navigates the current browser window to the provided ``url``.</doc>
<arguments>
<arg>${START_URL}</arg>
</arguments>
<msg timestamp="20200224 14:50:59.496" level="INFO">Opening url 'http://localhost:3003'</msg>
<status status="PASS" starttime="20200224 14:50:59.496" endtime="20200224 14:50:59.607"></status>
</kw>
<status status="PASS" starttime="20200224 14:50:59.496" endtime="20200224 14:50:59.607"></status>
</kw>
<kw name="Verify Page Loaded" library="LandingPage">
<kw name="Wait Until Page Contains" library="SeleniumLibrary">
<doc>Waits until ``text`` appears on the current page.</doc>
<arguments>
<arg>Welcome to our Microblog Platform!</arg>
</arguments>
<status status="PASS" starttime="20200224 14:50:59.608" endtime="20200224 14:50:59.624"></status>
</kw>
<status status="PASS" starttime="20200224 14:50:59.608" endtime="20200224 14:50:59.625"></status>
</kw>
<kw name="Click Element" library="SeleniumLibrary">
<doc>Click the element identified by ``locator``.</doc>
<arguments>
<arg>${LOGINMENU}</arg>
</arguments>
<msg timestamp="20200224 14:50:59.625" level="INFO">Clicking element 'id=loginMenu'.</msg>
<status status="PASS" starttime="20200224 14:50:59.625" endtime="20200224 14:50:59.679"></status>
</kw>
<kw name="Wait Until Page Contains Element" library="SeleniumLibrary">
<doc>Waits until the element ``locator`` appears on the current page.</doc>
<arguments>
<arg>${LOGIN_HEADING}</arg>
</arguments>
<status status="PASS" starttime="20200224 14:50:59.680" endtime="20200224 14:50:59.698"></status>
</kw>
<status status="PASS" starttime="20200224 14:50:59.496" endtime="20200224 14:50:59.699"></status>
</kw>
<kw name="Start login" library="LoginPage">
<arguments>
<arg>${USERNAME}</arg>
<arg>${PWD}</arg>
</arguments>
<kw name="Input Text" library="SeleniumLibrary">
<doc>Types the given ``text`` into the text field identified by ``locator``.</doc>
<arguments>
<arg>${LOGIN_USERNAME_FIELD}</arg>
<arg>${USERNAME}</arg>
</arguments>
<msg timestamp="20200224 14:50:59.701" level="INFO">Typing text 'newUsername' into text field 'id=userName'.</msg>
<status status="PASS" starttime="20200224 14:50:59.699" endtime="20200224 14:50:59.891"></status>
</kw>
<kw name="Input Text" library="SeleniumLibrary">
<doc>Types the given ``text`` into the text field identified by ``locator``.</doc>
<arguments>
<arg>${LOGIN_PWD_FIELD}</arg>
<arg>${PWD}</arg>
</arguments>
<msg timestamp="20200224 14:50:59.892" level="INFO">Typing text 'testPwd' into text field 'id=pwd'.</msg>
<status status="PASS" starttime="20200224 14:50:59.892" endtime="20200224 14:51:00.046"></status>
</kw>
<kw name="Click Button" library="SeleniumLibrary">
<doc>Clicks the button identified by ``locator``.</doc>
<arguments>
<arg>${LOGIN_BUTTON}</arg>
</arguments>
<msg timestamp="20200224 14:51:00.048" level="INFO">Clicking button 'id=loginButton'.</msg>
<status status="PASS" starttime="20200224 14:51:00.047" endtime="20200224 14:51:00.177"></status>
</kw>
<status status="PASS" starttime="20200224 14:50:59.699" endtime="20200224 14:51:00.178"></status>
</kw>
<kw name="Login succeeded" library="LoginPage">
<kw name="Wait Until Page Contains" library="SeleniumLibrary">
<doc>Waits until ``text`` appears on the current page.</doc>
<arguments>
<arg>You have logged in</arg>
</arguments>
<status status="PASS" starttime="20200224 14:51:00.178" endtime="20200224 14:51:00.227"></status>
</kw>
<kw name="Page Should Contain" library="SeleniumLibrary">
<doc>Verifies that current page contains ``text``.</doc>
<arguments>
<arg>Home</arg>
</arguments>
<msg timestamp="20200224 14:51:00.244" level="INFO">Current page contains text 'Home'.</msg>
<status status="PASS" starttime="20200224 14:51:00.227" endtime="20200224 14:51:00.244"></status>
</kw>
<status status="PASS" starttime="20200224 14:51:00.178" endtime="20200224 14:51:00.244"></status>
</kw>
<status status="PASS" starttime="20200224 14:50:59.495" endtime="20200224 14:51:00.244"></status>
</kw>
<kw name="Change username" library="SettingPage">
<arguments>
<arg>${USERNAME_1}</arg>
</arguments>
<kw name="Go to setting page" library="SettingPage">
<kw name="Click Element" library="SeleniumLibrary">
<doc>Click the element identified by ``locator``.</doc>
<arguments>
<arg>${SETTING_DROPDOWN}</arg>
</arguments>
<msg timestamp="20200224 14:51:00.245" level="INFO">Clicking element 'id=settingDropdown'.</msg>
<status status="PASS" starttime="20200224 14:51:00.245" endtime="20200224 14:51:00.302"></status>
</kw>
<status status="PASS" starttime="20200224 14:51:00.245" endtime="20200224 14:51:00.302"></status>
</kw>
<kw name="Click Element" library="SeleniumLibrary">
<doc>Click the element identified by ``locator``.</doc>
<arguments>
<arg>${ACCOUNT_SETTING_ITEM}</arg>
</arguments>
<msg timestamp="20200224 14:51:00.303" level="INFO">Clicking element 'id=accountSettingItem'.</msg>
<status status="PASS" starttime="20200224 14:51:00.302" endtime="20200224 14:51:00.414"></status>
</kw>
<kw name="Input Text" library="SeleniumLibrary">
<doc>Types the given ``text`` into the text field identified by ``locator``.</doc>
<arguments>
<arg>${NEW_USERNAME_FIELD}</arg>
<arg>${NEW_USERNAME}</arg>
</arguments>
<msg timestamp="20200224 14:51:00.414" level="INFO">Typing text 'testuser' into text field 'id=newUserNameField'.</msg>
<status status="PASS" starttime="20200224 14:51:00.414" endtime="20200224 14:51:00.598"></status>
</kw>
<status status="PASS" starttime="20200224 14:51:00.244" endtime="20200224 14:51:00.599"></status>
</kw>
<kw name="Username change succeeded" library="SettingPage">
<kw name="Click Button" library="SeleniumLibrary">
<doc>Clicks the button identified by ``locator``.</doc>
<arguments>
<arg>${SAVE_BI_CHANGE_BUTTON}</arg>
</arguments>
<msg timestamp="20200224 14:51:00.600" level="INFO">Clicking button 'id=saveBIChangeButton'.</msg>
<status status="PASS" starttime="20200224 14:51:00.600" endtime="20200224 14:51:01.181"></status>
</kw>
<kw name="Wait Until Page Contains" library="SeleniumLibrary">
<doc>Waits until ``text`` appears on the current page.</doc>
<arguments>
<arg>You have changed your basic information</arg>
</arguments>
<status status="PASS" starttime="20200224 14:51:01.182" endtime="20200224 14:51:01.435"></status>
</kw>
<status status="PASS" starttime="20200224 14:51:00.600" endtime="20200224 14:51:01.436"></status>
</kw>
<kw name="End Web Test" library="Common" type="teardown">
<kw name="Close Browser" library="SeleniumLibrary">
<doc>Closes the current browser.</doc>
<status status="PASS" starttime="20200224 14:51:01.438" endtime="20200224 14:51:01.499"></status>
</kw>
<status status="PASS" starttime="20200224 14:51:01.437" endtime="20200224 14:51:01.499"></status>
</kw>
<status status="PASS" starttime="20200224 14:50:55.357" endtime="20200224 14:51:01.500" critical="yes"></status>
</test>
<test id="s1-s3-t3" name="Show error message if new username is already used by another user">
<kw name="Begin Web Test" library="Common" type="setup">
<kw name="Open Browser" library="SeleniumLibrary">
<doc>Opens a new browser instance to the optional ``url``.</doc>
<arguments>
<arg>about:blank</arg>
<arg>chrome</arg>
</arguments>
<msg timestamp="20200224 14:51:01.501" level="INFO">Opening browser 'chrome' to base url 'about:blank'.</msg>
<status status="PASS" starttime="20200224 14:51:01.501" endtime="20200224 14:51:03.027"></status>
</kw>
<status status="PASS" starttime="20200224 14:51:01.501" endtime="20200224 14:51:03.027"></status>
</kw>
<kw name="Login for other operations" library="LoginPage">
<arguments>
<arg>${USERNAME_1}</arg>
<arg>${PWD_1}</arg>
</arguments>
<kw name="Go to login page" library="LoginPage">
<kw name="Load" library="LandingPage">
<kw name="Go To" library="SeleniumLibrary">
<doc>Navigates the current browser window to the provided ``url``.</doc>
<arguments>
<arg>${START_URL}</arg>
</arguments>
<msg timestamp="20200224 14:51:03.029" level="INFO">Opening url 'http://localhost:3003'</msg>
<status status="PASS" starttime="20200224 14:51:03.029" endtime="20200224 14:51:03.454"></status>
</kw>
<status status="PASS" starttime="20200224 14:51:03.029" endtime="20200224 14:51:03.454"></status>
</kw>
<kw name="Verify Page Loaded" library="LandingPage">
<kw name="Wait Until Page Contains" library="SeleniumLibrary">
<doc>Waits until ``text`` appears on the current page.</doc>
<arguments>
<arg>Welcome to our Microblog Platform!</arg>
</arguments>
<status status="PASS" starttime="20200224 14:51:03.456" endtime="20200224 14:51:03.479"></status>
</kw>
<status status="PASS" starttime="20200224 14:51:03.454" endtime="20200224 14:51:03.479"></status>
</kw>
<kw name="Click Element" library="SeleniumLibrary">
<doc>Click the element identified by ``locator``.</doc>
<arguments>
<arg>${LOGINMENU}</arg>
</arguments>
<msg timestamp="20200224 14:51:03.480" level="INFO">Clicking element 'id=loginMenu'.</msg>
<status status="PASS" starttime="20200224 14:51:03.479" endtime="20200224 14:51:03.542"></status>
</kw>
<kw name="Wait Until Page Contains Element" library="SeleniumLibrary">
<doc>Waits until the element ``locator`` appears on the current page.</doc>
<arguments>
<arg>${LOGIN_HEADING}</arg>
</arguments>
<status status="PASS" starttime="20200224 14:51:03.542" endtime="20200224 14:51:03.638"></status>
</kw>
<status status="PASS" starttime="20200224 14:51:03.028" endtime="20200224 14:51:03.638"></status>
</kw>
<kw name="Start login" library="LoginPage">
<arguments>
<arg>${USERNAME}</arg>
<arg>${PWD}</arg>
</arguments>
<kw name="Input Text" library="SeleniumLibrary">
<doc>Types the given ``text`` into the text field identified by ``locator``.</doc>
<arguments>
<arg>${LOGIN_USERNAME_FIELD}</arg>
<arg>${USERNAME}</arg>
</arguments>
<msg timestamp="20200224 14:51:03.639" level="INFO">Typing text 'testuser' into text field 'id=userName'.</msg>
<status status="PASS" starttime="20200224 14:51:03.639" endtime="20200224 14:51:03.772"></status>
</kw>
<kw name="Input Text" library="SeleniumLibrary">
<doc>Types the given ``text`` into the text field identified by ``locator``.</doc>
<arguments>
<arg>${LOGIN_PWD_FIELD}</arg>
<arg>${PWD}</arg>
</arguments>
<msg timestamp="20200224 14:51:03.772" level="INFO">Typing text 'testPwd' into text field 'id=pwd'.</msg>
<status status="PASS" starttime="20200224 14:51:03.772" endtime="20200224 14:51:03.909"></status>
</kw>
<kw name="Click Button" library="SeleniumLibrary">
<doc>Clicks the button identified by ``locator``.</doc>
<arguments>
<arg>${LOGIN_BUTTON}</arg>
</arguments>
<msg timestamp="20200224 14:51:03.910" level="INFO">Clicking button 'id=loginButton'.</msg>
<status status="PASS" starttime="20200224 14:51:03.909" endtime="20200224 14:51:04.005"></status>
</kw>
<status status="PASS" starttime="20200224 14:51:03.638" endtime="20200224 14:51:04.005"></status>
</kw>
<kw name="Login succeeded" library="LoginPage">
<kw name="Wait Until Page Contains" library="SeleniumLibrary">
<doc>Waits until ``text`` appears on the current page.</doc>
<arguments>
<arg>You have logged in</arg>
</arguments>
<status status="PASS" starttime="20200224 14:51:04.006" endtime="20200224 14:51:04.076"></status>
</kw>
<kw name="Page Should Contain" library="SeleniumLibrary">
<doc>Verifies that current page contains ``text``.</doc>
<arguments>
<arg>Home</arg>
</arguments>
<msg timestamp="20200224 14:51:04.097" level="INFO">Current page contains text 'Home'.</msg>
<status status="PASS" starttime="20200224 14:51:04.076" endtime="20200224 14:51:04.098"></status>
</kw>
<status status="PASS" starttime="20200224 14:51:04.005" endtime="20200224 14:51:04.098"></status>
</kw>
<status status="PASS" starttime="20200224 14:51:03.028" endtime="20200224 14:51:04.098"></status>
</kw>
<kw name="Change username" library="SettingPage">
<arguments>
<arg>${USERNAME_2}</arg>
</arguments>
<kw name="Go to setting page" library="SettingPage">
<kw name="Click Element" library="SeleniumLibrary">
<doc>Click the element identified by ``locator``.</doc>
<arguments>
<arg>${SETTING_DROPDOWN}</arg>
</arguments>
<msg timestamp="20200224 14:51:04.101" level="INFO">Clicking element 'id=settingDropdown'.</msg>
<status status="PASS" starttime="20200224 14:51:04.101" endtime="20200224 14:51:04.166"></status>
</kw>
<status status="PASS" starttime="20200224 14:51:04.099" endtime="20200224 14:51:04.166"></status>
</kw>
<kw name="Click Element" library="SeleniumLibrary">
<doc>Click the element identified by ``locator``.</doc>
<arguments>
<arg>${ACCOUNT_SETTING_ITEM}</arg>
</arguments>
<msg timestamp="20200224 14:51:04.167" level="INFO">Clicking element 'id=accountSettingItem'.</msg>
<status status="PASS" starttime="20200224 14:51:04.166" endtime="20200224 14:51:04.270"></status>
</kw>
<kw name="Input Text" library="SeleniumLibrary">
<doc>Types the given ``text`` into the text field identified by ``locator``.</doc>
<arguments>
<arg>${NEW_USERNAME_FIELD}</arg>
<arg>${NEW_USERNAME}</arg>
</arguments>
<msg timestamp="20200224 14:51:04.271" level="INFO">Typing text 'testUser2' into text field 'id=newUserNameField'.</msg>
<status status="PASS" starttime="20200224 14:51:04.271" endtime="20200224 14:51:04.455"></status>
</kw>
<status status="PASS" starttime="20200224 14:51:04.098" endtime="20200224 14:51:04.455"></status>
</kw>
<kw name="Display error" library="SettingPage">
<arguments>
<arg>User name is already existed</arg>
</arguments>
<kw name="Wait Until Page Contains" library="SeleniumLibrary">
<doc>Waits until ``text`` appears on the current page.</doc>
<arguments>
<arg>${error}</arg>
</arguments>
<status status="PASS" starttime="20200224 14:51:04.456" endtime="20200224 14:51:04.472"></status>
</kw>
<status status="PASS" starttime="20200224 14:51:04.455" endtime="20200224 14:51:04.472"></status>
</kw>
<kw name="End Web Test" library="Common" type="teardown">
<kw name="Close Browser" library="SeleniumLibrary">
<doc>Closes the current browser.</doc>
<status status="PASS" starttime="20200224 14:51:04.473" endtime="20200224 14:51:04.533"></status>
</kw>
<status status="PASS" starttime="20200224 14:51:04.473" endtime="20200224 14:51:04.533"></status>
</kw>
<status status="PASS" starttime="20200224 14:51:01.500" endtime="20200224 14:51:04.533" critical="yes"></status>
</test>
<test id="s1-s3-t4" name="Can change password">
<kw name="Begin Web Test" library="Common" type="setup">
<kw name="Open Browser" library="SeleniumLibrary">
<doc>Opens a new browser instance to the optional ``url``.</doc>
<arguments>
<arg>about:blank</arg>
<arg>chrome</arg>
</arguments>
<msg timestamp="20200224 14:51:04.534" level="INFO">Opening browser 'chrome' to base url 'about:blank'.</msg>
<status status="PASS" starttime="20200224 14:51:04.534" endtime="20200224 14:51:06.091"></status>
</kw>
<status status="PASS" starttime="20200224 14:51:04.534" endtime="20200224 14:51:06.091"></status>
</kw>
<kw name="Login for other operations" library="LoginPage">
<arguments>
<arg>${USERNAME_1}</arg>
<arg>${PWD_1}</arg>
</arguments>
<kw name="Go to login page" library="LoginPage">
<kw name="Load" library="LandingPage">
<kw name="Go To" library="SeleniumLibrary">
<doc>Navigates the current browser window to the provided ``url``.</doc>
<arguments>
<arg>${START_URL}</arg>
</arguments>
<msg timestamp="20200224 14:51:06.094" level="INFO">Opening url 'http://localhost:3003'</msg>
<status status="PASS" starttime="20200224 14:51:06.094" endtime="20200224 14:51:06.520"></status>
</kw>
<status status="PASS" starttime="20200224 14:51:06.093" endtime="20200224 14:51:06.520"></status>
</kw>
<kw name="Verify Page Loaded" library="LandingPage">
<kw name="Wait Until Page Contains" library="SeleniumLibrary">
<doc>Waits until ``text`` appears on the current page.</doc>
<arguments>
<arg>Welcome to our Microblog Platform!</arg>
</arguments>
<status status="PASS" starttime="20200224 14:51:06.521" endtime="20200224 14:51:06.540"></status>
</kw>
<status status="PASS" starttime="20200224 14:51:06.520" endtime="20200224 14:51:06.540"></status>
</kw>
<kw name="Click Element" library="SeleniumLibrary">
<doc>Click the element identified by ``locator``.</doc>
<arguments>
<arg>${LOGINMENU}</arg>
</arguments>
<msg timestamp="20200224 14:51:06.541" level="INFO">Clicking element 'id=loginMenu'.</msg>
<status status="PASS" starttime="20200224 14:51:06.540" endtime="20200224 14:51:06.668"></status>
</kw>
<kw name="Wait Until Page Contains Element" library="SeleniumLibrary">
<doc>Waits until the element ``locator`` appears on the current page.</doc>
<arguments>
<arg>${LOGIN_HEADING}</arg>
</arguments>
<status status="PASS" starttime="20200224 14:51:06.668" endtime="20200224 14:51:06.691"></status>
</kw>
<status status="PASS" starttime="20200224 14:51:06.092" endtime="20200224 14:51:06.691"></status>
</kw>
<kw name="Start login" library="LoginPage">
<arguments>
<arg>${USERNAME}</arg>
<arg>${PWD}</arg>
</arguments>
<kw name="Input Text" library="SeleniumLibrary">
<doc>Types the given ``text`` into the text field identified by ``locator``.</doc>
<arguments>
<arg>${LOGIN_USERNAME_FIELD}</arg>
<arg>${USERNAME}</arg>
</arguments>
<msg timestamp="20200224 14:51:06.692" level="INFO">Typing text 'testuser' into text field 'id=userName'.</msg>
<status status="PASS" starttime="20200224 14:51:06.692" endtime="20200224 14:51:06.837"></status>
</kw>
<kw name="Input Text" library="SeleniumLibrary">
<doc>Types the given ``text`` into the text field identified by ``locator``.</doc>
<arguments>
<arg>${LOGIN_PWD_FIELD}</arg>
<arg>${PWD}</arg>
</arguments>
<msg timestamp="20200224 14:51:06.837" level="INFO">Typing text 'testPwd' into text field 'id=pwd'.</msg>
<status status="PASS" starttime="20200224 14:51:06.837" endtime="20200224 14:51:06.983"></status>
</kw>
<kw name="Click Button" library="SeleniumLibrary">
<doc>Clicks the button identified by ``locator``.</doc>
<arguments>
<arg>${LOGIN_BUTTON}</arg>
</arguments>
<msg timestamp="20200224 14:51:06.985" level="INFO">Clicking button 'id=loginButton'.</msg>
<status status="PASS" starttime="20200224 14:51:06.984" endtime="20200224 14:51:07.093"></status>
</kw>
<status status="PASS" starttime="20200224 14:51:06.691" endtime="20200224 14:51:07.093"></status>
</kw>
<kw name="Login succeeded" library="LoginPage">
<kw name="Wait Until Page Contains" library="SeleniumLibrary">
<doc>Waits until ``text`` appears on the current page.</doc>
<arguments>
<arg>You have logged in</arg>
</arguments>
<status status="PASS" starttime="20200224 14:51:07.094" endtime="20200224 14:51:07.173"></status>
</kw>
<kw name="Page Should Contain" library="SeleniumLibrary">
<doc>Verifies that current page contains ``text``.</doc>
<arguments>
<arg>Home</arg>
</arguments>
<msg timestamp="20200224 14:51:07.193" level="INFO">Current page contains text 'Home'.</msg>
<status status="PASS" starttime="20200224 14:51:07.174" endtime="20200224 14:51:07.193"></status>
</kw>
<status status="PASS" starttime="20200224 14:51:07.094" endtime="20200224 14:51:07.194"></status>
</kw>
<status status="PASS" starttime="20200224 14:51:06.092" endtime="20200224 14:51:07.195"></status>
</kw>
<kw name="Change password" library="SettingPage">
<arguments>
<arg>${PWD_1}</arg>
<arg>newPwd</arg>
<arg>newPwd</arg>
</arguments>
<kw name="Go to setting page" library="SettingPage">
<kw name="Click Element" library="SeleniumLibrary">
<doc>Click the element identified by ``locator``.</doc>
<arguments>
<arg>${SETTING_DROPDOWN}</arg>
</arguments>
<msg timestamp="20200224 14:51:07.196" level="INFO">Clicking element 'id=settingDropdown'.</msg>
<status status="PASS" starttime="20200224 14:51:07.196" endtime="20200224 14:51:07.266"></status>
</kw>
<status status="PASS" starttime="20200224 14:51:07.196" endtime="20200224 14:51:07.266"></status>
</kw>
<kw name="Click Element" library="SeleniumLibrary">
<doc>Click the element identified by ``locator``.</doc>
<arguments>
<arg>${ACCOUNT_SETTING_ITEM}</arg>
</arguments>
<msg timestamp="20200224 14:51:07.266" level="INFO">Clicking element 'id=accountSettingItem'.</msg>
<status status="PASS" starttime="20200224 14:51:07.266" endtime="20200224 14:51:07.416"></status>
</kw>
<kw name="Input Text" library="SeleniumLibrary">
<doc>Types the given ``text`` into the text field identified by ``locator``.</doc>
<arguments>
<arg>${OLD_PWD_FIELD}</arg>
<arg>${OLD_PWD}</arg>
</arguments>
<msg timestamp="20200224 14:51:07.419" level="INFO">Typing text 'testPwd' into text field 'id=oldPwdField'.</msg>
<status status="PASS" starttime="20200224 14:51:07.417" endtime="20200224 14:51:07.585"></status>
</kw>
<kw name="Input Text" library="SeleniumLibrary">
<doc>Types the given ``text`` into the text field identified by ``locator``.</doc>
<arguments>
<arg>${NEW_PWD_FIELD}</arg>
<arg>${NEW_PWD}</arg>
</arguments>
<msg timestamp="20200224 14:51:07.586" level="INFO">Typing text 'newPwd' into text field 'id=newPwdField'.</msg>
<status status="PASS" starttime="20200224 14:51:07.585" endtime="20200224 14:51:07.731"></status>
</kw>
<kw name="Input Text" library="SeleniumLibrary">
<doc>Types the given ``text`` into the text field identified by ``locator``.</doc>
<arguments>
<arg>${PWD_CONFIRM_FIELD}</arg>
<arg>${PWD_CONFIRM}</arg>
</arguments>
<msg timestamp="20200224 14:51:07.732" level="INFO">Typing text 'newPwd' into text field 'id=pwdConfirmField'.</msg>
<status status="PASS" starttime="20200224 14:51:07.731" endtime="20200224 14:51:07.890"></status>
</kw>
<kw name="Click Button" library="SeleniumLibrary">
<doc>Clicks the button identified by ``locator``.</doc>
<arguments>
<arg>${PWD_SAVE_BUTTON}</arg>
</arguments>
<msg timestamp="20200224 14:51:07.891" level="INFO">Clicking button 'id=pwdSaveButton'.</msg>
<status status="PASS" starttime="20200224 14:51:07.890" endtime="20200224 14:51:08.030"></status>
</kw>
<status status="PASS" starttime="20200224 14:51:07.195" endtime="20200224 14:51:08.031"></status>
</kw>
<kw name="Password change succeeded" library="SettingPage">
<kw name="Wait Until Page Contains" library="SeleniumLibrary">
<doc>Waits until ``text`` appears on the current page.</doc>
<arguments>
<arg>You have changed your password</arg>
</arguments>
<status status="PASS" starttime="20200224 14:51:08.035" endtime="20200224 14:51:08.361"></status>
</kw>
<status status="PASS" starttime="20200224 14:51:08.032" endtime="20200224 14:51:08.362"></status>
</kw>
<kw name="Logout" library="SettingPage">
<kw name="Go to setting page" library="SettingPage">
<kw name="Click Element" library="SeleniumLibrary">
<doc>Click the element identified by ``locator``.</doc>
<arguments>
<arg>${SETTING_DROPDOWN}</arg>
</arguments>
<msg timestamp="20200224 14:51:08.366" level="INFO">Clicking element 'id=settingDropdown'.</msg>
<status status="PASS" starttime="20200224 14:51:08.365" endtime="20200224 14:51:08.499"></status>
</kw>
<status status="PASS" starttime="20200224 14:51:08.364" endtime="20200224 14:51:08.499"></status>
</kw>
<kw name="Click Button" library="SeleniumLibrary">
<doc>Clicks the button identified by ``locator``.</doc>
<arguments>
<arg>${LOGOUT_BUTTON}</arg>
</arguments>
<msg timestamp="20200224 14:51:08.500" level="INFO">Clicking button 'id=logoutButton'.</msg>
<status status="PASS" starttime="20200224 14:51:08.500" endtime="20200224 14:51:08.618"></status>
</kw>
[...]
<status status="PASS" starttime="20200224 14:51:09.796" endtime="20200224 14:51:09.954"></status>
</kw>
<kw name="Click Button" library="SeleniumLibrary">
<doc>Clicks the button identified by ``locator``.</doc>
<arguments>
<arg>${PWD_SAVE_BUTTON}</arg>
</arguments>
<msg timestamp="20200224 14:51:09.954" level="INFO">Clicking button 'id=pwdSaveButton'.</msg>
<status status="PASS" starttime="20200224 14:51:09.954" endtime="20200224 14:51:10.051"></status>
</kw>
<status status="PASS" starttime="20200224 14:51:09.283" endtime="20200224 14:51:10.051"></status>
</kw>
<kw name="Password change succeeded" library="SettingPage">
<kw name="Wait Until Page Contains" library="SeleniumLibrary">
<doc>Waits until ``text`` appears on the current page.</doc>
<arguments>
<arg>You have changed your password</arg>
</arguments>
<status status="PASS" starttime="20200224 14:51:10.052" endtime="20200224 14:51:10.306"></status>
</kw>
<status status="PASS" starttime="20200224 14:51:10.052" endtime="20200224 14:51:10.307"></status>
</kw>
<kw name="End Web Test" library="Common" type="teardown">
<kw name="Close Browser" library="SeleniumLibrary">
<doc>Closes the current browser.</doc>
<status status="PASS" starttime="20200224 14:51:10.309" endtime="20200224 14:51:10.381"></status>
</kw>
<status status="PASS" starttime="20200224 14:51:10.308" endtime="20200224 14:51:10.382"></status>
</kw>
<status status="PASS" starttime="20200224 14:51:04.533" endtime="20200224 14:51:10.382" critical="yes"></status>
</test>
<test id="s1-s3-t5" name="Show error message when old password is wrong">
<kw name="Begin Web Test" library="Common" type="setup">
<kw name="Open Browser" library="SeleniumLibrary">
<doc>Opens a new browser instance to the optional ``url``.</doc>
<arguments>
<arg>about:blank</arg>
<arg>chrome</arg>
</arguments>
<msg timestamp="20200224 14:51:10.386" level="INFO">Opening browser 'chrome' to base url 'about:blank'.</msg>
<status status="PASS" starttime="20200224 14:51:10.385" endtime="20200224 14:51:11.900"></status>
</kw>
<status status="PASS" starttime="20200224 14:51:10.384" endtime="20200224 14:51:11.900"></status>
</kw>
<kw name="Login for other operations" library="LoginPage">
<arguments>
<arg>${USERNAME_1}</arg>
<arg>${PWD_1}</arg>
</arguments>
<kw name="Go to login page" library="LoginPage">
<kw name="Load" library="LandingPage">
<kw name="Go To" library="SeleniumLibrary">
<doc>Navigates the current browser window to the provided ``url``.</doc>
<arguments>
<arg>${START_URL}</arg>
</arguments>
<msg timestamp="20200224 14:51:11.905" level="INFO">Opening url 'http://localhost:3003'</msg>
<status status="PASS" starttime="20200224 14:51:11.905" endtime="20200224 14:51:12.312"></status>
</kw>
<status status="PASS" starttime="20200224 14:51:11.904" endtime="20200224 14:51:12.312"></status>
</kw>
<kw name="Verify Page Loaded" library="LandingPage">
<kw name="Wait Until Page Contains" library="SeleniumLibrary">
<doc>Waits until ``text`` appears on the current page.</doc>
<arguments>
<arg>Welcome to our Microblog Platform!</arg>
</arguments>
<status status="PASS" starttime="20200224 14:51:12.313" endtime="20200224 14:51:12.341"></status>
</kw>
<status status="PASS" starttime="20200224 14:51:12.312" endtime="20200224 14:51:12.341"></status>
</kw>
<kw name="Click Element" library="SeleniumLibrary">
<doc>Click the element identified by ``locator``.</doc>
<arguments>
<arg>${LOGINMENU}</arg>
</arguments>
<msg timestamp="20200224 14:51:12.342" level="INFO">Clicking element 'id=loginMenu'.</msg>
<status status="PASS" starttime="20200224 14:51:12.341" endtime="20200224 14:51:12.470"></status>
</kw>
<kw name="Wait Until Page Contains Element" library="SeleniumLibrary">
<doc>Waits until the element ``locator`` appears on the current page.</doc>
<arguments>
<arg>${LOGIN_HEADING}</arg>
</arguments>
<status status="PASS" starttime="20200224 14:51:12.470" endtime="20200224 14:51:12.497"></status>
</kw>
<status status="PASS" starttime="20200224 14:51:11.902" endtime="20200224 14:51:12.497"></status>
</kw>
<kw name="Start login" library="LoginPage">
<arguments>
<arg>${USERNAME}</arg>
<arg>${PWD}</arg>
</arguments>
<kw name="Input Text" library="SeleniumLibrary">
<doc>Types the given ``text`` into the text field identified by ``locator``.</doc>
<arguments>
<arg>${LOGIN_USERNAME_FIELD}</arg>
<arg>${USERNAME}</arg>
</arguments>
<msg timestamp="20200224 14:51:12.498" level="INFO">Typing text 'testuser' into text field 'id=userName'.</msg>
<status status="PASS" starttime="20200224 14:51:12.498" endtime="20200224 14:51:12.638"></status>
</kw>
<kw name="Input Text" library="SeleniumLibrary">
<doc>Types the given ``text`` into the text field identified by ``locator``.</doc>
<arguments>
<arg>${LOGIN_PWD_FIELD}</arg>
<arg>${PWD}</arg>
</arguments>
<msg timestamp="20200224 14:51:12.638" level="INFO">Typing text 'testPwd' into text field 'id=pwd'.</msg>
<status status="PASS" starttime="20200224 14:51:12.638" endtime="20200224 14:51:12.779"></status>
</kw>
<kw name="Click Button" library="SeleniumLibrary">
<doc>Clicks the button identified by ``locator``.</doc>
<arguments>
<arg>${LOGIN_BUTTON}</arg>
</arguments>
<msg timestamp="20200224 14:51:12.779" level="INFO">Clicking button 'id=loginButton'.</msg>
<status status="PASS" starttime="20200224 14:51:12.779" endtime="20200224 14:51:12.876"></status>
</kw>
<status status="PASS" starttime="20200224 14:51:12.497" endtime="20200224 14:51:12.876"></status>
</kw>
<kw name="Login succeeded" library="LoginPage">
<kw name="Wait Until Page Contains" library="SeleniumLibrary">
<doc>Waits until ``text`` appears on the current page.</doc>
<arguments>
<arg>You have logged in</arg>
</arguments>
<status status="PASS" starttime="20200224 14:51:12.877" endtime="20200224 14:51:12.947"></status>
</kw>
<kw name="Page Should Contain" library="SeleniumLibrary">
<doc>Verifies that current page contains ``text``.</doc>
<arguments>
<arg>Home</arg>
</arguments>
<msg timestamp="20200224 14:51:12.973" level="INFO">Current page contains text 'Home'.</msg>
<status status="PASS" starttime="20200224 14:51:12.947" endtime="20200224 14:51:12.973"></status>
</kw>
<status status="PASS" starttime="20200224 14:51:12.876" endtime="20200224 14:51:12.973"></status>
</kw>
<status status="PASS" starttime="20200224 14:51:11.901" endtime="20200224 14:51:12.973"></status>
</kw>
<kw name="Change password" library="SettingPage">
<arguments>
<arg>wrongPwd</arg>
<arg>newPwd</arg>
<arg>newPwd</arg>
</arguments>
<kw name="Go to setting page" library="SettingPage">
<kw name="Click Element" library="SeleniumLibrary">
<doc>Click the element identified by ``locator``.</doc>
<arguments>
<arg>${SETTING_DROPDOWN}</arg>
</arguments>
<msg timestamp="20200224 14:51:12.974" level="INFO">Clicking element 'id=settingDropdown'.</msg>
<status status="PASS" starttime="20200224 14:51:12.974" endtime="20200224 14:51:13.030"></status>
</kw>
<status status="PASS" starttime="20200224 14:51:12.973" endtime="20200224 14:51:13.031"></status>
</kw>
<kw name="Click Element" library="SeleniumLibrary">
<doc>Click the element identified by ``locator``.</doc>
<arguments>
<arg>${ACCOUNT_SETTING_ITEM}</arg>
</arguments>
<msg timestamp="20200224 14:51:13.031" level="INFO">Clicking element 'id=accountSettingItem'.</msg>
<status status="PASS" starttime="20200224 14:51:13.031" endtime="20200224 14:51:13.128"></status>
</kw>
<kw name="Input Text" library="SeleniumLibrary">
<doc>Types the given ``text`` into the text field identified by ``locator``.</doc>
<arguments>
<arg>${OLD_PWD_FIELD}</arg>
<arg>${OLD_PWD}</arg>
</arguments>
<msg timestamp="20200224 14:51:13.128" level="INFO">Typing text 'wrongPwd' into text field 'id=oldPwdField'.</msg>
<status status="PASS" starttime="20200224 14:51:13.128" endtime="20200224 14:51:13.293"></status>
</kw>
<kw name="Input Text" library="SeleniumLibrary">
<doc>Types the given ``text`` into the text field identified by ``locator``.</doc>
<arguments>
<arg>${NEW_PWD_FIELD}</arg>
<arg>${NEW_PWD}</arg>
</arguments>
<msg timestamp="20200224 14:51:13.293" level="INFO">Typing text 'newPwd' into text field 'id=newPwdField'.</msg>
<status status="PASS" starttime="20200224 14:51:13.293" endtime="20200224 14:51:13.445"></status>
</kw>
<kw name="Input Text" library="SeleniumLibrary">
<doc>Types the given ``text`` into the text field identified by ``locator``.</doc>
<arguments>
<arg>${PWD_CONFIRM_FIELD}</arg>
<arg>${PWD_CONFIRM}</arg>
</arguments>
<msg timestamp="20200224 14:51:13.445" level="INFO">Typing text 'newPwd' into text field 'id=pwdConfirmField'.</msg>
<status status="PASS" starttime="20200224 14:51:13.445" endtime="20200224 14:51:13.586"></status>
</kw>
<kw name="Click Button" library="SeleniumLibrary">
<doc>Clicks the button identified by ``locator``.</doc>
<arguments>
<arg>${PWD_SAVE_BUTTON}</arg>
</arguments>
<msg timestamp="20200224 14:51:13.587" level="INFO">Clicking button 'id=pwdSaveButton'.</msg>
<status status="PASS" starttime="20200224 14:51:13.587" endtime="20200224 14:51:13.692"></status>
</kw>
<status status="PASS" starttime="20200224 14:51:12.973" endtime="20200224 14:51:13.693"></status>
</kw>
<kw name="Display error" library="SettingPage">
<arguments>
<arg>Fail to change password, please make sure that your old password is correct</arg>
</arguments>
<kw name="Wait Until Page Contains" library="SeleniumLibrary">
<doc>Waits until ``text`` appears on the current page.</doc>
<arguments>
<arg>${error}</arg>
</arguments>
<status status="PASS" starttime="20200224 14:51:13.693" endtime="20200224 14:51:13.729"></status>
</kw>
<status status="PASS" starttime="20200224 14:51:13.693" endtime="20200224 14:51:13.729"></status>
</kw>
<kw name="End Web Test" library="Common" type="teardown">
<kw name="Close Browser" library="SeleniumLibrary">
<doc>Closes the current browser.</doc>
<status status="PASS" starttime="20200224 14:51:13.731" endtime="20200224 14:51:13.791"></status>
</kw>
<status status="PASS" starttime="20200224 14:51:13.729" endtime="20200224 14:51:13.792"></status>
</kw>
<status status="PASS" starttime="20200224 14:51:10.383" endtime="20200224 14:51:13.792" critical="yes"></status>
</test>
<doc>Test register</doc>
<status status="PASS" starttime="20200224 14:50:52.374" endtime="20200224 14:51:13.795"></status>
</suite>
<suite id="s1-s4" name="04 Blog" source="/home/local/luoyumo/Desktop/microblog_backend/tests/robot_tests/Tests/04_Blog.robot">
<test id="s1-s4-t1" name="Can add a new blog">
<kw name="Begin Web Test" library="Common" type="setup">
<kw name="Open Browser" library="SeleniumLibrary">
<doc>Opens a new browser instance to the optional ``url``.</doc>
<arguments>
<arg>about:blank</arg>
<arg>chrome</arg>
</arguments>
<msg timestamp="20200224 14:51:13.817" level="INFO">Opening browser 'chrome' to base url 'about:blank'.</msg>
<status status="PASS" starttime="20200224 14:51:13.816" endtime="20200224 14:51:15.383"></status>
</kw>
<status status="PASS" starttime="20200224 14:51:13.816" endtime="20200224 14:51:15.383"></status>
</kw>
<kw name="Login for other operations" library="LoginPage">
<arguments>
<arg>${USERNAME_1}</arg>
<arg>${PWD_1}</arg>
</arguments>
<kw name="Go to login page" library="LoginPage">
<kw name="Load" library="LandingPage">
<kw name="Go To" library="SeleniumLibrary">
<doc>Navigates the current browser window to the provided ``url``.</doc>
<arguments>
<arg>${START_URL}</arg>
</arguments>
<msg timestamp="20200224 14:51:15.385" level="INFO">Opening url 'http://localhost:3003'</msg>
<status status="PASS" starttime="20200224 14:51:15.385" endtime="20200224 14:51:15.814"></status>
</kw>
<status status="PASS" starttime="20200224 14:51:15.385" endtime="20200224 14:51:15.814"></status>
</kw>
<kw name="Verify Page Loaded" library="LandingPage">
<kw name="Wait Until Page Contains" library="SeleniumLibrary">
<doc>Waits until ``text`` appears on the current page.</doc>
<arguments>
<arg>Welcome to our Microblog Platform!</arg>
</arguments>
<status status="PASS" starttime="20200224 14:51:15.815" endtime="20200224 14:51:15.837"></status>
</kw>
<status status="PASS" starttime="20200224 14:51:15.815" endtime="20200224 14:51:15.837"></status>
</kw>
<kw name="Click Element" library="SeleniumLibrary">
<doc>Click the element identified by ``locator``.</doc>
<arguments>
<arg>${LOGINMENU}</arg>
</arguments>
<msg timestamp="20200224 14:51:15.838" level="INFO">Clicking element 'id=loginMenu'.</msg>
<status status="PASS" starttime="20200224 14:51:15.837" endtime="20200224 14:51:15.968"></status>
</kw>
<kw name="Wait Until Page Contains Element" library="SeleniumLibrary">
<doc>Waits until the element ``locator`` appears on the current page.</doc>
<arguments>
<arg>${LOGIN_HEADING}</arg>
</arguments>
<status status="PASS" starttime="20200224 14:51:15.968" endtime="20200224 14:51:15.991"></status>
</kw>
<status status="PASS" starttime="20200224 14:51:15.384" endtime="20200224 14:51:15.991"></status>
</kw>
<kw name="Start login" library="LoginPage">
<arguments>
<arg>${USERNAME}</arg>
<arg>${PWD}</arg>
</arguments>
<kw name="Input Text" library="SeleniumLibrary">
<doc>Types the given ``text`` into the text field identified by ``locator``.</doc>
<arguments>
<arg>${LOGIN_USERNAME_FIELD}</arg>
<arg>${USERNAME}</arg>
</arguments>
<msg timestamp="20200224 14:51:15.991" level="INFO">Typing text 'testuser' into text field 'id=userName'.</msg>
<status status="PASS" starttime="20200224 14:51:15.991" endtime="20200224 14:51:16.137"></status>
</kw>
<kw name="Input Text" library="SeleniumLibrary">
<doc>Types the given ``text`` into the text field identified by ``locator``.</doc>
<arguments>
<arg>${LOGIN_PWD_FIELD}</arg>
<arg>${PWD}</arg>
</arguments>
<msg timestamp="20200224 14:51:16.138" level="INFO">Typing text 'testPwd' into text field 'id=pwd'.</msg>
<status status="PASS" starttime="20200224 14:51:16.137" endtime="20200224 14:51:16.275"></status>
</kw>
<kw name="Click Button" library="SeleniumLibrary">
<doc>Clicks the button identified by ``locator``.</doc>
<arguments>
<arg>${LOGIN_BUTTON}</arg>
</arguments>
<msg timestamp="20200224 14:51:16.275" level="INFO">Clicking button 'id=loginButton'.</msg>
<status status="PASS" starttime="20200224 14:51:16.275" endtime="20200224 14:51:16.372"></status>
</kw>
<status status="PASS" starttime="20200224 14:51:15.991" endtime="20200224 14:51:16.373"></status>
</kw>
<kw name="Login succeeded" library="LoginPage">
<kw name="Wait Until Page Contains" library="SeleniumLibrary">
<doc>Waits until ``text`` appears on the current page.</doc>
<arguments>
<arg>You have logged in</arg>
</arguments>
<status status="PASS" starttime="20200224 14:51:16.373" endtime="20200224 14:51:16.454"></status>
</kw>
<kw name="Page Should Contain" library="SeleniumLibrary">
<doc>Verifies that current page contains ``text``.</doc>
<arguments>
<arg>Home</arg>
</arguments>
<msg timestamp="20200224 14:51:16.469" level="INFO">Current page contains text 'Home'.</msg>
<status status="PASS" starttime="20200224 14:51:16.454" endtime="20200224 14:51:16.469"></status>
</kw>
<status status="PASS" starttime="20200224 14:51:16.373" endtime="20200224 14:51:16.469"></status>
</kw>
<status status="PASS" starttime="20200224 14:51:15.384" endtime="20200224 14:51:16.469"></status>
</kw>
<kw name="Add a blog" library="AddBlog">
<arguments>
<arg>${BLOG_CONTENT}</arg>
<arg>/home/local/luoyumo/Desktop/microblog_backend/tests/robot_tests/Tests${/}testImage.png</arg>
</arguments>
<kw name="Input Text" library="SeleniumLibrary">
<doc>Types the given ``text`` into the text field identified by ``locator``.</doc>
<arguments>
<arg>${BLOG_TEXT_FIELD}</arg>
<arg>${BLOG_CONTNT}</arg>
</arguments>
<msg timestamp="20200224 14:51:16.470" level="INFO">Typing text 'This is a new blog' into text field 'id=blogTextField'.</msg>
<status status="PASS" starttime="20200224 14:51:16.470" endtime="20200224 14:51:16.656"></status>
</kw>
<kw name="Click Button" library="SeleniumLibrary">
<doc>Clicks the button identified by ``locator``.</doc>
<arguments>
<arg>${INSERT_IMAGE_BUTTON}</arg>
</arguments>
<msg timestamp="20200224 14:51:16.656" level="INFO">Clicking button 'id=insertImageButton'.</msg>
<status status="PASS" starttime="20200224 14:51:16.656" endtime="20200224 14:51:16.945"></status>
</kw>
<kw name="Choose File" library="SeleniumLibrary">
<doc>Inputs the ``file_path`` into the file input field ``locator``.</doc>
<arguments>
<arg>${FILE_INPUT}</arg>
<arg>${FILE_PATH}</arg>
</arguments>
<msg timestamp="20200224 14:51:16.945" level="INFO">Sending /home/local/luoyumo/Desktop/microblog_backend/tests/robot_tests/Tests/testImage.png to browser.</msg>
<status status="PASS" starttime="20200224 14:51:16.945" endtime="20200224 14:51:17.126"></status>
</kw>
<kw name="Wait Until Page Contains Element" library="SeleniumLibrary">
<doc>Waits until the element ``locator`` appears on the current page.</doc>
<arguments>
<arg>${IMAGE}</arg>
</arguments>
<status status="PASS" starttime="20200224 14:51:17.126" endtime="20200224 14:51:17.147"></status>
</kw>
<kw name="Click Button" library="SeleniumLibrary">
<doc>Clicks the button identified by ``locator``.</doc>
<arguments>
<arg>${PUBLISH_BLOG_BUTTON}</arg>
</arguments>
<msg timestamp="20200224 14:51:17.148" level="INFO">Clicking button 'id=publishBlogButton'.</msg>
<status status="PASS" starttime="20200224 14:51:17.147" endtime="20200224 14:51:17.232"></status>
</kw>
<status status="PASS" starttime="20200224 14:51:16.470" endtime="20200224 14:51:17.232"></status>
</kw>
<kw name="Blog has been published successfully" library="AddBlog">
<arguments>
<arg>${BLOG_CONTENT}</arg>
</arguments>
<kw name="Wait Until Page Contains" library="SeleniumLibrary">
<doc>Waits until ``text`` appears on the current page.</doc>
<arguments>
<arg>You created a blog</arg>
</arguments>
<status status="PASS" starttime="20200224 14:51:17.233" endtime="20200224 14:51:17.491"></status>
</kw>
<kw name="Click Element" library="SeleniumLibrary">
<doc>Click the element identified by ``locator``.</doc>
<arguments>
<arg>${PROFILE_MENU}</arg>
</arguments>
<msg timestamp="20200224 14:51:17.492" level="INFO">Clicking element 'id=profileMenu'.</msg>
<status status="PASS" starttime="20200224 14:51:17.492" endtime="20200224 14:51:17.622"></status>
</kw>
<kw name="Wait Until Page Contains" library="SeleniumLibrary">
<doc>Waits until ``text`` appears on the current page.</doc>
<arguments>
<arg>${BLOG_CONTNT}</arg>
</arguments>
<status status="PASS" starttime="20200224 14:51:17.622" endtime="20200224 14:51:17.899"></status>
</kw>
<status status="PASS" starttime="20200224 14:51:17.233" endtime="20200224 14:51:17.900"></status>
</kw>
<kw name="End Web Test" library="Common" type="teardown">
<kw name="Close Browser" library="SeleniumLibrary">
<doc>Closes the current browser.</doc>
<status status="PASS" starttime="20200224 14:51:17.902" endtime="20200224 14:51:17.971"></status>
</kw>
<status status="PASS" starttime="20200224 14:51:17.901" endtime="20200224 14:51:17.971"></status>
</kw>
<status status="PASS" starttime="20200224 14:51:13.815" endtime="20200224 14:51:17.972" critical="yes"></status>
</test>
<doc>Test register</doc>
<status status="PASS" starttime="20200224 14:51:13.800" endtime="20200224 14:51:17.973"></status>
</suite>
<status status="PASS" starttime="20200224 14:50:30.861" endtime="20200224 14:51:17.984"></status>
</suite>
<statistics>
<total>
<stat pass="13" fail="0">Critical Tests</stat>
<stat pass="13" fail="0">All Tests</stat>
</total>
<tag>
<stat pass="2" fail="0">Login</stat>
<stat pass="5" fail="0">Register</stat>
</tag>
<suite>
<stat pass="13" fail="0" id="s1" name="Tests">Tests</stat>
<stat pass="5" fail="0" id="s1-s1" name="01 Register">Tests.01 Register</stat>
<stat pass="2" fail="0" id="s1-s2" name="02 Login">Tests.02 Login</stat>
<stat pass="5" fail="0" id="s1-s3" name="03 Setting">Tests.03 Setting</stat>
<stat pass="1" fail="0" id="s1-s4" name="04 Blog">Tests.04 Blog</stat>
</suite>
</statistics>
<errors>
</errors>
</robot>
